+ cd /pylon5/ac5610p/janegao/image-reconstruction-2019/code/
+ python main.py
2019-06-24 17:00:51.005244: I tensorflow/core/platform/cpu_feature_guard.cc:141] Your CPU supports instructions that this TensorFlow binary was not compiled to use: SSE4.1 SSE4.2 AVX AVX2 FMA
2019-06-24 17:00:51.022600: I tensorflow/core/platform/profile_utils/cpu_utils.cc:94] CPU Frequency: 2294660000 Hz
2019-06-24 17:00:51.031477: I tensorflow/compiler/xla/service/service.cc:150] XLA service 0x55b645fa9b70 executing computations on platform Host. Devices:
2019-06-24 17:00:51.031549: I tensorflow/compiler/xla/service/service.cc:158]   StreamExecutor device (0): <undefined>, <undefined>
OMP: Info #212: KMP_AFFINITY: decoding x2APIC ids.
OMP: Info #210: KMP_AFFINITY: Affinity capable, using global cpuid leaf 11 info
OMP: Info #154: KMP_AFFINITY: Initial OS proc set respected: 0-27
OMP: Info #156: KMP_AFFINITY: 28 available OS procs
OMP: Info #157: KMP_AFFINITY: Uniform topology
OMP: Info #179: KMP_AFFINITY: 2 packages x 14 cores/pkg x 1 threads/core (28 total cores)
OMP: Info #214: KMP_AFFINITY: OS proc to physical thread map:
OMP: Info #171: KMP_AFFINITY: OS proc 0 maps to package 0 core 0 
OMP: Info #171: KMP_AFFINITY: OS proc 14 maps to package 0 core 1 
OMP: Info #171: KMP_AFFINITY: OS proc 1 maps to package 0 core 2 
OMP: Info #171: KMP_AFFINITY: OS proc 15 maps to package 0 core 3 
OMP: Info #171: KMP_AFFINITY: OS proc 2 maps to package 0 core 4 
OMP: Info #171: KMP_AFFINITY: OS proc 16 maps to package 0 core 5 
OMP: Info #171: KMP_AFFINITY: OS proc 3 maps to package 0 core 6 
OMP: Info #171: KMP_AFFINITY: OS proc 17 maps to package 0 core 8 
OMP: Info #171: KMP_AFFINITY: OS proc 4 maps to package 0 core 9 
OMP: Info #171: KMP_AFFINITY: OS proc 18 maps to package 0 core 10 
OMP: Info #171: KMP_AFFINITY: OS proc 5 maps to package 0 core 11 
OMP: Info #171: KMP_AFFINITY: OS proc 19 maps to package 0 core 12 
OMP: Info #171: KMP_AFFINITY: OS proc 6 maps to package 0 core 13 
OMP: Info #171: KMP_AFFINITY: OS proc 20 maps to package 0 core 14 
OMP: Info #171: KMP_AFFINITY: OS proc 7 maps to package 1 core 0 
OMP: Info #171: KMP_AFFINITY: OS proc 21 maps to package 1 core 1 
OMP: Info #171: KMP_AFFINITY: OS proc 8 maps to package 1 core 2 
OMP: Info #171: KMP_AFFINITY: OS proc 22 maps to package 1 core 3 
OMP: Info #171: KMP_AFFINITY: OS proc 9 maps to package 1 core 4 
OMP: Info #171: KMP_AFFINITY: OS proc 23 maps to package 1 core 5 
OMP: Info #171: KMP_AFFINITY: OS proc 10 maps to package 1 core 6 
OMP: Info #171: KMP_AFFINITY: OS proc 24 maps to package 1 core 8 
OMP: Info #171: KMP_AFFINITY: OS proc 11 maps to package 1 core 9 
OMP: Info #171: KMP_AFFINITY: OS proc 25 maps to package 1 core 10 
OMP: Info #171: KMP_AFFINITY: OS proc 12 maps to package 1 core 11 
OMP: Info #171: KMP_AFFINITY: OS proc 26 maps to package 1 core 12 
OMP: Info #171: KMP_AFFINITY: OS proc 13 maps to package 1 core 13 
OMP: Info #171: KMP_AFFINITY: OS proc 27 maps to package 1 core 14 
OMP: Info #250: KMP_AFFINITY: pid 26258 tid 26258 thread 0 bound to OS proc set 0
2019-06-24 17:00:51.034810: I tensorflow/core/common_runtime/process_util.cc:71] Creating new thread pool with default inter op setting: 2. Tune using inter_op_parallelism_threads for best performance.
Using TensorFlow backend.
WARNING:tensorflow:From /home/janegao/.conda/envs/env/lib/python3.7/site-packages/tensorflow/python/framework/op_def_library.py:263: colocate_with (from tensorflow.python.framework.ops) is deprecated and will be removed in a future version.
Instructions for updating:
Colocations handled automatically by placer.
WARNING:tensorflow:From /home/janegao/.conda/envs/env/lib/python3.7/site-packages/tensorflow/python/ops/math_ops.py:3066: to_int32 (from tensorflow.python.ops.math_ops) is deprecated and will be removed in a future version.
Instructions for updating:
Use tf.cast instead.
OMP: Info #250: KMP_AFFINITY: pid 26258 tid 26332 thread 1 bound to OS proc set 7
OMP: Info #250: KMP_AFFINITY: pid 26258 tid 26378 thread 2 bound to OS proc set 14
OMP: Info #250: KMP_AFFINITY: pid 26258 tid 26380 thread 4 bound to OS proc set 1
OMP: Info #250: KMP_AFFINITY: pid 26258 tid 26379 thread 3 bound to OS proc set 21
OMP: Info #250: KMP_AFFINITY: pid 26258 tid 26382 thread 6 bound to OS proc set 15
OMP: Info #250: KMP_AFFINITY: pid 26258 tid 26381 thread 5 bound to OS proc set 8
OMP: Info #250: KMP_AFFINITY: pid 26258 tid 26385 thread 9 bound to OS proc set 9
OMP: Info #250: KMP_AFFINITY: pid 26258 tid 26383 thread 7 bound to OS proc set 22
OMP: Info #250: KMP_AFFINITY: pid 26258 tid 26384 thread 8 bound to OS proc set 2
OMP: Info #250: KMP_AFFINITY: pid 26258 tid 26386 thread 10 bound to OS proc set 16
OMP: Info #250: KMP_AFFINITY: pid 26258 tid 26387 thread 11 bound to OS proc set 23
OMP: Info #250: KMP_AFFINITY: pid 26258 tid 26388 thread 12 bound to OS proc set 3
OMP: Info #250: KMP_AFFINITY: pid 26258 tid 26389 thread 13 bound to OS proc set 10
OMP: Info #250: KMP_AFFINITY: pid 26258 tid 26390 thread 14 bound to OS proc set 17
OMP: Info #250: KMP_AFFINITY: pid 26258 tid 26391 thread 15 bound to OS proc set 24
OMP: Info #250: KMP_AFFINITY: pid 26258 tid 26392 thread 16 bound to OS proc set 4
OMP: Info #250: KMP_AFFINITY: pid 26258 tid 26393 thread 17 bound to OS proc set 11
OMP: Info #250: KMP_AFFINITY: pid 26258 tid 26394 thread 18 bound to OS proc set 18
OMP: Info #250: KMP_AFFINITY: pid 26258 tid 26395 thread 19 bound to OS proc set 25
OMP: Info #250: KMP_AFFINITY: pid 26258 tid 26396 thread 20 bound to OS proc set 5
OMP: Info #250: KMP_AFFINITY: pid 26258 tid 26397 thread 21 bound to OS proc set 12
OMP: Info #250: KMP_AFFINITY: pid 26258 tid 26398 thread 22 bound to OS proc set 19
OMP: Info #250: KMP_AFFINITY: pid 26258 tid 26399 thread 23 bound to OS proc set 26
OMP: Info #250: KMP_AFFINITY: pid 26258 tid 26400 thread 24 bound to OS proc set 6
OMP: Info #250: KMP_AFFINITY: pid 26258 tid 26401 thread 25 bound to OS proc set 13
OMP: Info #250: KMP_AFFINITY: pid 26258 tid 26402 thread 26 bound to OS proc set 20
OMP: Info #250: KMP_AFFINITY: pid 26258 tid 26403 thread 27 bound to OS proc set 27
OMP: Info #250: KMP_AFFINITY: pid 26258 tid 26404 thread 28 bound to OS proc set 0
OMP: Info #250: KMP_AFFINITY: pid 26258 tid 26333 thread 29 bound to OS proc set 7
OMP: Info #250: KMP_AFFINITY: pid 26258 tid 26406 thread 31 bound to OS proc set 21
OMP: Info #250: KMP_AFFINITY: pid 26258 tid 26405 thread 30 bound to OS proc set 14
OMP: Info #250: KMP_AFFINITY: pid 26258 tid 26407 thread 32 bound to OS proc set 1
OMP: Info #250: KMP_AFFINITY: pid 26258 tid 26408 thread 33 bound to OS proc set 8
OMP: Info #250: KMP_AFFINITY: pid 26258 tid 26409 thread 34 bound to OS proc set 15
OMP: Info #250: KMP_AFFINITY: pid 26258 tid 26410 thread 35 bound to OS proc set 22
OMP: Info #250: KMP_AFFINITY: pid 26258 tid 26411 thread 36 bound to OS proc set 2
OMP: Info #250: KMP_AFFINITY: pid 26258 tid 26412 thread 37 bound to OS proc set 9
OMP: Info #250: KMP_AFFINITY: pid 26258 tid 26413 thread 38 bound to OS proc set 16
OMP: Info #250: KMP_AFFINITY: pid 26258 tid 26414 thread 39 bound to OS proc set 23
OMP: Info #250: KMP_AFFINITY: pid 26258 tid 26415 thread 40 bound to OS proc set 3
OMP: Info #250: KMP_AFFINITY: pid 26258 tid 26416 thread 41 bound to OS proc set 10
OMP: Info #250: KMP_AFFINITY: pid 26258 tid 26417 thread 42 bound to OS proc set 17
OMP: Info #250: KMP_AFFINITY: pid 26258 tid 26418 thread 43 bound to OS proc set 24
OMP: Info #250: KMP_AFFINITY: pid 26258 tid 26419 thread 44 bound to OS proc set 4
OMP: Info #250: KMP_AFFINITY: pid 26258 tid 26420 thread 45 bound to OS proc set 11
OMP: Info #250: KMP_AFFINITY: pid 26258 tid 26421 thread 46 bound to OS proc set 18
OMP: Info #250: KMP_AFFINITY: pid 26258 tid 26422 thread 47 bound to OS proc set 25
OMP: Info #250: KMP_AFFINITY: pid 26258 tid 26423 thread 48 bound to OS proc set 5
OMP: Info #250: KMP_AFFINITY: pid 26258 tid 26424 thread 49 bound to OS proc set 12
OMP: Info #250: KMP_AFFINITY: pid 26258 tid 26425 thread 50 bound to OS proc set 19
OMP: Info #250: KMP_AFFINITY: pid 26258 tid 26426 thread 51 bound to OS proc set 26
OMP: Info #250: KMP_AFFINITY: pid 26258 tid 26427 thread 52 bound to OS proc set 6
OMP: Info #250: KMP_AFFINITY: pid 26258 tid 26428 thread 53 bound to OS proc set 13
OMP: Info #250: KMP_AFFINITY: pid 26258 tid 26429 thread 54 bound to OS proc set 20
OMP: Info #250: KMP_AFFINITY: pid 26258 tid 26430 thread 55 bound to OS proc set 27
OMP: Info #250: KMP_AFFINITY: pid 26258 tid 26431 thread 56 bound to OS proc set 0
index for selecting frames
range(0, 2000, 4)
index for selecting frames
range(0, 2000, 4)
_________________________________________________________________
Layer (type)                 Output Shape              Param #   
=================================================================
conv2d_1 (Conv2D)            (None, 128, 128, 64)      5248      
_________________________________________________________________
conv2d_2 (Conv2D)            (None, 128, 128, 32)      2080      
_________________________________________________________________
conv2d_3 (Conv2D)            (None, 128, 128, 1)       801       
=================================================================
Total params: 8,129
Trainable params: 8,129
Non-trainable params: 0
_________________________________________________________________
None
Train on 320 samples, validate on 80 samples
Epoch 1/1000
 - 28s - loss: 866.6822 - ssim_for2d: 0.7889 - psnr_for2d: 19.5135 - val_loss: 500.7529 - val_ssim_for2d: 0.8779 - val_psnr_for2d: 21.1350
Epoch 2/1000
 - 27s - loss: 421.3054 - ssim_for2d: 0.8906 - psnr_for2d: 21.8992 - val_loss: 418.7806 - val_ssim_for2d: 0.8875 - val_psnr_for2d: 21.9129
Epoch 3/1000
 - 28s - loss: 340.1333 - ssim_for2d: 0.8985 - psnr_for2d: 22.8276 - val_loss: 365.5927 - val_ssim_for2d: 0.8909 - val_psnr_for2d: 22.5057
Epoch 4/1000
 - 27s - loss: 284.9580 - ssim_for2d: 0.9032 - psnr_for2d: 23.5983 - val_loss: 322.6934 - val_ssim_for2d: 0.8935 - val_psnr_for2d: 23.0521
Epoch 5/1000
 - 27s - loss: 245.5787 - ssim_for2d: 0.9066 - psnr_for2d: 24.2460 - val_loss: 304.2621 - val_ssim_for2d: 0.8956 - val_psnr_for2d: 23.3112
Epoch 6/1000
 - 27s - loss: 222.7005 - ssim_for2d: 0.9097 - psnr_for2d: 24.6737 - val_loss: 291.3960 - val_ssim_for2d: 0.8972 - val_psnr_for2d: 23.5035
Epoch 7/1000
 - 27s - loss: 207.9797 - ssim_for2d: 0.9116 - psnr_for2d: 24.9736 - val_loss: 282.7447 - val_ssim_for2d: 0.8981 - val_psnr_for2d: 23.6369
Epoch 8/1000
 - 27s - loss: 195.8563 - ssim_for2d: 0.9134 - psnr_for2d: 25.2366 - val_loss: 276.3775 - val_ssim_for2d: 0.8983 - val_psnr_for2d: 23.7381
Epoch 9/1000
 - 27s - loss: 186.1641 - ssim_for2d: 0.9143 - psnr_for2d: 25.4604 - val_loss: 268.2824 - val_ssim_for2d: 0.8996 - val_psnr_for2d: 23.8708
Epoch 10/1000
 - 28s - loss: 178.5989 - ssim_for2d: 0.9153 - psnr_for2d: 25.6430 - val_loss: 256.9975 - val_ssim_for2d: 0.9004 - val_psnr_for2d: 24.0612
Epoch 11/1000
 - 28s - loss: 169.7290 - ssim_for2d: 0.9171 - psnr_for2d: 25.8658 - val_loss: 253.0248 - val_ssim_for2d: 0.9023 - val_psnr_for2d: 24.1321
Epoch 12/1000
 - 27s - loss: 163.2862 - ssim_for2d: 0.9185 - psnr_for2d: 26.0366 - val_loss: 252.0896 - val_ssim_for2d: 0.9022 - val_psnr_for2d: 24.1477
Epoch 13/1000
 - 27s - loss: 155.0664 - ssim_for2d: 0.9200 - psnr_for2d: 26.2645 - val_loss: 244.4539 - val_ssim_for2d: 0.9036 - val_psnr_for2d: 24.2888
Epoch 14/1000
 - 27s - loss: 148.9063 - ssim_for2d: 0.9209 - psnr_for2d: 26.4435 - val_loss: 242.5351 - val_ssim_for2d: 0.9043 - val_psnr_for2d: 24.3235
Epoch 15/1000
 - 27s - loss: 142.7823 - ssim_for2d: 0.9218 - psnr_for2d: 26.6270 - val_loss: 238.8771 - val_ssim_for2d: 0.9047 - val_psnr_for2d: 24.3900
Epoch 16/1000
 - 27s - loss: 138.4291 - ssim_for2d: 0.9224 - psnr_for2d: 26.7641 - val_loss: 226.2135 - val_ssim_for2d: 0.9071 - val_psnr_for2d: 24.6397
Epoch 17/1000
 - 27s - loss: 133.8757 - ssim_for2d: 0.9230 - psnr_for2d: 26.9095 - val_loss: 230.2214 - val_ssim_for2d: 0.9060 - val_psnr_for2d: 24.5688
Epoch 18/1000
 - 27s - loss: 129.7654 - ssim_for2d: 0.9238 - psnr_for2d: 27.0461 - val_loss: 220.6794 - val_ssim_for2d: 0.9080 - val_psnr_for2d: 24.7532
Epoch 19/1000
 - 27s - loss: 125.8479 - ssim_for2d: 0.9246 - psnr_for2d: 27.1842 - val_loss: 219.3604 - val_ssim_for2d: 0.9076 - val_psnr_for2d: 24.7860
Epoch 20/1000
 - 27s - loss: 121.5925 - ssim_for2d: 0.9252 - psnr_for2d: 27.3348 - val_loss: 212.6225 - val_ssim_for2d: 0.9077 - val_psnr_for2d: 24.9332
Epoch 21/1000
 - 27s - loss: 118.5614 - ssim_for2d: 0.9256 - psnr_for2d: 27.4450 - val_loss: 221.2705 - val_ssim_for2d: 0.9071 - val_psnr_for2d: 24.7537
Epoch 22/1000
 - 27s - loss: 116.1567 - ssim_for2d: 0.9261 - psnr_for2d: 27.5361 - val_loss: 213.4175 - val_ssim_for2d: 0.9085 - val_psnr_for2d: 24.9199
Epoch 23/1000
 - 27s - loss: 112.9393 - ssim_for2d: 0.9269 - psnr_for2d: 27.6598 - val_loss: 207.5405 - val_ssim_for2d: 0.9103 - val_psnr_for2d: 25.0463
Epoch 24/1000
 - 27s - loss: 110.6819 - ssim_for2d: 0.9276 - psnr_for2d: 27.7494 - val_loss: 208.0709 - val_ssim_for2d: 0.9097 - val_psnr_for2d: 25.0427
Epoch 25/1000
 - 27s - loss: 108.2497 - ssim_for2d: 0.9282 - psnr_for2d: 27.8442 - val_loss: 202.6099 - val_ssim_for2d: 0.9109 - val_psnr_for2d: 25.1604
Epoch 26/1000
 - 27s - loss: 105.5711 - ssim_for2d: 0.9290 - psnr_for2d: 27.9573 - val_loss: 212.4866 - val_ssim_for2d: 0.9100 - val_psnr_for2d: 24.9481
Epoch 27/1000
 - 27s - loss: 103.1190 - ssim_for2d: 0.9296 - psnr_for2d: 28.0618 - val_loss: 196.7077 - val_ssim_for2d: 0.9125 - val_psnr_for2d: 25.2981
Epoch 28/1000
 - 27s - loss: 101.8054 - ssim_for2d: 0.9300 - psnr_for2d: 28.1153 - val_loss: 202.3339 - val_ssim_for2d: 0.9111 - val_psnr_for2d: 25.1669
Epoch 29/1000
 - 27s - loss: 100.0637 - ssim_for2d: 0.9306 - psnr_for2d: 28.1937 - val_loss: 197.1516 - val_ssim_for2d: 0.9121 - val_psnr_for2d: 25.2907
Epoch 30/1000
 - 27s - loss: 98.0446 - ssim_for2d: 0.9313 - psnr_for2d: 28.2803 - val_loss: 195.6249 - val_ssim_for2d: 0.9122 - val_psnr_for2d: 25.3276
Epoch 31/1000
 - 32s - loss: 97.5272 - ssim_for2d: 0.9315 - psnr_for2d: 28.3053 - val_loss: 193.5976 - val_ssim_for2d: 0.9133 - val_psnr_for2d: 25.3777
Epoch 32/1000
 - 27s - loss: 95.4651 - ssim_for2d: 0.9322 - psnr_for2d: 28.3986 - val_loss: 192.9009 - val_ssim_for2d: 0.9143 - val_psnr_for2d: 25.3846
Epoch 33/1000
 - 27s - loss: 95.4240 - ssim_for2d: 0.9326 - psnr_for2d: 28.3989 - val_loss: 197.3087 - val_ssim_for2d: 0.9138 - val_psnr_for2d: 25.2871
Epoch 34/1000
 - 28s - loss: 92.3435 - ssim_for2d: 0.9334 - psnr_for2d: 28.5468 - val_loss: 190.5486 - val_ssim_for2d: 0.9143 - val_psnr_for2d: 25.4486
Epoch 35/1000
 - 27s - loss: 91.2896 - ssim_for2d: 0.9339 - psnr_for2d: 28.5953 - val_loss: 199.1168 - val_ssim_for2d: 0.9140 - val_psnr_for2d: 25.2485
Epoch 36/1000
 - 29s - loss: 90.8483 - ssim_for2d: 0.9341 - psnr_for2d: 28.6165 - val_loss: 188.7290 - val_ssim_for2d: 0.9156 - val_psnr_for2d: 25.4939
Epoch 37/1000
 - 27s - loss: 89.3706 - ssim_for2d: 0.9347 - psnr_for2d: 28.6882 - val_loss: 192.6532 - val_ssim_for2d: 0.9157 - val_psnr_for2d: 25.3991
Epoch 38/1000
 - 27s - loss: 88.1519 - ssim_for2d: 0.9351 - psnr_for2d: 28.7494 - val_loss: 187.6533 - val_ssim_for2d: 0.9165 - val_psnr_for2d: 25.5187
Epoch 39/1000
 - 27s - loss: 87.5209 - ssim_for2d: 0.9355 - psnr_for2d: 28.7799 - val_loss: 194.5888 - val_ssim_for2d: 0.9156 - val_psnr_for2d: 25.3445
Epoch 40/1000
 - 27s - loss: 88.2416 - ssim_for2d: 0.9354 - psnr_for2d: 28.7431 - val_loss: 186.2823 - val_ssim_for2d: 0.9171 - val_psnr_for2d: 25.5562
Epoch 41/1000
 - 28s - loss: 85.7290 - ssim_for2d: 0.9363 - psnr_for2d: 28.8720 - val_loss: 183.6023 - val_ssim_for2d: 0.9173 - val_psnr_for2d: 25.6208
Epoch 42/1000
 - 28s - loss: 85.7683 - ssim_for2d: 0.9365 - psnr_for2d: 28.8685 - val_loss: 190.1394 - val_ssim_for2d: 0.9166 - val_psnr_for2d: 25.4552
Epoch 43/1000
 - 27s - loss: 84.5455 - ssim_for2d: 0.9369 - psnr_for2d: 28.9327 - val_loss: 186.8788 - val_ssim_for2d: 0.9171 - val_psnr_for2d: 25.5383
Epoch 44/1000
 - 27s - loss: 83.1094 - ssim_for2d: 0.9374 - psnr_for2d: 29.0060 - val_loss: 185.7514 - val_ssim_for2d: 0.9179 - val_psnr_for2d: 25.5720
 
batch, amount, resolution: 5 500 64 -> 128
()
()
()
()
()
()
()
()
()
()
()
()
()
()
()
()
()
()
()
()
()
()
()
()
()
()
()
()
()
()
()
()
()
()
()
()
()
()
()
()
()
()
()
()
()
()
()
()
()
()
()
()
()
()
()
()
()
()
()
()
()
()
()
()
()
()
()
()
()
()
()
()
()
()
()
()
()
()
()
()
()
()
()
()
()
()
()
()
()
()
()
()
()
()
()
()
()
()
()
()
()
()
()
()
()
()
()
()
()
()
()
()
()
()
()
()
()
()
()
()
()
()
()
()
()
()
()
()
()
()
()
()
()
()
()
()
()
()
()
()
()
()
()
()
()
()
()
()
()
()
()
()
()
()
()
()
()
()
()
()
()
()
()
()
()
()
()
()
()
()
()
()
()
()
()
()
()
()
()
()
()
()
()
()
()
()
()
()
()
()
()
()
()
()
()
()
()
()
()
()
()
()
()
()
()
()
()
()
()
()
()
()
()
()
()
()
()
()
()
()
()
()
()
()
()
()
()
()
()
()
()
()
()
()
()
()
()
()
()
()
()
()
()
()
()
()
()
()
()
()
()
()
()
()
()
()
()
()
()
()
()
()
()
()
()
()
()
()
()
()
()
()
()
()
()
()
()
()
()
()
()
()
()
()
()
()
()
()
()
()
()
()
()
()
()
()
()
()
()
()
()
()
()
()
()
()
()
()
()
()
()
()
()
()
()
()
()
()
()
()
()
()
()
()
()
()
()
()
()
()
()
()
()
()
()
()
()
()
()
()
()
()
()
()
()
()
()
()
()
()
()
()
()
()
()
()
()
()
()
()
()
()
()
()
()
()
()
()
()
()
()
()
()
()
()
()
()
()
()
()
()
()
()
()
()
()
()
()
()
()
()
()
()
()
()
()
()
()
()
()
()
()
()
()
()
()
()
()
()
()
()
()
()
()
()
()
()
()
()
()
()
()
()
()
()
()
()
()
()
()
()
()
()
()
()
()
()
()
()
()
()
()
()
()
()
()
()
()
()
()
()
()
()
()
()
()
()
()
()
()
()
()
()
()
()
()
()
()
()
()
()
()
()
()
()
()
()
()
()
()
()
()
()
()
()
()
()
()
()
()
()
()
()
()
()
()
()
()
()
()
()
()
()
()
()
()
()
()
()
()
()
()
()
()
()
()
()
()
()
()
()
()
()
()
()
()
()
()
()
()
()
()
()
()
()
()
()
()
()
()
()
()
()
()
()
()
()
()
()
()
()
()
()
()
()
()
()
()
()
()
()
()
()
()
()
()
()
()
()
()
()
()
()
()
()
()
()
()
()
()
()
()
()
()
()
()
()
()
()
()
()
()
()
()
()
()
()
()
()
()
without processed by neural network:
psnr =  20.26266496181488
ssim =  0.8795055717229843
performance after processed by nerual network:
psnr:  28.356641845703123
ssim:  0.9337360692024231
performance of predicted images:
psnr, ssim for raw data: 20.2119718170166 0.8704641950130463
psnr, ssim for predicted result: 17.82917251586914 0.8360035645961762
mae, mse for raw data: 62.7815234375 16.413831787109373
mae, mse for predicted result 4.4848577451705935 306.07633682250975
