Using TensorFlow backend.
2019-07-03 09:34:42.337584: I tensorflow/core/platform/cpu_feature_guard.cc:141] Your CPU supports instructions that this TensorFlow binary was not compiled to use: SSE4.1 SSE4.2
2019-07-03 09:34:42.436657: I tensorflow/core/platform/profile_utils/cpu_utils.cc:94] CPU Frequency: 2660235000 Hz
2019-07-03 09:34:42.442660: I tensorflow/compiler/xla/service/service.cc:150] XLA service 0x55986f13c050 executing computations on platform Host. Devices:
2019-07-03 09:34:42.442753: I tensorflow/compiler/xla/service/service.cc:158]   StreamExecutor device (0): <undefined>, <undefined>
2019-07-03 09:34:42.707671: I tensorflow/stream_executor/cuda/cuda_gpu_executor.cc:998] successful NUMA node read from SysFS had negative value (-1), but there must be at least one NUMA node, so returning NUMA node zero
2019-07-03 09:34:42.708196: I tensorflow/core/common_runtime/gpu/gpu_device.cc:1433] Found device 0 with properties: 
name: GeForce GTX 1650 major: 7 minor: 5 memoryClockRate(GHz): 1.665
pciBusID: 0000:0f:00.0
totalMemory: 3.82GiB freeMemory: 3.52GiB
2019-07-03 09:34:42.708230: I tensorflow/core/common_runtime/gpu/gpu_device.cc:1512] Adding visible gpu devices: 0
2019-07-03 09:34:42.720701: I tensorflow/core/common_runtime/gpu/gpu_device.cc:984] Device interconnect StreamExecutor with strength 1 edge matrix:
2019-07-03 09:34:42.720723: I tensorflow/core/common_runtime/gpu/gpu_device.cc:990]      0 
2019-07-03 09:34:42.720733: I tensorflow/core/common_runtime/gpu/gpu_device.cc:1003] 0:   N 
2019-07-03 09:34:42.720855: I tensorflow/core/common_runtime/gpu/gpu_device.cc:1115] Created TensorFlow device (/job:localhost/replica:0/task:0/device:GPU:0 with 3302 MB memory) -> physical GPU (device: 0, name: GeForce GTX 1650, pci bus id: 0000:0f:00.0, compute capability: 7.5)
2019-07-03 09:34:42.733582: I tensorflow/compiler/xla/service/service.cc:150] XLA service 0x55986ef65ed0 executing computations on platform CUDA. Devices:
2019-07-03 09:34:42.733608: I tensorflow/compiler/xla/service/service.cc:158]   StreamExecutor device (0): GeForce GTX 1650, Compute Capability 7.5
loading the whole csv file (3288, 64, 64, 1)
loading the whole csv file (3288, 64, 64, 1)
shape before reshape (3288, 1, 64, 64)
2019-07-03 09:34:59.845829: I tensorflow/core/common_runtime/gpu/gpu_device.cc:1512] Adding visible gpu devices: 0
2019-07-03 09:34:59.845946: I tensorflow/core/common_runtime/gpu/gpu_device.cc:984] Device interconnect StreamExecutor with strength 1 edge matrix:
2019-07-03 09:34:59.845962: I tensorflow/core/common_runtime/gpu/gpu_device.cc:990]      0 
2019-07-03 09:34:59.845973: I tensorflow/core/common_runtime/gpu/gpu_device.cc:1003] 0:   N 
2019-07-03 09:34:59.846091: I tensorflow/core/common_runtime/gpu/gpu_device.cc:1115] Created TensorFlow device (/job:localhost/replica:0/task:0/device:GPU:0 with 3302 MB memory) -> physical GPU (device: 0, name: GeForce GTX 1650, pci bus id: 0000:0f:00.0, compute capability: 7.5)
2019-07-03 09:35:05.882988: I tensorflow/core/common_runtime/gpu/gpu_device.cc:1512] Adding visible gpu devices: 0
2019-07-03 09:35:05.883067: I tensorflow/core/common_runtime/gpu/gpu_device.cc:984] Device interconnect StreamExecutor with strength 1 edge matrix:
2019-07-03 09:35:05.883081: I tensorflow/core/common_runtime/gpu/gpu_device.cc:990]      0 
2019-07-03 09:35:05.883093: I tensorflow/core/common_runtime/gpu/gpu_device.cc:1003] 0:   N 
2019-07-03 09:35:05.883185: I tensorflow/core/common_runtime/gpu/gpu_device.cc:1115] Created TensorFlow device (/job:localhost/replica:0/task:0/device:GPU:0 with 3302 MB memory) -> physical GPU (device: 0, name: GeForce GTX 1650, pci bus id: 0000:0f:00.0, compute capability: 7.5)
2019-07-03 09:35:12.313905: I tensorflow/core/common_runtime/gpu/gpu_device.cc:1512] Adding visible gpu devices: 0
2019-07-03 09:35:12.313979: I tensorflow/core/common_runtime/gpu/gpu_device.cc:984] Device interconnect StreamExecutor with strength 1 edge matrix:
2019-07-03 09:35:12.313993: I tensorflow/core/common_runtime/gpu/gpu_device.cc:990]      0 
2019-07-03 09:35:12.314003: I tensorflow/core/common_runtime/gpu/gpu_device.cc:1003] 0:   N 
2019-07-03 09:35:12.314100: I tensorflow/core/common_runtime/gpu/gpu_device.cc:1115] Created TensorFlow device (/job:localhost/replica:0/task:0/device:GPU:0 with 3302 MB memory) -> physical GPU (device: 0, name: GeForce GTX 1650, pci bus id: 0000:0f:00.0, compute capability: 7.5)
2019-07-03 09:35:18.745487: I tensorflow/core/common_runtime/gpu/gpu_device.cc:1512] Adding visible gpu devices: 0
2019-07-03 09:35:18.745561: I tensorflow/core/common_runtime/gpu/gpu_device.cc:984] Device interconnect StreamExecutor with strength 1 edge matrix:
2019-07-03 09:35:18.745573: I tensorflow/core/common_runtime/gpu/gpu_device.cc:990]      0 
2019-07-03 09:35:18.745585: I tensorflow/core/common_runtime/gpu/gpu_device.cc:1003] 0:   N 
2019-07-03 09:35:18.745681: I tensorflow/core/common_runtime/gpu/gpu_device.cc:1115] Created TensorFlow device (/job:localhost/replica:0/task:0/device:GPU:0 with 3302 MB memory) -> physical GPU (device: 0, name: GeForce GTX 1650, pci bus id: 0000:0f:00.0, compute capability: 7.5)
WARNING:tensorflow:From /home/user1/.conda/envs/tf-gpu/lib/python3.7/site-packages/tensorflow/python/framework/op_def_library.py:263: colocate_with (from tensorflow.python.framework.ops) is deprecated and will be removed in a future version.
Instructions for updating:
Colocations handled automatically by placer.
2019-07-03 09:35:24.949368: I tensorflow/core/common_runtime/gpu/gpu_device.cc:1512] Adding visible gpu devices: 0
2019-07-03 09:35:24.949431: I tensorflow/core/common_runtime/gpu/gpu_device.cc:984] Device interconnect StreamExecutor with strength 1 edge matrix:
2019-07-03 09:35:24.949448: I tensorflow/core/common_runtime/gpu/gpu_device.cc:990]      0 
2019-07-03 09:35:24.949460: I tensorflow/core/common_runtime/gpu/gpu_device.cc:1003] 0:   N 
2019-07-03 09:35:24.949582: I tensorflow/core/common_runtime/gpu/gpu_device.cc:1115] Created TensorFlow device (/job:localhost/replica:0/task:0/device:GPU:0 with 3302 MB memory) -> physical GPU (device: 0, name: GeForce GTX 1650, pci bus id: 0000:0f:00.0, compute capability: 7.5)
[<tf.Variable 'conv2d_1/kernel:0' shape=(9, 9, 1, 64) dtype=float32_ref>, <tf.Variable 'conv2d_1/bias:0' shape=(64,) dtype=float32_ref>]
_________________________________________________________________
Layer (type)                 Output Shape              Param #   
=================================================================
conv2d_1 (Conv2D)            (None, 64, 64, 64)        5248      
=================================================================
Total params: 5,248
Trainable params: 5,248
Non-trainable params: 0
_________________________________________________________________
None
only one layer with parameters frozen!!!
_________________________________________________________________
Layer (type)                 Output Shape              Param #   
=================================================================
sequential_1 (Sequential)    (None, 64, 64, 64)        5248      
_________________________________________________________________
conv2d_2 (Conv2D)            (None, 64, 64, 32)        2080      
_________________________________________________________________
conv2d_3 (Conv2D)            (None, 64, 64, 32)        1056      
_________________________________________________________________
conv2d_4 (Conv2D)            (None, 64, 64, 1)         801       
=================================================================
Total params: 9,185
Trainable params: 3,937
Non-trainable params: 5,248
_________________________________________________________________
None
WARNING:tensorflow:From /home/user1/.conda/envs/tf-gpu/lib/python3.7/site-packages/tensorflow/python/ops/math_ops.py:3066: to_int32 (from tensorflow.python.ops.math_ops) is deprecated and will be removed in a future version.
Instructions for updating:
Use tf.cast instead.
Train on 2104 samples, validate on 526 samples
Epoch 1/1000
 - 11s - loss: 0.0450 - ssim_for2d: 0.4345 - psnr_for2d: 17.4878 - val_loss: 0.0056 - val_ssim_for2d: 0.6304 - val_psnr_for2d: 23.3541
Epoch 2/1000
 - 1s - loss: 0.0031 - ssim_for2d: 0.7565 - psnr_for2d: 26.5067 - val_loss: 0.0020 - val_ssim_for2d: 0.8360 - val_psnr_for2d: 28.6426
Epoch 3/1000
 - 1s - loss: 0.0017 - ssim_for2d: 0.8539 - psnr_for2d: 29.3741 - val_loss: 0.0016 - val_ssim_for2d: 0.8671 - val_psnr_for2d: 29.8947
Epoch 4/1000
 - 1s - loss: 0.0014 - ssim_for2d: 0.8739 - psnr_for2d: 30.3087 - val_loss: 0.0014 - val_ssim_for2d: 0.8802 - val_psnr_for2d: 30.6392
Epoch 5/1000
 - 1s - loss: 0.0013 - ssim_for2d: 0.8835 - psnr_for2d: 30.8735 - val_loss: 0.0013 - val_ssim_for2d: 0.8868 - val_psnr_for2d: 31.1098
Epoch 6/1000
 - 1s - loss: 0.0012 - ssim_for2d: 0.8889 - psnr_for2d: 31.2417 - val_loss: 0.0012 - val_ssim_for2d: 0.8915 - val_psnr_for2d: 31.4062
Epoch 7/1000
 - 1s - loss: 0.0012 - ssim_for2d: 0.8929 - psnr_for2d: 31.5418 - val_loss: 0.0012 - val_ssim_for2d: 0.8947 - val_psnr_for2d: 31.6822
Epoch 8/1000
 - 1s - loss: 0.0011 - ssim_for2d: 0.8960 - psnr_for2d: 31.7765 - val_loss: 0.0011 - val_ssim_for2d: 0.8974 - val_psnr_for2d: 31.9175
Epoch 9/1000
 - 1s - loss: 0.0011 - ssim_for2d: 0.8984 - psnr_for2d: 31.9780 - val_loss: 0.0011 - val_ssim_for2d: 0.8995 - val_psnr_for2d: 32.0998
Epoch 10/1000
 - 1s - loss: 0.0011 - ssim_for2d: 0.9003 - psnr_for2d: 32.1404 - val_loss: 0.0011 - val_ssim_for2d: 0.9011 - val_psnr_for2d: 32.0771
Epoch 11/1000
 - 1s - loss: 0.0010 - ssim_for2d: 0.9019 - psnr_for2d: 32.2563 - val_loss: 0.0011 - val_ssim_for2d: 0.9026 - val_psnr_for2d: 32.3755
Epoch 12/1000
 - 1s - loss: 0.0010 - ssim_for2d: 0.9032 - psnr_for2d: 32.3993 - val_loss: 0.0010 - val_ssim_for2d: 0.9039 - val_psnr_for2d: 32.4581
Epoch 13/1000
 - 1s - loss: 0.0010 - ssim_for2d: 0.9043 - psnr_for2d: 32.4945 - val_loss: 0.0010 - val_ssim_for2d: 0.9047 - val_psnr_for2d: 32.5040
Epoch 14/1000
 - 1s - loss: 9.9653e-04 - ssim_for2d: 0.9053 - psnr_for2d: 32.5867 - val_loss: 0.0010 - val_ssim_for2d: 0.9057 - val_psnr_for2d: 32.6000
Epoch 15/1000
 - 1s - loss: 9.8418e-04 - ssim_for2d: 0.9062 - psnr_for2d: 32.6594 - val_loss: 0.0010 - val_ssim_for2d: 0.9066 - val_psnr_for2d: 32.7523
Epoch 16/1000
 - 1s - loss: 9.7139e-04 - ssim_for2d: 0.9071 - psnr_for2d: 32.7464 - val_loss: 9.9660e-04 - val_ssim_for2d: 0.9075 - val_psnr_for2d: 32.7724
Epoch 17/1000
 - 1s - loss: 9.6111e-04 - ssim_for2d: 0.9078 - psnr_for2d: 32.8102 - val_loss: 9.8151e-04 - val_ssim_for2d: 0.9081 - val_psnr_for2d: 32.8975
Epoch 18/1000
 - 1s - loss: 9.5092e-04 - ssim_for2d: 0.9085 - psnr_for2d: 32.8793 - val_loss: 9.7228e-04 - val_ssim_for2d: 0.9088 - val_psnr_for2d: 32.9460
Epoch 19/1000
 - 1s - loss: 9.4196e-04 - ssim_for2d: 0.9092 - psnr_for2d: 32.9349 - val_loss: 9.7678e-04 - val_ssim_for2d: 0.9096 - val_psnr_for2d: 32.8275
Epoch 20/1000
 - 1s - loss: 9.3394e-04 - ssim_for2d: 0.9098 - psnr_for2d: 32.9873 - val_loss: 9.5511e-04 - val_ssim_for2d: 0.9100 - val_psnr_for2d: 33.0648
Epoch 21/1000
 - 1s - loss: 9.2547e-04 - ssim_for2d: 0.9104 - psnr_for2d: 33.0504 - val_loss: 9.4725e-04 - val_ssim_for2d: 0.9105 - val_psnr_for2d: 33.1213
Epoch 22/1000
 - 1s - loss: 9.1852e-04 - ssim_for2d: 0.9109 - psnr_for2d: 33.0985 - val_loss: 9.4663e-04 - val_ssim_for2d: 0.9109 - val_psnr_for2d: 33.0621
Epoch 23/1000
 - 1s - loss: 9.1263e-04 - ssim_for2d: 0.9113 - psnr_for2d: 33.1354 - val_loss: 9.3508e-04 - val_ssim_for2d: 0.9114 - val_psnr_for2d: 33.2021
Epoch 24/1000
 - 1s - loss: 9.0581e-04 - ssim_for2d: 0.9118 - psnr_for2d: 33.1874 - val_loss: 9.3161e-04 - val_ssim_for2d: 0.9117 - val_psnr_for2d: 33.1862
Epoch 25/1000
 - 1s - loss: 9.0101e-04 - ssim_for2d: 0.9122 - psnr_for2d: 33.2125 - val_loss: 9.3955e-04 - val_ssim_for2d: 0.9122 - val_psnr_for2d: 33.0309
Epoch 26/1000
 - 1s - loss: 8.9708e-04 - ssim_for2d: 0.9126 - psnr_for2d: 33.2307 - val_loss: 9.1781e-04 - val_ssim_for2d: 0.9125 - val_psnr_for2d: 33.3202
Epoch 27/1000
 - 1s - loss: 8.9137e-04 - ssim_for2d: 0.9129 - psnr_for2d: 33.2755 - val_loss: 9.1377e-04 - val_ssim_for2d: 0.9129 - val_psnr_for2d: 33.3467
Epoch 28/1000
 - 1s - loss: 8.8597e-04 - ssim_for2d: 0.9133 - psnr_for2d: 33.3193 - val_loss: 9.0845e-04 - val_ssim_for2d: 0.9132 - val_psnr_for2d: 33.3869
Epoch 29/1000
 - 1s - loss: 8.8161e-04 - ssim_for2d: 0.9136 - psnr_for2d: 33.3498 - val_loss: 9.0498e-04 - val_ssim_for2d: 0.9135 - val_psnr_for2d: 33.4022
Epoch 30/1000
 - 1s - loss: 8.7852e-04 - ssim_for2d: 0.9139 - psnr_for2d: 33.3603 - val_loss: 9.0018e-04 - val_ssim_for2d: 0.9138 - val_psnr_for2d: 33.4428
Epoch 31/1000
 - 1s - loss: 8.7532e-04 - ssim_for2d: 0.9142 - psnr_for2d: 33.3794 - val_loss: 8.9668e-04 - val_ssim_for2d: 0.9140 - val_psnr_for2d: 33.4548
Epoch 32/1000
 - 1s - loss: 8.7306e-04 - ssim_for2d: 0.9144 - psnr_for2d: 33.3845 - val_loss: 8.9377e-04 - val_ssim_for2d: 0.9144 - val_psnr_for2d: 33.4748
Epoch 33/1000
 - 1s - loss: 8.6789e-04 - ssim_for2d: 0.9147 - psnr_for2d: 33.4353 - val_loss: 8.9245e-04 - val_ssim_for2d: 0.9145 - val_psnr_for2d: 33.4671
Epoch 34/1000
 - 1s - loss: 8.6440e-04 - ssim_for2d: 0.9149 - psnr_for2d: 33.4603 - val_loss: 8.8768e-04 - val_ssim_for2d: 0.9148 - val_psnr_for2d: 33.5004
Epoch 35/1000
 - 1s - loss: 8.5984e-04 - ssim_for2d: 0.9151 - psnr_for2d: 33.5070 - val_loss: 8.8351e-04 - val_ssim_for2d: 0.9150 - val_psnr_for2d: 33.5463
Epoch 36/1000
 - 1s - loss: 8.5680e-04 - ssim_for2d: 0.9154 - psnr_for2d: 33.5303 - val_loss: 8.8087e-04 - val_ssim_for2d: 0.9152 - val_psnr_for2d: 33.5635
Epoch 37/1000
 - 1s - loss: 8.5429e-04 - ssim_for2d: 0.9156 - psnr_for2d: 33.5430 - val_loss: 8.7846e-04 - val_ssim_for2d: 0.9154 - val_psnr_for2d: 33.5690
Epoch 38/1000
 - 1s - loss: 8.5145e-04 - ssim_for2d: 0.9158 - psnr_for2d: 33.5638 - val_loss: 8.7610e-04 - val_ssim_for2d: 0.9156 - val_psnr_for2d: 33.5823
Epoch 39/1000
 - 1s - loss: 8.4952e-04 - ssim_for2d: 0.9160 - psnr_for2d: 33.5681 - val_loss: 8.7414e-04 - val_ssim_for2d: 0.9159 - val_psnr_for2d: 33.5937
Epoch 40/1000
 - 1s - loss: 8.4647e-04 - ssim_for2d: 0.9162 - psnr_for2d: 33.5956 - val_loss: 8.6900e-04 - val_ssim_for2d: 0.9160 - val_psnr_for2d: 33.6547
Epoch 41/1000
 - 1s - loss: 8.4340e-04 - ssim_for2d: 0.9164 - psnr_for2d: 33.6224 - val_loss: 8.6720e-04 - val_ssim_for2d: 0.9161 - val_psnr_for2d: 33.6547
Epoch 42/1000
 - 1s - loss: 8.4104e-04 - ssim_for2d: 0.9165 - psnr_for2d: 33.6371 - val_loss: 8.6581e-04 - val_ssim_for2d: 0.9163 - val_psnr_for2d: 33.6452
Epoch 43/1000
 - 1s - loss: 8.4158e-04 - ssim_for2d: 0.9167 - psnr_for2d: 33.6041 - val_loss: 8.6095e-04 - val_ssim_for2d: 0.9165 - val_psnr_for2d: 33.7186
Epoch 44/1000
 - 1s - loss: 8.3673e-04 - ssim_for2d: 0.9169 - psnr_for2d: 33.6637 - val_loss: 8.6480e-04 - val_ssim_for2d: 0.9166 - val_psnr_for2d: 33.6118
Epoch 45/1000
 - 1s - loss: 8.3622e-04 - ssim_for2d: 0.9170 - psnr_for2d: 33.6515 - val_loss: 8.6300e-04 - val_ssim_for2d: 0.9168 - val_psnr_for2d: 33.6193
Epoch 46/1000
 - 1s - loss: 8.3360e-04 - ssim_for2d: 0.9172 - psnr_for2d: 33.6756 - val_loss: 8.5459e-04 - val_ssim_for2d: 0.9170 - val_psnr_for2d: 33.7630
Epoch 47/1000
 - 1s - loss: 8.3054e-04 - ssim_for2d: 0.9173 - psnr_for2d: 33.7088 - val_loss: 8.5369e-04 - val_ssim_for2d: 0.9171 - val_psnr_for2d: 33.7494
Epoch 48/1000
 - 1s - loss: 8.3049e-04 - ssim_for2d: 0.9174 - psnr_for2d: 33.6865 - val_loss: 8.5059e-04 - val_ssim_for2d: 0.9172 - val_psnr_for2d: 33.7900
Epoch 49/1000
 - 1s - loss: 8.2629e-04 - ssim_for2d: 0.9176 - psnr_for2d: 33.7394 - val_loss: 8.4917e-04 - val_ssim_for2d: 0.9174 - val_psnr_for2d: 33.7961
Epoch 50/1000
 - 1s - loss: 8.2842e-04 - ssim_for2d: 0.9177 - psnr_for2d: 33.6834 - val_loss: 8.4990e-04 - val_ssim_for2d: 0.9175 - val_psnr_for2d: 33.7466
Epoch 51/1000
 - 1s - loss: 8.2331e-04 - ssim_for2d: 0.9178 - psnr_for2d: 33.7561 - val_loss: 8.4873e-04 - val_ssim_for2d: 0.9176 - val_psnr_for2d: 33.7563
Epoch 52/1000
 - 1s - loss: 8.2262e-04 - ssim_for2d: 0.9179 - psnr_for2d: 33.7503 - val_loss: 8.4346e-04 - val_ssim_for2d: 0.9178 - val_psnr_for2d: 33.8374
Epoch 53/1000
 - 1s - loss: 8.1985e-04 - ssim_for2d: 0.9181 - psnr_for2d: 33.7766 - val_loss: 8.4297e-04 - val_ssim_for2d: 0.9178 - val_psnr_for2d: 33.8202
Epoch 54/1000
 - 1s - loss: 8.2570e-04 - ssim_for2d: 0.9182 - psnr_for2d: 33.6574 - val_loss: 8.4358e-04 - val_ssim_for2d: 0.9179 - val_psnr_for2d: 33.7831
Epoch 55/1000
 - 1s - loss: 8.1768e-04 - ssim_for2d: 0.9183 - psnr_for2d: 33.7857 - val_loss: 8.3846e-04 - val_ssim_for2d: 0.9181 - val_psnr_for2d: 33.8721
Epoch 56/1000
 - 1s - loss: 8.1422e-04 - ssim_for2d: 0.9184 - psnr_for2d: 33.8302 - val_loss: 8.3714e-04 - val_ssim_for2d: 0.9181 - val_psnr_for2d: 33.8738
Epoch 57/1000
 - 1s - loss: 8.1286e-04 - ssim_for2d: 0.9185 - psnr_for2d: 33.8376 - val_loss: 8.3590e-04 - val_ssim_for2d: 0.9183 - val_psnr_for2d: 33.8789
Epoch 58/1000
 - 1s - loss: 8.1125e-04 - ssim_for2d: 0.9186 - psnr_for2d: 33.8516 - val_loss: 8.3373e-04 - val_ssim_for2d: 0.9184 - val_psnr_for2d: 33.9054
Epoch 59/1000
 - 1s - loss: 8.1149e-04 - ssim_for2d: 0.9187 - psnr_for2d: 33.8315 - val_loss: 8.3214e-04 - val_ssim_for2d: 0.9185 - val_psnr_for2d: 33.9208
Epoch 60/1000
 - 1s - loss: 8.1537e-04 - ssim_for2d: 0.9188 - psnr_for2d: 33.7696 - val_loss: 8.4540e-04 - val_ssim_for2d: 0.9185 - val_psnr_for2d: 33.6576
Epoch 61/1000
 - 1s - loss: 8.1802e-04 - ssim_for2d: 0.9188 - psnr_for2d: 33.7053 - val_loss: 8.2978e-04 - val_ssim_for2d: 0.9186 - val_psnr_for2d: 33.9366
Epoch 62/1000
 - 1s - loss: 8.0663e-04 - ssim_for2d: 0.9190 - psnr_for2d: 33.8806 - val_loss: 8.2795e-04 - val_ssim_for2d: 0.9187 - val_psnr_for2d: 33.9576
Epoch 63/1000
 - 1s - loss: 8.0483e-04 - ssim_for2d: 0.9191 - psnr_for2d: 33.8964 - val_loss: 8.2767e-04 - val_ssim_for2d: 0.9188 - val_psnr_for2d: 33.9434
Epoch 64/1000
 - 1s - loss: 8.0436e-04 - ssim_for2d: 0.9191 - psnr_for2d: 33.8890 - val_loss: 8.4021e-04 - val_ssim_for2d: 0.9189 - val_psnr_for2d: 33.6925
Epoch 65/1000
 - 1s - loss: 8.0295e-04 - ssim_for2d: 0.9192 - psnr_for2d: 33.9028 - val_loss: 8.4049e-04 - val_ssim_for2d: 0.9189 - val_psnr_for2d: 33.6772
Epoch 66/1000
 - 1s - loss: 8.0218e-04 - ssim_for2d: 0.9193 - psnr_for2d: 33.9076 - val_loss: 8.2403e-04 - val_ssim_for2d: 0.9190 - val_psnr_for2d: 33.9724
Epoch 67/1000
 - 1s - loss: 8.0117e-04 - ssim_for2d: 0.9194 - psnr_for2d: 33.9130 - val_loss: 8.2302e-04 - val_ssim_for2d: 0.9191 - val_psnr_for2d: 33.9752
Epoch 68/1000
 - 1s - loss: 7.9880e-04 - ssim_for2d: 0.9194 - psnr_for2d: 33.9403 - val_loss: 8.2066e-04 - val_ssim_for2d: 0.9192 - val_psnr_for2d: 34.0102
Epoch 69/1000
 - 1s - loss: 8.0350e-04 - ssim_for2d: 0.9195 - psnr_for2d: 33.8360 - val_loss: 8.7470e-04 - val_ssim_for2d: 0.9192 - val_psnr_for2d: 33.1126
Epoch 70/1000
 - 1s - loss: 7.9864e-04 - ssim_for2d: 0.9196 - psnr_for2d: 33.9173 - val_loss: 8.1859e-04 - val_ssim_for2d: 0.9193 - val_psnr_for2d: 34.0277
Epoch 71/1000
 - 1s - loss: 7.9565e-04 - ssim_for2d: 0.9197 - psnr_for2d: 33.9627 - val_loss: 8.1762e-04 - val_ssim_for2d: 0.9194 - val_psnr_for2d: 34.0326
Epoch 72/1000
 - 1s - loss: 7.9872e-04 - ssim_for2d: 0.9197 - psnr_for2d: 33.9109 - val_loss: 8.1746e-04 - val_ssim_for2d: 0.9193 - val_psnr_for2d: 34.0151
Epoch 73/1000
 - 1s - loss: 8.2918e-04 - ssim_for2d: 0.9197 - psnr_for2d: 33.5697 - val_loss: 8.1559e-04 - val_ssim_for2d: 0.9195 - val_psnr_for2d: 34.0514
Epoch 74/1000
 - 1s - loss: 7.9186e-04 - ssim_for2d: 0.9198 - psnr_for2d: 34.0041 - val_loss: 8.1449e-04 - val_ssim_for2d: 0.9195 - val_psnr_for2d: 34.0614
Epoch 75/1000
 - 1s - loss: 7.9128e-04 - ssim_for2d: 0.9199 - psnr_for2d: 34.0048 - val_loss: 8.1653e-04 - val_ssim_for2d: 0.9196 - val_psnr_for2d: 34.0047
Epoch 76/1000
 - 1s - loss: 7.9113e-04 - ssim_for2d: 0.9199 - psnr_for2d: 33.9975 - val_loss: 8.1286e-04 - val_ssim_for2d: 0.9197 - val_psnr_for2d: 34.0718
Epoch 77/1000
 - 1s - loss: 7.8923e-04 - ssim_for2d: 0.9200 - psnr_for2d: 34.0231 - val_loss: 8.1351e-04 - val_ssim_for2d: 0.9197 - val_psnr_for2d: 34.0414
Epoch 78/1000
 - 1s - loss: 7.8937e-04 - ssim_for2d: 0.9201 - psnr_for2d: 34.0081 - val_loss: 8.1144e-04 - val_ssim_for2d: 0.9197 - val_psnr_for2d: 34.0739
Epoch 79/1000
 - 1s - loss: 7.9134e-04 - ssim_for2d: 0.9201 - psnr_for2d: 33.9596 - val_loss: 8.1908e-04 - val_ssim_for2d: 0.9198 - val_psnr_for2d: 33.9130
Epoch 80/1000
 - 1s - loss: 7.9631e-04 - ssim_for2d: 0.9202 - psnr_for2d: 33.8664 - val_loss: 8.0979e-04 - val_ssim_for2d: 0.9199 - val_psnr_for2d: 34.0898
Epoch 81/1000
 - 1s - loss: 7.8621e-04 - ssim_for2d: 0.9203 - psnr_for2d: 34.0411 - val_loss: 8.1325e-04 - val_ssim_for2d: 0.9199 - val_psnr_for2d: 33.9996
Epoch 82/1000
 - 1s - loss: 7.8598e-04 - ssim_for2d: 0.9203 - psnr_for2d: 34.0328 - val_loss: 8.0992e-04 - val_ssim_for2d: 0.9200 - val_psnr_for2d: 34.0589
Epoch 83/1000
 - 1s - loss: 7.8851e-04 - ssim_for2d: 0.9204 - psnr_for2d: 33.9778 - val_loss: 8.0865e-04 - val_ssim_for2d: 0.9200 - val_psnr_for2d: 34.0784
Epoch 84/1000
 - 1s - loss: 8.0236e-04 - ssim_for2d: 0.9204 - psnr_for2d: 33.7695 - val_loss: 8.0831e-04 - val_ssim_for2d: 0.9200 - val_psnr_for2d: 34.0782
Epoch 85/1000
 - 1s - loss: 7.8432e-04 - ssim_for2d: 0.9204 - psnr_for2d: 34.0408 - val_loss: 8.0563e-04 - val_ssim_for2d: 0.9201 - val_psnr_for2d: 34.1216
Epoch 86/1000
 - 1s - loss: 7.8249e-04 - ssim_for2d: 0.9205 - psnr_for2d: 34.0673 - val_loss: 8.1056e-04 - val_ssim_for2d: 0.9201 - val_psnr_for2d: 34.0074
Epoch 87/1000
 - 1s - loss: 7.8304e-04 - ssim_for2d: 0.9206 - psnr_for2d: 34.0461 - val_loss: 8.0738e-04 - val_ssim_for2d: 0.9202 - val_psnr_for2d: 34.0663
Epoch 88/1000
 - 1s - loss: 7.8271e-04 - ssim_for2d: 0.9206 - psnr_for2d: 34.0436 - val_loss: 8.0354e-04 - val_ssim_for2d: 0.9202 - val_psnr_for2d: 34.1355
Epoch 89/1000
 - 1s - loss: 7.8052e-04 - ssim_for2d: 0.9206 - psnr_for2d: 34.0784 - val_loss: 8.2040e-04 - val_ssim_for2d: 0.9203 - val_psnr_for2d: 33.7941
Epoch 90/1000
 - 1s - loss: 7.8965e-04 - ssim_for2d: 0.9207 - psnr_for2d: 33.9030 - val_loss: 8.0435e-04 - val_ssim_for2d: 0.9203 - val_psnr_for2d: 34.1018
Epoch 91/1000
 - 1s - loss: 7.8066e-04 - ssim_for2d: 0.9207 - psnr_for2d: 34.0619 - val_loss: 8.0167e-04 - val_ssim_for2d: 0.9203 - val_psnr_for2d: 34.1478
Epoch 92/1000
 - 1s - loss: 7.7876e-04 - ssim_for2d: 0.9208 - psnr_for2d: 34.0882 - val_loss: 8.0670e-04 - val_ssim_for2d: 0.9203 - val_psnr_for2d: 34.0244
Epoch 93/1000
 - 1s - loss: 7.9079e-04 - ssim_for2d: 0.9208 - psnr_for2d: 33.8659 - val_loss: 8.0833e-04 - val_ssim_for2d: 0.9205 - val_psnr_for2d: 33.9819
Epoch 94/1000
 - 1s - loss: 7.7874e-04 - ssim_for2d: 0.9209 - psnr_for2d: 34.0757 - val_loss: 7.9960e-04 - val_ssim_for2d: 0.9204 - val_psnr_for2d: 34.1675
Epoch 95/1000
 - 1s - loss: 7.8157e-04 - ssim_for2d: 0.9209 - psnr_for2d: 34.0120 - val_loss: 8.0175e-04 - val_ssim_for2d: 0.9205 - val_psnr_for2d: 34.1112
Epoch 96/1000
 - 1s - loss: 7.7728e-04 - ssim_for2d: 0.9209 - psnr_for2d: 34.0856 - val_loss: 7.9874e-04 - val_ssim_for2d: 0.9205 - val_psnr_for2d: 34.1660
Epoch 97/1000
 - 1s - loss: 7.7578e-04 - ssim_for2d: 0.9210 - psnr_for2d: 34.1058 - val_loss: 7.9787e-04 - val_ssim_for2d: 0.9205 - val_psnr_for2d: 34.1752
Epoch 98/1000
 - 1s - loss: 7.7612e-04 - ssim_for2d: 0.9210 - psnr_for2d: 34.0914 - val_loss: 7.9721e-04 - val_ssim_for2d: 0.9206 - val_psnr_for2d: 34.1820
Epoch 99/1000
 - 1s - loss: 7.8100e-04 - ssim_for2d: 0.9211 - psnr_for2d: 33.9932 - val_loss: 7.9824e-04 - val_ssim_for2d: 0.9206 - val_psnr_for2d: 34.1455
Epoch 100/1000
 - 1s - loss: 7.8501e-04 - ssim_for2d: 0.9211 - psnr_for2d: 33.9494 - val_loss: 7.9616e-04 - val_ssim_for2d: 0.9207 - val_psnr_for2d: 34.1881
Epoch 101/1000
 - 1s - loss: 7.7258e-04 - ssim_for2d: 0.9212 - psnr_for2d: 34.1383 - val_loss: 7.9582e-04 - val_ssim_for2d: 0.9207 - val_psnr_for2d: 34.1886
Epoch 102/1000
 - 1s - loss: 7.7261e-04 - ssim_for2d: 0.9212 - psnr_for2d: 34.1309 - val_loss: 7.9858e-04 - val_ssim_for2d: 0.9208 - val_psnr_for2d: 34.1244
Epoch 103/1000
 - 1s - loss: 7.8721e-04 - ssim_for2d: 0.9212 - psnr_for2d: 33.8859 - val_loss: 7.9473e-04 - val_ssim_for2d: 0.9208 - val_psnr_for2d: 34.1967
Epoch 104/1000
 - 1s - loss: 7.7148e-04 - ssim_for2d: 0.9213 - psnr_for2d: 34.1398 - val_loss: 7.9398e-04 - val_ssim_for2d: 0.9208 - val_psnr_for2d: 34.2071
Epoch 105/1000
 - 1s - loss: 7.7027e-04 - ssim_for2d: 0.9213 - psnr_for2d: 34.1563 - val_loss: 7.9394e-04 - val_ssim_for2d: 0.9209 - val_psnr_for2d: 34.2019
Epoch 106/1000
 - 1s - loss: 7.6968e-04 - ssim_for2d: 0.9214 - psnr_for2d: 34.1623 - val_loss: 7.9353e-04 - val_ssim_for2d: 0.9210 - val_psnr_for2d: 34.2005
Epoch 107/1000
 - 1s - loss: 7.7071e-04 - ssim_for2d: 0.9214 - psnr_for2d: 34.1336 - val_loss: 7.9308e-04 - val_ssim_for2d: 0.9210 - val_psnr_for2d: 34.2024
Epoch 108/1000
 - 1s - loss: 7.9321e-04 - ssim_for2d: 0.9214 - psnr_for2d: 33.8964 - val_loss: 7.9761e-04 - val_ssim_for2d: 0.9209 - val_psnr_for2d: 34.1018
Epoch 109/1000
 - 1s - loss: 8.0343e-04 - ssim_for2d: 0.9214 - psnr_for2d: 33.7272 - val_loss: 7.9208e-04 - val_ssim_for2d: 0.9210 - val_psnr_for2d: 34.2154
Epoch 110/1000
 - 1s - loss: 7.6777e-04 - ssim_for2d: 0.9215 - psnr_for2d: 34.1768 - val_loss: 7.9143e-04 - val_ssim_for2d: 0.9211 - val_psnr_for2d: 34.2198
Epoch 111/1000
 - 1s - loss: 7.6730e-04 - ssim_for2d: 0.9215 - psnr_for2d: 34.1777 - val_loss: 7.9058e-04 - val_ssim_for2d: 0.9211 - val_psnr_for2d: 34.2354
Epoch 112/1000
 - 1s - loss: 7.6680e-04 - ssim_for2d: 0.9216 - psnr_for2d: 34.1818 - val_loss: 7.9050e-04 - val_ssim_for2d: 0.9211 - val_psnr_for2d: 34.2278
Epoch 113/1000
 - 1s - loss: 7.6669e-04 - ssim_for2d: 0.9216 - psnr_for2d: 34.1796 - val_loss: 7.8976e-04 - val_ssim_for2d: 0.9212 - val_psnr_for2d: 34.2367
Epoch 114/1000
 - 1s - loss: 7.6588e-04 - ssim_for2d: 0.9216 - psnr_for2d: 34.1882 - val_loss: 7.8957e-04 - val_ssim_for2d: 0.9212 - val_psnr_for2d: 34.2348
Epoch 115/1000
 - 1s - loss: 7.6554e-04 - ssim_for2d: 0.9217 - psnr_for2d: 34.1891 - val_loss: 7.8886e-04 - val_ssim_for2d: 0.9212 - val_psnr_for2d: 34.2462
Epoch 116/1000
 - 1s - loss: 7.6495e-04 - ssim_for2d: 0.9217 - psnr_for2d: 34.1948 - val_loss: 7.8848e-04 - val_ssim_for2d: 0.9213 - val_psnr_for2d: 34.2487
Epoch 117/1000
 - 1s - loss: 7.6621e-04 - ssim_for2d: 0.9217 - psnr_for2d: 34.1642 - val_loss: 7.8834e-04 - val_ssim_for2d: 0.9212 - val_psnr_for2d: 34.2455
Epoch 118/1000
 - 1s - loss: 7.6455e-04 - ssim_for2d: 0.9218 - psnr_for2d: 34.1902 - val_loss: 7.8810e-04 - val_ssim_for2d: 0.9213 - val_psnr_for2d: 34.2419
Epoch 119/1000
 - 1s - loss: 7.6363e-04 - ssim_for2d: 0.9218 - psnr_for2d: 34.2025 - val_loss: 7.8728e-04 - val_ssim_for2d: 0.9214 - val_psnr_for2d: 34.2527
Epoch 120/1000
 - 1s - loss: 7.6562e-04 - ssim_for2d: 0.9218 - psnr_for2d: 34.1582 - val_loss: 7.9032e-04 - val_ssim_for2d: 0.9214 - val_psnr_for2d: 34.1751
Epoch 121/1000
 - 1s - loss: 7.8303e-04 - ssim_for2d: 0.9218 - psnr_for2d: 33.9095 - val_loss: 7.8621e-04 - val_ssim_for2d: 0.9214 - val_psnr_for2d: 34.2665
Epoch 122/1000
 - 1s - loss: 7.6260e-04 - ssim_for2d: 0.9219 - psnr_for2d: 34.2049 - val_loss: 7.8594e-04 - val_ssim_for2d: 0.9215 - val_psnr_for2d: 34.2671
Epoch 123/1000
 - 1s - loss: 7.6198e-04 - ssim_for2d: 0.9219 - psnr_for2d: 34.2099 - val_loss: 7.8570e-04 - val_ssim_for2d: 0.9215 - val_psnr_for2d: 34.2663
Epoch 124/1000
 - 1s - loss: 7.6121e-04 - ssim_for2d: 0.9220 - psnr_for2d: 34.2196 - val_loss: 7.8650e-04 - val_ssim_for2d: 0.9215 - val_psnr_for2d: 34.2405
Epoch 125/1000
 - 1s - loss: 7.7152e-04 - ssim_for2d: 0.9220 - psnr_for2d: 34.0379 - val_loss: 8.2992e-04 - val_ssim_for2d: 0.9213 - val_psnr_for2d: 33.4571
Epoch 126/1000
 - 1s - loss: 7.6689e-04 - ssim_for2d: 0.9220 - psnr_for2d: 34.1055 - val_loss: 7.8594e-04 - val_ssim_for2d: 0.9216 - val_psnr_for2d: 34.2389
Epoch 00126: early stopping
 
finish prediction
without processed by neural network:
psnr =  33.01512476511432
ssim =  0.9094088004024939
performance after processed by nerual network:
psnr:  34.2039153124443
ssim:  0.9219531904608578
performance of predicted images:
psnr, ssim for raw data: 33.24609813224299 0.9121916197185661
psnr, ssim for predicted result: 34.43966357605597 0.9310784267394773
mae, mse for raw data: 0.016739558613043767 0.0009313933013429778
mae, mse for predicted result 0.015173372328139178 0.0007280809308989662

