Using TensorFlow backend.
2019-07-09 16:05:36.619096: I tensorflow/core/platform/cpu_feature_guard.cc:141] Your CPU supports instructions that this TensorFlow binary was not compiled to use: SSE4.1 SSE4.2
2019-07-09 16:05:36.626446: I tensorflow/core/platform/profile_utils/cpu_utils.cc:94] CPU Frequency: 2659815000 Hz
2019-07-09 16:05:36.627246: I tensorflow/compiler/xla/service/service.cc:150] XLA service 0x55b6674368e0 executing computations on platform Host. Devices:
2019-07-09 16:05:36.627273: I tensorflow/compiler/xla/service/service.cc:158]   StreamExecutor device (0): <undefined>, <undefined>
2019-07-09 16:05:36.771859: I tensorflow/stream_executor/cuda/cuda_gpu_executor.cc:998] successful NUMA node read from SysFS had negative value (-1), but there must be at least one NUMA node, so returning NUMA node zero
2019-07-09 16:05:36.772243: I tensorflow/core/common_runtime/gpu/gpu_device.cc:1433] Found device 0 with properties: 
name: GeForce GTX 1650 major: 7 minor: 5 memoryClockRate(GHz): 1.665
pciBusID: 0000:0f:00.0
totalMemory: 3.82GiB freeMemory: 1.63GiB
2019-07-09 16:05:36.772273: I tensorflow/core/common_runtime/gpu/gpu_device.cc:1512] Adding visible gpu devices: 0
2019-07-09 16:05:36.773028: I tensorflow/core/common_runtime/gpu/gpu_device.cc:984] Device interconnect StreamExecutor with strength 1 edge matrix:
2019-07-09 16:05:36.773052: I tensorflow/core/common_runtime/gpu/gpu_device.cc:990]      0 
2019-07-09 16:05:36.773062: I tensorflow/core/common_runtime/gpu/gpu_device.cc:1003] 0:   N 
2019-07-09 16:05:36.773158: I tensorflow/core/common_runtime/gpu/gpu_device.cc:1115] Created TensorFlow device (/job:localhost/replica:0/task:0/device:GPU:0 with 1441 MB memory) -> physical GPU (device: 0, name: GeForce GTX 1650, pci bus id: 0000:0f:00.0, compute capability: 7.5)
2019-07-09 16:05:36.775512: I tensorflow/compiler/xla/service/service.cc:150] XLA service 0x55b6672c93b0 executing computations on platform CUDA. Devices:
2019-07-09 16:05:36.775550: I tensorflow/compiler/xla/service/service.cc:158]   StreamExecutor device (0): GeForce GTX 1650, Compute Capability 7.5
2019-07-09 16:05:47.572479: I tensorflow/core/common_runtime/gpu/gpu_device.cc:1512] Adding visible gpu devices: 0
2019-07-09 16:05:47.572611: I tensorflow/core/common_runtime/gpu/gpu_device.cc:984] Device interconnect StreamExecutor with strength 1 edge matrix:
2019-07-09 16:05:47.572630: I tensorflow/core/common_runtime/gpu/gpu_device.cc:990]      0 
2019-07-09 16:05:47.572641: I tensorflow/core/common_runtime/gpu/gpu_device.cc:1003] 0:   N 
2019-07-09 16:05:47.572788: I tensorflow/core/common_runtime/gpu/gpu_device.cc:1115] Created TensorFlow device (/job:localhost/replica:0/task:0/device:GPU:0 with 1441 MB memory) -> physical GPU (device: 0, name: GeForce GTX 1650, pci bus id: 0000:0f:00.0, compute capability: 7.5)
2019-07-09 16:05:50.238287: I tensorflow/core/common_runtime/gpu/gpu_device.cc:1512] Adding visible gpu devices: 0
2019-07-09 16:05:50.238362: I tensorflow/core/common_runtime/gpu/gpu_device.cc:984] Device interconnect StreamExecutor with strength 1 edge matrix:
2019-07-09 16:05:50.238379: I tensorflow/core/common_runtime/gpu/gpu_device.cc:990]      0 
2019-07-09 16:05:50.238390: I tensorflow/core/common_runtime/gpu/gpu_device.cc:1003] 0:   N 
2019-07-09 16:05:50.238483: I tensorflow/core/common_runtime/gpu/gpu_device.cc:1115] Created TensorFlow device (/job:localhost/replica:0/task:0/device:GPU:0 with 1441 MB memory) -> physical GPU (device: 0, name: GeForce GTX 1650, pci bus id: 0000:0f:00.0, compute capability: 7.5)
2019-07-09 16:05:51.064132: I tensorflow/core/common_runtime/gpu/gpu_device.cc:1512] Adding visible gpu devices: 0
2019-07-09 16:05:51.064212: I tensorflow/core/common_runtime/gpu/gpu_device.cc:984] Device interconnect StreamExecutor with strength 1 edge matrix:
2019-07-09 16:05:51.064226: I tensorflow/core/common_runtime/gpu/gpu_device.cc:990]      0 
2019-07-09 16:05:51.064237: I tensorflow/core/common_runtime/gpu/gpu_device.cc:1003] 0:   N 
2019-07-09 16:05:51.064351: I tensorflow/core/common_runtime/gpu/gpu_device.cc:1115] Created TensorFlow device (/job:localhost/replica:0/task:0/device:GPU:0 with 1441 MB memory) -> physical GPU (device: 0, name: GeForce GTX 1650, pci bus id: 0000:0f:00.0, compute capability: 7.5)
2019-07-09 16:05:51.484384: I tensorflow/core/common_runtime/gpu/gpu_device.cc:1512] Adding visible gpu devices: 0
2019-07-09 16:05:51.484470: I tensorflow/core/common_runtime/gpu/gpu_device.cc:984] Device interconnect StreamExecutor with strength 1 edge matrix:
2019-07-09 16:05:51.484484: I tensorflow/core/common_runtime/gpu/gpu_device.cc:990]      0 
2019-07-09 16:05:51.484496: I tensorflow/core/common_runtime/gpu/gpu_device.cc:1003] 0:   N 
2019-07-09 16:05:51.484610: I tensorflow/core/common_runtime/gpu/gpu_device.cc:1115] Created TensorFlow device (/job:localhost/replica:0/task:0/device:GPU:0 with 1441 MB memory) -> physical GPU (device: 0, name: GeForce GTX 1650, pci bus id: 0000:0f:00.0, compute capability: 7.5)
WARNING:tensorflow:From /home/user1/.conda/envs/tf-gpu/lib/python3.7/site-packages/tensorflow/python/framework/op_def_library.py:263: colocate_with (from tensorflow.python.framework.ops) is deprecated and will be removed in a future version.
Instructions for updating:
Colocations handled automatically by placer.
_________________________________________________________________
Layer (type)                 Output Shape              Param #   
=================================================================
conv3d_1 (Conv3D)            (None, 5, 64, 64, 32)     896       
_________________________________________________________________
conv3d_2 (Conv3D)            (None, 5, 64, 64, 32)     27680     
_________________________________________________________________
conv3d_3 (Conv3D)            (None, 5, 64, 64, 32)     27680     
_________________________________________________________________
conv3d_4 (Conv3D)            (None, 3, 62, 62, 32)     27680     
_________________________________________________________________
conv3d_5 (Conv3D)            (None, 1, 60, 60, 32)     27680     
_________________________________________________________________
reshape_1 (Reshape)          (None, 60, 60, 32)        0         
_________________________________________________________________
conv2d_1 (Conv2D)            (None, 60, 60, 1)         289       
=================================================================
Total params: 111,905
Trainable params: 111,905
Non-trainable params: 0
_________________________________________________________________
None
shape of train_x (236, 5, 64, 64, 1) shape of train_y (236, 60, 60, 1)
WARNING:tensorflow:From /home/user1/.conda/envs/tf-gpu/lib/python3.7/site-packages/tensorflow/python/ops/math_ops.py:3066: to_int32 (from tensorflow.python.ops.math_ops) is deprecated and will be removed in a future version.
Instructions for updating:
Use tf.cast instead.
Train on 188 samples, validate on 48 samples
Epoch 1/100
2019-07-09 16:05:52.764796: I tensorflow/core/common_runtime/gpu/gpu_device.cc:1512] Adding visible gpu devices: 0
2019-07-09 16:05:52.764865: I tensorflow/core/common_runtime/gpu/gpu_device.cc:984] Device interconnect StreamExecutor with strength 1 edge matrix:
2019-07-09 16:05:52.764880: I tensorflow/core/common_runtime/gpu/gpu_device.cc:990]      0 
2019-07-09 16:05:52.764894: I tensorflow/core/common_runtime/gpu/gpu_device.cc:1003] 0:   N 
2019-07-09 16:05:52.765003: I tensorflow/core/common_runtime/gpu/gpu_device.cc:1115] Created TensorFlow device (/job:localhost/replica:0/task:0/device:GPU:0 with 1441 MB memory) -> physical GPU (device: 0, name: GeForce GTX 1650, pci bus id: 0000:0f:00.0, compute capability: 7.5)
 - 8s - loss: 2504.1546 - ssim_for2d: 0.4550 - psnr_for2d: 16.4601 - val_loss: 518.8638 - val_ssim_for2d: 0.5568 - val_psnr_for2d: 20.9809
Epoch 2/100
 - 2s - loss: 617.8859 - ssim_for2d: 0.5621 - psnr_for2d: 20.2790 - val_loss: 523.3038 - val_ssim_for2d: 0.5726 - val_psnr_for2d: 20.9437
Epoch 3/100
 - 2s - loss: 489.6345 - ssim_for2d: 0.5960 - psnr_for2d: 21.2407 - val_loss: 472.4613 - val_ssim_for2d: 0.6215 - val_psnr_for2d: 21.3880
Epoch 4/100
 - 2s - loss: 424.4128 - ssim_for2d: 0.6451 - psnr_for2d: 21.8596 - val_loss: 400.2497 - val_ssim_for2d: 0.6671 - val_psnr_for2d: 22.1083
Epoch 5/100
 - 2s - loss: 382.0258 - ssim_for2d: 0.6780 - psnr_for2d: 22.3120 - val_loss: 373.5592 - val_ssim_for2d: 0.6845 - val_psnr_for2d: 22.4081
Epoch 6/100
 - 2s - loss: 365.5711 - ssim_for2d: 0.6909 - psnr_for2d: 22.5034 - val_loss: 353.9087 - val_ssim_for2d: 0.6946 - val_psnr_for2d: 22.6428
Epoch 7/100
 - 2s - loss: 351.1466 - ssim_for2d: 0.7010 - psnr_for2d: 22.6784 - val_loss: 342.8564 - val_ssim_for2d: 0.7059 - val_psnr_for2d: 22.7808
Epoch 8/100
 - 2s - loss: 337.7836 - ssim_for2d: 0.7110 - psnr_for2d: 22.8479 - val_loss: 324.5184 - val_ssim_for2d: 0.7139 - val_psnr_for2d: 23.0198
Epoch 9/100
 - 2s - loss: 324.5629 - ssim_for2d: 0.7180 - psnr_for2d: 23.0215 - val_loss: 313.6907 - val_ssim_for2d: 0.7184 - val_psnr_for2d: 23.1675
Epoch 10/100
 - 2s - loss: 314.1078 - ssim_for2d: 0.7235 - psnr_for2d: 23.1644 - val_loss: 302.3947 - val_ssim_for2d: 0.7261 - val_psnr_for2d: 23.3271
Epoch 11/100
 - 3s - loss: 303.3953 - ssim_for2d: 0.7306 - psnr_for2d: 23.3151 - val_loss: 297.3882 - val_ssim_for2d: 0.7337 - val_psnr_for2d: 23.4001
Epoch 12/100
 - 2s - loss: 293.2399 - ssim_for2d: 0.7367 - psnr_for2d: 23.4637 - val_loss: 286.5681 - val_ssim_for2d: 0.7375 - val_psnr_for2d: 23.5615
Epoch 13/100
 - 3s - loss: 282.2148 - ssim_for2d: 0.7417 - psnr_for2d: 23.6308 - val_loss: 274.8224 - val_ssim_for2d: 0.7418 - val_psnr_for2d: 23.7440
Epoch 14/100
 - 3s - loss: 270.7734 - ssim_for2d: 0.7472 - psnr_for2d: 23.8110 - val_loss: 268.5165 - val_ssim_for2d: 0.7474 - val_psnr_for2d: 23.8444
Epoch 15/100
 - 3s - loss: 263.7598 - ssim_for2d: 0.7525 - psnr_for2d: 23.9255 - val_loss: 265.5636 - val_ssim_for2d: 0.7494 - val_psnr_for2d: 23.8933
Epoch 16/100
 - 2s - loss: 255.1566 - ssim_for2d: 0.7573 - psnr_for2d: 24.0701 - val_loss: 250.6893 - val_ssim_for2d: 0.7539 - val_psnr_for2d: 24.1443
Epoch 17/100
 - 2s - loss: 245.3682 - ssim_for2d: 0.7618 - psnr_for2d: 24.2408 - val_loss: 242.3456 - val_ssim_for2d: 0.7611 - val_psnr_for2d: 24.2895
Epoch 18/100
 - 2s - loss: 238.1489 - ssim_for2d: 0.7662 - psnr_for2d: 24.3714 - val_loss: 239.9437 - val_ssim_for2d: 0.7637 - val_psnr_for2d: 24.3349
Epoch 19/100
 - 2s - loss: 231.5291 - ssim_for2d: 0.7708 - psnr_for2d: 24.4948 - val_loss: 231.9256 - val_ssim_for2d: 0.7658 - val_psnr_for2d: 24.4836
Epoch 20/100
 - 2s - loss: 227.8875 - ssim_for2d: 0.7743 - psnr_for2d: 24.5656 - val_loss: 226.5571 - val_ssim_for2d: 0.7713 - val_psnr_for2d: 24.5844
Epoch 21/100
 - 2s - loss: 220.7394 - ssim_for2d: 0.7784 - psnr_for2d: 24.7045 - val_loss: 222.3459 - val_ssim_for2d: 0.7728 - val_psnr_for2d: 24.6681
Epoch 22/100
 - 2s - loss: 215.4689 - ssim_for2d: 0.7814 - psnr_for2d: 24.8108 - val_loss: 229.5597 - val_ssim_for2d: 0.7751 - val_psnr_for2d: 24.5299
Epoch 23/100
 - 2s - loss: 214.9307 - ssim_for2d: 0.7840 - psnr_for2d: 24.8241 - val_loss: 224.3313 - val_ssim_for2d: 0.7788 - val_psnr_for2d: 24.6299
Epoch 24/100
 - 2s - loss: 210.3018 - ssim_for2d: 0.7865 - psnr_for2d: 24.9184 - val_loss: 219.2341 - val_ssim_for2d: 0.7805 - val_psnr_for2d: 24.7308
Epoch 25/100
 - 2s - loss: 204.9431 - ssim_for2d: 0.7892 - psnr_for2d: 25.0320 - val_loss: 210.6322 - val_ssim_for2d: 0.7816 - val_psnr_for2d: 24.9060
Epoch 26/100
 - 2s - loss: 197.7384 - ssim_for2d: 0.7920 - psnr_for2d: 25.1889 - val_loss: 204.5705 - val_ssim_for2d: 0.7857 - val_psnr_for2d: 25.0316
Epoch 27/100
 - 2s - loss: 195.7484 - ssim_for2d: 0.7945 - psnr_for2d: 25.2335 - val_loss: 201.4524 - val_ssim_for2d: 0.7865 - val_psnr_for2d: 25.1017
Epoch 28/100
 - 2s - loss: 193.7439 - ssim_for2d: 0.7966 - psnr_for2d: 25.2791 - val_loss: 202.2413 - val_ssim_for2d: 0.7886 - val_psnr_for2d: 25.0850
Epoch 29/100
 - 2s - loss: 189.9802 - ssim_for2d: 0.7991 - psnr_for2d: 25.3660 - val_loss: 197.1257 - val_ssim_for2d: 0.7914 - val_psnr_for2d: 25.1987
Epoch 30/100
 - 2s - loss: 185.1009 - ssim_for2d: 0.8016 - psnr_for2d: 25.4798 - val_loss: 194.6324 - val_ssim_for2d: 0.7934 - val_psnr_for2d: 25.2552
Epoch 31/100
 - 2s - loss: 186.2506 - ssim_for2d: 0.8032 - psnr_for2d: 25.4547 - val_loss: 196.0879 - val_ssim_for2d: 0.7939 - val_psnr_for2d: 25.2222
Epoch 32/100
 - 2s - loss: 182.4390 - ssim_for2d: 0.8052 - psnr_for2d: 25.5431 - val_loss: 190.4065 - val_ssim_for2d: 0.7959 - val_psnr_for2d: 25.3518
Epoch 33/100
 - 2s - loss: 181.0230 - ssim_for2d: 0.8072 - psnr_for2d: 25.5798 - val_loss: 202.2201 - val_ssim_for2d: 0.7971 - val_psnr_for2d: 25.0892
Epoch 34/100
 - 2s - loss: 180.8566 - ssim_for2d: 0.8086 - psnr_for2d: 25.5825 - val_loss: 197.8605 - val_ssim_for2d: 0.7988 - val_psnr_for2d: 25.1846
Epoch 35/100
 - 2s - loss: 175.4877 - ssim_for2d: 0.8110 - psnr_for2d: 25.7162 - val_loss: 191.7947 - val_ssim_for2d: 0.7998 - val_psnr_for2d: 25.3232
Epoch 36/100
 - 2s - loss: 172.3735 - ssim_for2d: 0.8128 - psnr_for2d: 25.7937 - val_loss: 185.4045 - val_ssim_for2d: 0.8019 - val_psnr_for2d: 25.4707
Epoch 37/100
 - 2s - loss: 168.0694 - ssim_for2d: 0.8149 - psnr_for2d: 25.9050 - val_loss: 178.2056 - val_ssim_for2d: 0.8049 - val_psnr_for2d: 25.6427
Epoch 38/100
 - 2s - loss: 163.1980 - ssim_for2d: 0.8172 - psnr_for2d: 26.0334 - val_loss: 178.7095 - val_ssim_for2d: 0.8062 - val_psnr_for2d: 25.6338
Epoch 39/100
 - 2s - loss: 160.7093 - ssim_for2d: 0.8191 - psnr_for2d: 26.1004 - val_loss: 172.3872 - val_ssim_for2d: 0.8086 - val_psnr_for2d: 25.7892
Epoch 40/100
 - 2s - loss: 156.6829 - ssim_for2d: 0.8214 - psnr_for2d: 26.2115 - val_loss: 172.3582 - val_ssim_for2d: 0.8090 - val_psnr_for2d: 25.7927
Epoch 41/100
 - 2s - loss: 159.7288 - ssim_for2d: 0.8227 - psnr_for2d: 26.1272 - val_loss: 188.9880 - val_ssim_for2d: 0.8083 - val_psnr_for2d: 25.3866
Epoch 42/100
 - 2s - loss: 165.0291 - ssim_for2d: 0.8234 - psnr_for2d: 25.9890 - val_loss: 190.6342 - val_ssim_for2d: 0.8087 - val_psnr_for2d: 25.3507
Epoch 43/100
 - 2s - loss: 164.8551 - ssim_for2d: 0.8236 - psnr_for2d: 25.9932 - val_loss: 172.3432 - val_ssim_for2d: 0.8128 - val_psnr_for2d: 25.7908
Epoch 44/100
 - 2s - loss: 154.6781 - ssim_for2d: 0.8264 - psnr_for2d: 26.2669 - val_loss: 169.8902 - val_ssim_for2d: 0.8138 - val_psnr_for2d: 25.8560
Epoch 45/100
 - 3s - loss: 148.7093 - ssim_for2d: 0.8287 - psnr_for2d: 26.4380 - val_loss: 164.5941 - val_ssim_for2d: 0.8176 - val_psnr_for2d: 25.9960
Epoch 46/100
 - 2s - loss: 145.9132 - ssim_for2d: 0.8306 - psnr_for2d: 26.5222 - val_loss: 164.0273 - val_ssim_for2d: 0.8184 - val_psnr_for2d: 26.0153
Epoch 47/100
 - 3s - loss: 143.9093 - ssim_for2d: 0.8322 - psnr_for2d: 26.5827 - val_loss: 163.9743 - val_ssim_for2d: 0.8179 - val_psnr_for2d: 26.0158
Epoch 48/100
 - 3s - loss: 142.6024 - ssim_for2d: 0.8332 - psnr_for2d: 26.6225 - val_loss: 161.6431 - val_ssim_for2d: 0.8199 - val_psnr_for2d: 26.0806
Epoch 49/100
 - 3s - loss: 140.2222 - ssim_for2d: 0.8348 - psnr_for2d: 26.6964 - val_loss: 158.0830 - val_ssim_for2d: 0.8211 - val_psnr_for2d: 26.1809
Epoch 50/100
 - 2s - loss: 138.1101 - ssim_for2d: 0.8363 - psnr_for2d: 26.7621 - val_loss: 156.9967 - val_ssim_for2d: 0.8233 - val_psnr_for2d: 26.2064
Epoch 51/100
 - 2s - loss: 137.3768 - ssim_for2d: 0.8377 - psnr_for2d: 26.7849 - val_loss: 153.7329 - val_ssim_for2d: 0.8244 - val_psnr_for2d: 26.3037
Epoch 52/100
 - 2s - loss: 140.9413 - ssim_for2d: 0.8382 - psnr_for2d: 26.6842 - val_loss: 217.1238 - val_ssim_for2d: 0.8169 - val_psnr_for2d: 24.7870
Epoch 53/100
 - 2s - loss: 169.8425 - ssim_for2d: 0.8337 - psnr_for2d: 25.8926 - val_loss: 176.7628 - val_ssim_for2d: 0.8202 - val_psnr_for2d: 25.6895
Epoch 54/100
 - 2s - loss: 146.2211 - ssim_for2d: 0.8357 - psnr_for2d: 26.5126 - val_loss: 162.2715 - val_ssim_for2d: 0.8217 - val_psnr_for2d: 26.0671
Epoch 55/100
 - 2s - loss: 136.7503 - ssim_for2d: 0.8389 - psnr_for2d: 26.8079 - val_loss: 155.5324 - val_ssim_for2d: 0.8259 - val_psnr_for2d: 26.2532
Epoch 56/100
 - 2s - loss: 131.7916 - ssim_for2d: 0.8421 - psnr_for2d: 26.9667 - val_loss: 148.9186 - val_ssim_for2d: 0.8276 - val_psnr_for2d: 26.4501
Epoch 57/100
 - 2s - loss: 128.0298 - ssim_for2d: 0.8440 - psnr_for2d: 27.0946 - val_loss: 146.8426 - val_ssim_for2d: 0.8297 - val_psnr_for2d: 26.5137
Epoch 58/100
 - 2s - loss: 126.1458 - ssim_for2d: 0.8455 - psnr_for2d: 27.1597 - val_loss: 145.2868 - val_ssim_for2d: 0.8311 - val_psnr_for2d: 26.5572
Epoch 59/100
 - 2s - loss: 125.3044 - ssim_for2d: 0.8465 - psnr_for2d: 27.1889 - val_loss: 144.8676 - val_ssim_for2d: 0.8310 - val_psnr_for2d: 26.5797
Epoch 60/100
 - 2s - loss: 123.8389 - ssim_for2d: 0.8477 - psnr_for2d: 27.2413 - val_loss: 143.9925 - val_ssim_for2d: 0.8324 - val_psnr_for2d: 26.6033
Epoch 61/100
 - 2s - loss: 122.1526 - ssim_for2d: 0.8488 - psnr_for2d: 27.3004 - val_loss: 142.1148 - val_ssim_for2d: 0.8334 - val_psnr_for2d: 26.6652
Epoch 62/100
 - 2s - loss: 120.8795 - ssim_for2d: 0.8501 - psnr_for2d: 27.3468 - val_loss: 142.1472 - val_ssim_for2d: 0.8342 - val_psnr_for2d: 26.6632
Epoch 63/100
 - 2s - loss: 119.7543 - ssim_for2d: 0.8511 - psnr_for2d: 27.3864 - val_loss: 140.7248 - val_ssim_for2d: 0.8339 - val_psnr_for2d: 26.7138
Epoch 64/100
 - 2s - loss: 126.1647 - ssim_for2d: 0.8512 - psnr_for2d: 27.1604 - val_loss: 155.2338 - val_ssim_for2d: 0.8324 - val_psnr_for2d: 26.2704
Epoch 65/100
 - 2s - loss: 122.8342 - ssim_for2d: 0.8517 - psnr_for2d: 27.2754 - val_loss: 142.4604 - val_ssim_for2d: 0.8359 - val_psnr_for2d: 26.6575
Epoch 66/100
 - 2s - loss: 117.1166 - ssim_for2d: 0.8536 - psnr_for2d: 27.4830 - val_loss: 138.7972 - val_ssim_for2d: 0.8368 - val_psnr_for2d: 26.7759
Epoch 67/100
 - 2s - loss: 126.9588 - ssim_for2d: 0.8534 - psnr_for2d: 27.1352 - val_loss: 139.3799 - val_ssim_for2d: 0.8367 - val_psnr_for2d: 26.7595
Epoch 68/100
 - 2s - loss: 121.1095 - ssim_for2d: 0.8548 - psnr_for2d: 27.3387 - val_loss: 141.4495 - val_ssim_for2d: 0.8375 - val_psnr_for2d: 26.6902
Epoch 69/100
 - 2s - loss: 115.7733 - ssim_for2d: 0.8561 - psnr_for2d: 27.5332 - val_loss: 136.4063 - val_ssim_for2d: 0.8384 - val_psnr_for2d: 26.8597
Epoch 70/100
 - 2s - loss: 116.5084 - ssim_for2d: 0.8571 - psnr_for2d: 27.5088 - val_loss: 151.5519 - val_ssim_for2d: 0.8385 - val_psnr_for2d: 26.3869
Epoch 71/100
 - 2s - loss: 121.0736 - ssim_for2d: 0.8572 - psnr_for2d: 27.3398 - val_loss: 134.7184 - val_ssim_for2d: 0.8401 - val_psnr_for2d: 26.9225
Epoch 72/100
 - 2s - loss: 113.6158 - ssim_for2d: 0.8588 - psnr_for2d: 27.6162 - val_loss: 141.9037 - val_ssim_for2d: 0.8390 - val_psnr_for2d: 26.6813
Epoch 73/100
 - 2s - loss: 113.3001 - ssim_for2d: 0.8596 - psnr_for2d: 27.6294 - val_loss: 133.8179 - val_ssim_for2d: 0.8409 - val_psnr_for2d: 26.9507
Epoch 74/100
 - 2s - loss: 112.2385 - ssim_for2d: 0.8604 - psnr_for2d: 27.6692 - val_loss: 140.3631 - val_ssim_for2d: 0.8422 - val_psnr_for2d: 26.7383
Epoch 75/100
 - 2s - loss: 109.5964 - ssim_for2d: 0.8619 - psnr_for2d: 27.7738 - val_loss: 132.5512 - val_ssim_for2d: 0.8425 - val_psnr_for2d: 26.9984
Epoch 76/100
 - 2s - loss: 105.9021 - ssim_for2d: 0.8630 - psnr_for2d: 27.9245 - val_loss: 130.5721 - val_ssim_for2d: 0.8435 - val_psnr_for2d: 27.0707
Epoch 77/100
 - 2s - loss: 106.6961 - ssim_for2d: 0.8638 - psnr_for2d: 27.8908 - val_loss: 132.9827 - val_ssim_for2d: 0.8435 - val_psnr_for2d: 26.9862
Epoch 78/100
 - 2s - loss: 104.7134 - ssim_for2d: 0.8645 - psnr_for2d: 27.9741 - val_loss: 129.7474 - val_ssim_for2d: 0.8448 - val_psnr_for2d: 27.1029
Epoch 79/100
 - 3s - loss: 114.5916 - ssim_for2d: 0.8644 - psnr_for2d: 27.5996 - val_loss: 160.7723 - val_ssim_for2d: 0.8417 - val_psnr_for2d: 26.1328
Epoch 80/100
 - 2s - loss: 114.9048 - ssim_for2d: 0.8638 - psnr_for2d: 27.5788 - val_loss: 134.9716 - val_ssim_for2d: 0.8461 - val_psnr_for2d: 26.9195
Epoch 81/100
 - 3s - loss: 106.1372 - ssim_for2d: 0.8660 - psnr_for2d: 27.9138 - val_loss: 127.0827 - val_ssim_for2d: 0.8473 - val_psnr_for2d: 27.1898
Epoch 82/100
 - 3s - loss: 100.8826 - ssim_for2d: 0.8675 - psnr_for2d: 28.1365 - val_loss: 127.5419 - val_ssim_for2d: 0.8466 - val_psnr_for2d: 27.1863
Epoch 83/100
 - 3s - loss: 99.5797 - ssim_for2d: 0.8686 - psnr_for2d: 28.1931 - val_loss: 126.2331 - val_ssim_for2d: 0.8488 - val_psnr_for2d: 27.2279
Epoch 84/100
 - 3s - loss: 98.7467 - ssim_for2d: 0.8694 - psnr_for2d: 28.2302 - val_loss: 125.7023 - val_ssim_for2d: 0.8490 - val_psnr_for2d: 27.2516
Epoch 85/100
 - 2s - loss: 108.0268 - ssim_for2d: 0.8692 - psnr_for2d: 27.8534 - val_loss: 148.6406 - val_ssim_for2d: 0.8481 - val_psnr_for2d: 26.4896
Epoch 86/100
 - 2s - loss: 105.4855 - ssim_for2d: 0.8698 - psnr_for2d: 27.9483 - val_loss: 124.5080 - val_ssim_for2d: 0.8505 - val_psnr_for2d: 27.2902
Epoch 87/100
 - 2s - loss: 98.4769 - ssim_for2d: 0.8712 - psnr_for2d: 28.2410 - val_loss: 127.2882 - val_ssim_for2d: 0.8485 - val_psnr_for2d: 27.2049
Epoch 88/100
 - 2s - loss: 97.7502 - ssim_for2d: 0.8718 - psnr_for2d: 28.2723 - val_loss: 124.1995 - val_ssim_for2d: 0.8516 - val_psnr_for2d: 27.3044
Epoch 89/100
 - 2s - loss: 95.3900 - ssim_for2d: 0.8728 - psnr_for2d: 28.3793 - val_loss: 123.0149 - val_ssim_for2d: 0.8516 - val_psnr_for2d: 27.3568
Epoch 90/100
 - 2s - loss: 94.3804 - ssim_for2d: 0.8736 - psnr_for2d: 28.4258 - val_loss: 122.8833 - val_ssim_for2d: 0.8525 - val_psnr_for2d: 27.3590
Epoch 91/100
 - 2s - loss: 117.1950 - ssim_for2d: 0.8715 - psnr_for2d: 27.5149 - val_loss: 125.2971 - val_ssim_for2d: 0.8510 - val_psnr_for2d: 27.2633
Epoch 92/100
 - 2s - loss: 101.3503 - ssim_for2d: 0.8725 - psnr_for2d: 28.1172 - val_loss: 130.0119 - val_ssim_for2d: 0.8507 - val_psnr_for2d: 27.1083
Epoch 93/100
 - 2s - loss: 96.5329 - ssim_for2d: 0.8743 - psnr_for2d: 28.3276 - val_loss: 121.1479 - val_ssim_for2d: 0.8541 - val_psnr_for2d: 27.4284
Epoch 94/100
 - 2s - loss: 92.8189 - ssim_for2d: 0.8756 - psnr_for2d: 28.5000 - val_loss: 123.0150 - val_ssim_for2d: 0.8541 - val_psnr_for2d: 27.3579
Epoch 95/100
 - 2s - loss: 92.4338 - ssim_for2d: 0.8765 - psnr_for2d: 28.5183 - val_loss: 124.0550 - val_ssim_for2d: 0.8539 - val_psnr_for2d: 27.3211
Epoch 96/100
 - 2s - loss: 92.2872 - ssim_for2d: 0.8774 - psnr_for2d: 28.5238 - val_loss: 123.7972 - val_ssim_for2d: 0.8557 - val_psnr_for2d: 27.3297
Epoch 97/100
 - 2s - loss: 99.3342 - ssim_for2d: 0.8772 - psnr_for2d: 28.2003 - val_loss: 121.8538 - val_ssim_for2d: 0.8553 - val_psnr_for2d: 27.4140
Epoch 98/100
 - 2s - loss: 89.9836 - ssim_for2d: 0.8786 - psnr_for2d: 28.6363 - val_loss: 119.8453 - val_ssim_for2d: 0.8566 - val_psnr_for2d: 27.4855
Epoch 99/100
 - 2s - loss: 90.2581 - ssim_for2d: 0.8791 - psnr_for2d: 28.6222 - val_loss: 121.4684 - val_ssim_for2d: 0.8576 - val_psnr_for2d: 27.4217
Epoch 100/100
 - 2s - loss: 99.3784 - ssim_for2d: 0.8788 - psnr_for2d: 28.2013 - val_loss: 128.0339 - val_ssim_for2d: 0.8552 - val_psnr_for2d: 27.1830
236/236 [==============================] - 2s 10ms/step
 
after model.fit, train_x and train_y shape: (236, 5, 64, 64, 1) (236, 60, 60, 1)
shape pf test_x (60, 5, 64, 64, 1) shape of test_y (60, 60, 60, 1)
60/60 [==============================] - 0s 4ms/step
mean_squared_error_test, ssim_test, psnr_test 138.26324005126952 0.8486381928126018 26.781719080607097
AMOUNT, BATCH, TARGET_HEIGHT: 296 20 64
without processed by neural network:
psnr =  22.13051281787807
ssim =  0.7328004798243157
performance after processed by nerual network:
psnr:  28.07937738450907
ssim:  0.8731094901844606
performance of predicted images:
psnr, ssim for raw data: 22.15469605738412 0.7350725715496504
psnr, ssim for predicted result: 26.781719357847788 0.8690577063523699
mae, mse for raw data: 10.585930555555555 396.00651388888895
mae, mse for predicted result 6.455769880612691 138.26324755350748
