Using TensorFlow backend.
2019-07-10 09:04:22.665935: I tensorflow/core/platform/cpu_feature_guard.cc:141] Your CPU supports instructions that this TensorFlow binary was not compiled to use: SSE4.1 SSE4.2
2019-07-10 09:04:22.761011: I tensorflow/core/platform/profile_utils/cpu_utils.cc:94] CPU Frequency: 2659960000 Hz
2019-07-10 09:04:22.766990: I tensorflow/compiler/xla/service/service.cc:150] XLA service 0x55a3df9f4b50 executing computations on platform Host. Devices:
2019-07-10 09:04:22.767082: I tensorflow/compiler/xla/service/service.cc:158]   StreamExecutor device (0): <undefined>, <undefined>
2019-07-10 09:04:23.031900: I tensorflow/stream_executor/cuda/cuda_gpu_executor.cc:998] successful NUMA node read from SysFS had negative value (-1), but there must be at least one NUMA node, so returning NUMA node zero
2019-07-10 09:04:23.032343: I tensorflow/core/common_runtime/gpu/gpu_device.cc:1433] Found device 0 with properties: 
name: GeForce GTX 1650 major: 7 minor: 5 memoryClockRate(GHz): 1.665
pciBusID: 0000:0f:00.0
totalMemory: 3.82GiB freeMemory: 3.49GiB
2019-07-10 09:04:23.032371: I tensorflow/core/common_runtime/gpu/gpu_device.cc:1512] Adding visible gpu devices: 0
2019-07-10 09:04:23.044909: I tensorflow/core/common_runtime/gpu/gpu_device.cc:984] Device interconnect StreamExecutor with strength 1 edge matrix:
2019-07-10 09:04:23.044932: I tensorflow/core/common_runtime/gpu/gpu_device.cc:990]      0 
2019-07-10 09:04:23.044942: I tensorflow/core/common_runtime/gpu/gpu_device.cc:1003] 0:   N 
2019-07-10 09:04:23.045078: I tensorflow/core/common_runtime/gpu/gpu_device.cc:1115] Created TensorFlow device (/job:localhost/replica:0/task:0/device:GPU:0 with 3273 MB memory) -> physical GPU (device: 0, name: GeForce GTX 1650, pci bus id: 0000:0f:00.0, compute capability: 7.5)
2019-07-10 09:04:23.057908: I tensorflow/compiler/xla/service/service.cc:150] XLA service 0x55a3df746b50 executing computations on platform CUDA. Devices:
2019-07-10 09:04:23.057948: I tensorflow/compiler/xla/service/service.cc:158]   StreamExecutor device (0): GeForce GTX 1650, Compute Capability 7.5
2019-07-10 09:04:36.125285: I tensorflow/core/common_runtime/gpu/gpu_device.cc:1512] Adding visible gpu devices: 0
2019-07-10 09:04:36.125382: I tensorflow/core/common_runtime/gpu/gpu_device.cc:984] Device interconnect StreamExecutor with strength 1 edge matrix:
2019-07-10 09:04:36.125406: I tensorflow/core/common_runtime/gpu/gpu_device.cc:990]      0 
2019-07-10 09:04:36.125419: I tensorflow/core/common_runtime/gpu/gpu_device.cc:1003] 0:   N 
2019-07-10 09:04:36.125536: I tensorflow/core/common_runtime/gpu/gpu_device.cc:1115] Created TensorFlow device (/job:localhost/replica:0/task:0/device:GPU:0 with 3273 MB memory) -> physical GPU (device: 0, name: GeForce GTX 1650, pci bus id: 0000:0f:00.0, compute capability: 7.5)
2019-07-10 09:04:39.043304: I tensorflow/core/common_runtime/gpu/gpu_device.cc:1512] Adding visible gpu devices: 0
2019-07-10 09:04:39.043375: I tensorflow/core/common_runtime/gpu/gpu_device.cc:984] Device interconnect StreamExecutor with strength 1 edge matrix:
2019-07-10 09:04:39.043392: I tensorflow/core/common_runtime/gpu/gpu_device.cc:990]      0 
2019-07-10 09:04:39.043407: I tensorflow/core/common_runtime/gpu/gpu_device.cc:1003] 0:   N 
2019-07-10 09:04:39.043503: I tensorflow/core/common_runtime/gpu/gpu_device.cc:1115] Created TensorFlow device (/job:localhost/replica:0/task:0/device:GPU:0 with 3273 MB memory) -> physical GPU (device: 0, name: GeForce GTX 1650, pci bus id: 0000:0f:00.0, compute capability: 7.5)
2019-07-10 09:04:39.850601: I tensorflow/core/common_runtime/gpu/gpu_device.cc:1512] Adding visible gpu devices: 0
2019-07-10 09:04:39.850664: I tensorflow/core/common_runtime/gpu/gpu_device.cc:984] Device interconnect StreamExecutor with strength 1 edge matrix:
2019-07-10 09:04:39.850676: I tensorflow/core/common_runtime/gpu/gpu_device.cc:990]      0 
2019-07-10 09:04:39.850685: I tensorflow/core/common_runtime/gpu/gpu_device.cc:1003] 0:   N 
2019-07-10 09:04:39.850786: I tensorflow/core/common_runtime/gpu/gpu_device.cc:1115] Created TensorFlow device (/job:localhost/replica:0/task:0/device:GPU:0 with 3273 MB memory) -> physical GPU (device: 0, name: GeForce GTX 1650, pci bus id: 0000:0f:00.0, compute capability: 7.5)
2019-07-10 09:04:40.280000: I tensorflow/core/common_runtime/gpu/gpu_device.cc:1512] Adding visible gpu devices: 0
2019-07-10 09:04:40.280063: I tensorflow/core/common_runtime/gpu/gpu_device.cc:984] Device interconnect StreamExecutor with strength 1 edge matrix:
2019-07-10 09:04:40.280074: I tensorflow/core/common_runtime/gpu/gpu_device.cc:990]      0 
2019-07-10 09:04:40.280088: I tensorflow/core/common_runtime/gpu/gpu_device.cc:1003] 0:   N 
2019-07-10 09:04:40.280188: I tensorflow/core/common_runtime/gpu/gpu_device.cc:1115] Created TensorFlow device (/job:localhost/replica:0/task:0/device:GPU:0 with 3273 MB memory) -> physical GPU (device: 0, name: GeForce GTX 1650, pci bus id: 0000:0f:00.0, compute capability: 7.5)
WARNING:tensorflow:From /home/user1/.conda/envs/tf-gpu/lib/python3.7/site-packages/tensorflow/python/framework/op_def_library.py:263: colocate_with (from tensorflow.python.framework.ops) is deprecated and will be removed in a future version.
Instructions for updating:
Colocations handled automatically by placer.
_________________________________________________________________
Layer (type)                 Output Shape              Param #   
=================================================================
conv3d_1 (Conv3D)            (None, 5, 64, 64, 32)     896       
_________________________________________________________________
conv3d_2 (Conv3D)            (None, 5, 64, 64, 32)     27680     
_________________________________________________________________
conv3d_3 (Conv3D)            (None, 5, 64, 64, 32)     27680     
_________________________________________________________________
conv3d_4 (Conv3D)            (None, 5, 64, 64, 32)     27680     
_________________________________________________________________
conv3d_5 (Conv3D)            (None, 5, 64, 64, 32)     27680     
_________________________________________________________________
conv3d_6 (Conv3D)            (None, 3, 62, 62, 32)     27680     
_________________________________________________________________
conv3d_7 (Conv3D)            (None, 1, 60, 60, 32)     27680     
_________________________________________________________________
reshape_1 (Reshape)          (None, 60, 60, 32)        0         
_________________________________________________________________
conv2d_1 (Conv2D)            (None, 60, 60, 1)         289       
=================================================================
Total params: 167,265
Trainable params: 167,265
Non-trainable params: 0
_________________________________________________________________
None
shape of train_x (236, 5, 64, 64, 1) shape of train_y (236, 60, 60, 1)
WARNING:tensorflow:From /home/user1/.conda/envs/tf-gpu/lib/python3.7/site-packages/tensorflow/python/ops/math_ops.py:3066: to_int32 (from tensorflow.python.ops.math_ops) is deprecated and will be removed in a future version.
Instructions for updating:
Use tf.cast instead.
Train on 188 samples, validate on 48 samples
Epoch 1/500
2019-07-10 09:04:41.967079: I tensorflow/core/common_runtime/gpu/gpu_device.cc:1512] Adding visible gpu devices: 0
2019-07-10 09:04:41.967135: I tensorflow/core/common_runtime/gpu/gpu_device.cc:984] Device interconnect StreamExecutor with strength 1 edge matrix:
2019-07-10 09:04:41.967147: I tensorflow/core/common_runtime/gpu/gpu_device.cc:990]      0 
2019-07-10 09:04:41.967155: I tensorflow/core/common_runtime/gpu/gpu_device.cc:1003] 0:   N 
2019-07-10 09:04:41.967252: I tensorflow/core/common_runtime/gpu/gpu_device.cc:1115] Created TensorFlow device (/job:localhost/replica:0/task:0/device:GPU:0 with 3273 MB memory) -> physical GPU (device: 0, name: GeForce GTX 1650, pci bus id: 0000:0f:00.0, compute capability: 7.5)
 - 26s - loss: 18721.4884 - ssim_for2d: 0.2087 - psnr_for2d: 7.0259 - val_loss: 18907.1608 - val_ssim_for2d: 0.0647 - val_psnr_for2d: 5.3649
Epoch 2/500
 - 3s - loss: 15375.6778 - ssim_for2d: 0.1679 - psnr_for2d: 6.8538 - val_loss: 5522.4655 - val_ssim_for2d: 0.4320 - val_psnr_for2d: 10.7104
Epoch 3/500
 - 3s - loss: 3635.6480 - ssim_for2d: 0.4325 - psnr_for2d: 12.9599 - val_loss: 1437.7169 - val_ssim_for2d: 0.4561 - val_psnr_for2d: 16.5545
Epoch 4/500
 - 3s - loss: 1851.9149 - ssim_for2d: 0.4547 - psnr_for2d: 15.5263 - val_loss: 1344.9205 - val_ssim_for2d: 0.4542 - val_psnr_for2d: 16.8443
Epoch 5/500
 - 4s - loss: 1504.0960 - ssim_for2d: 0.4588 - psnr_for2d: 16.3687 - val_loss: 1306.9909 - val_ssim_for2d: 0.4562 - val_psnr_for2d: 16.9686
Epoch 6/500
 - 3s - loss: 1342.9803 - ssim_for2d: 0.4626 - psnr_for2d: 16.8528 - val_loss: 1215.6645 - val_ssim_for2d: 0.4620 - val_psnr_for2d: 17.2831
Epoch 7/500
 - 3s - loss: 1201.4393 - ssim_for2d: 0.4762 - psnr_for2d: 17.3374 - val_loss: 1072.0421 - val_ssim_for2d: 0.4964 - val_psnr_for2d: 17.8295
Epoch 8/500
 - 3s - loss: 1085.6059 - ssim_for2d: 0.5111 - psnr_for2d: 17.7753 - val_loss: 1014.4255 - val_ssim_for2d: 0.5130 - val_psnr_for2d: 18.0698
Epoch 9/500
 - 3s - loss: 1023.2975 - ssim_for2d: 0.5189 - psnr_for2d: 18.0322 - val_loss: 955.0229 - val_ssim_for2d: 0.5194 - val_psnr_for2d: 18.3327
Epoch 10/500
 - 3s - loss: 947.4494 - ssim_for2d: 0.5236 - psnr_for2d: 18.3676 - val_loss: 896.4444 - val_ssim_for2d: 0.5221 - val_psnr_for2d: 18.6082
Epoch 11/500
 - 3s - loss: 899.3302 - ssim_for2d: 0.5287 - psnr_for2d: 18.5934 - val_loss: 873.4424 - val_ssim_for2d: 0.5289 - val_psnr_for2d: 18.7207
Epoch 12/500
 - 3s - loss: 876.1655 - ssim_for2d: 0.5344 - psnr_for2d: 18.7066 - val_loss: 858.3870 - val_ssim_for2d: 0.5318 - val_psnr_for2d: 18.7962
Epoch 13/500
 - 3s - loss: 855.9531 - ssim_for2d: 0.5390 - psnr_for2d: 18.8078 - val_loss: 840.5418 - val_ssim_for2d: 0.5364 - val_psnr_for2d: 18.8871
Epoch 14/500
 - 3s - loss: 842.2525 - ssim_for2d: 0.5443 - psnr_for2d: 18.8779 - val_loss: 837.9855 - val_ssim_for2d: 0.5402 - val_psnr_for2d: 18.9001
Epoch 15/500
 - 3s - loss: 824.6996 - ssim_for2d: 0.5497 - psnr_for2d: 18.9695 - val_loss: 816.4576 - val_ssim_for2d: 0.5437 - val_psnr_for2d: 19.0130
Epoch 16/500
 - 3s - loss: 807.9749 - ssim_for2d: 0.5537 - psnr_for2d: 19.0585 - val_loss: 806.4308 - val_ssim_for2d: 0.5466 - val_psnr_for2d: 19.0665
Epoch 17/500
 - 3s - loss: 793.7929 - ssim_for2d: 0.5573 - psnr_for2d: 19.1355 - val_loss: 801.8247 - val_ssim_for2d: 0.5469 - val_psnr_for2d: 19.0918
Epoch 18/500
 - 3s - loss: 778.4388 - ssim_for2d: 0.5612 - psnr_for2d: 19.2207 - val_loss: 782.2906 - val_ssim_for2d: 0.5497 - val_psnr_for2d: 19.1985
Epoch 19/500
 - 3s - loss: 762.1221 - ssim_for2d: 0.5654 - psnr_for2d: 19.3126 - val_loss: 772.3460 - val_ssim_for2d: 0.5509 - val_psnr_for2d: 19.2540
Epoch 20/500
 - 3s - loss: 746.8943 - ssim_for2d: 0.5688 - psnr_for2d: 19.4004 - val_loss: 761.4467 - val_ssim_for2d: 0.5533 - val_psnr_for2d: 19.3157
Epoch 21/500
 - 3s - loss: 732.0008 - ssim_for2d: 0.5729 - psnr_for2d: 19.4880 - val_loss: 755.6351 - val_ssim_for2d: 0.5568 - val_psnr_for2d: 19.3488
Epoch 22/500
 - 3s - loss: 718.7594 - ssim_for2d: 0.5778 - psnr_for2d: 19.5677 - val_loss: 754.1644 - val_ssim_for2d: 0.5584 - val_psnr_for2d: 19.3571
Epoch 23/500
 - 3s - loss: 704.4083 - ssim_for2d: 0.5815 - psnr_for2d: 19.6551 - val_loss: 749.8270 - val_ssim_for2d: 0.5583 - val_psnr_for2d: 19.3828
Epoch 24/500
 - 3s - loss: 686.9140 - ssim_for2d: 0.5856 - psnr_for2d: 19.7650 - val_loss: 725.7974 - val_ssim_for2d: 0.5639 - val_psnr_for2d: 19.5240
Epoch 25/500
 - 3s - loss: 669.2549 - ssim_for2d: 0.5907 - psnr_for2d: 19.8784 - val_loss: 722.5489 - val_ssim_for2d: 0.5667 - val_psnr_for2d: 19.5431
Epoch 26/500
 - 3s - loss: 655.8852 - ssim_for2d: 0.5967 - psnr_for2d: 19.9662 - val_loss: 704.4268 - val_ssim_for2d: 0.5682 - val_psnr_for2d: 19.6538
Epoch 27/500
 - 3s - loss: 632.9797 - ssim_for2d: 0.6028 - psnr_for2d: 20.1210 - val_loss: 681.9100 - val_ssim_for2d: 0.5756 - val_psnr_for2d: 19.7948
Epoch 28/500
 - 3s - loss: 615.2919 - ssim_for2d: 0.6096 - psnr_for2d: 20.2443 - val_loss: 669.6809 - val_ssim_for2d: 0.5809 - val_psnr_for2d: 19.8732
Epoch 29/500
 - 3s - loss: 593.5358 - ssim_for2d: 0.6162 - psnr_for2d: 20.4004 - val_loss: 653.9459 - val_ssim_for2d: 0.5870 - val_psnr_for2d: 19.9765
Epoch 30/500
 - 3s - loss: 580.9743 - ssim_for2d: 0.6224 - psnr_for2d: 20.4937 - val_loss: 646.0456 - val_ssim_for2d: 0.5900 - val_psnr_for2d: 20.0296
Epoch 31/500
 - 3s - loss: 572.6992 - ssim_for2d: 0.6273 - psnr_for2d: 20.5566 - val_loss: 663.7474 - val_ssim_for2d: 0.5880 - val_psnr_for2d: 19.9131
Epoch 32/500
 - 3s - loss: 564.5219 - ssim_for2d: 0.6325 - psnr_for2d: 20.6199 - val_loss: 617.0504 - val_ssim_for2d: 0.6010 - val_psnr_for2d: 20.2292
Epoch 33/500
 - 3s - loss: 533.4828 - ssim_for2d: 0.6392 - psnr_for2d: 20.8652 - val_loss: 609.4570 - val_ssim_for2d: 0.6044 - val_psnr_for2d: 20.2840
Epoch 34/500
 - 3s - loss: 521.7742 - ssim_for2d: 0.6447 - psnr_for2d: 20.9615 - val_loss: 592.4575 - val_ssim_for2d: 0.6111 - val_psnr_for2d: 20.4063
Epoch 35/500
 - 3s - loss: 507.0609 - ssim_for2d: 0.6503 - psnr_for2d: 21.0861 - val_loss: 592.0618 - val_ssim_for2d: 0.6170 - val_psnr_for2d: 20.4095
Epoch 36/500
 - 3s - loss: 494.6785 - ssim_for2d: 0.6562 - psnr_for2d: 21.1937 - val_loss: 580.9363 - val_ssim_for2d: 0.6162 - val_psnr_for2d: 20.4920
Epoch 37/500
 - 3s - loss: 479.0323 - ssim_for2d: 0.6604 - psnr_for2d: 21.3337 - val_loss: 570.0716 - val_ssim_for2d: 0.6222 - val_psnr_for2d: 20.5750
Epoch 38/500
 - 3s - loss: 466.1411 - ssim_for2d: 0.6651 - psnr_for2d: 21.4528 - val_loss: 557.8874 - val_ssim_for2d: 0.6257 - val_psnr_for2d: 20.6684
Epoch 39/500
 - 3s - loss: 451.9286 - ssim_for2d: 0.6691 - psnr_for2d: 21.5875 - val_loss: 547.4800 - val_ssim_for2d: 0.6306 - val_psnr_for2d: 20.7508
Epoch 40/500
 - 3s - loss: 465.6450 - ssim_for2d: 0.6724 - psnr_for2d: 21.4610 - val_loss: 577.7874 - val_ssim_for2d: 0.6315 - val_psnr_for2d: 20.5168
Epoch 41/500
 - 3s - loss: 450.5297 - ssim_for2d: 0.6756 - psnr_for2d: 21.6035 - val_loss: 541.8288 - val_ssim_for2d: 0.6356 - val_psnr_for2d: 20.7962
Epoch 42/500
 - 3s - loss: 432.3544 - ssim_for2d: 0.6788 - psnr_for2d: 21.7806 - val_loss: 542.0743 - val_ssim_for2d: 0.6381 - val_psnr_for2d: 20.7941
Epoch 43/500
 - 3s - loss: 422.5550 - ssim_for2d: 0.6818 - psnr_for2d: 21.8803 - val_loss: 525.9770 - val_ssim_for2d: 0.6407 - val_psnr_for2d: 20.9255
Epoch 44/500
 - 3s - loss: 410.1942 - ssim_for2d: 0.6846 - psnr_for2d: 22.0094 - val_loss: 524.8969 - val_ssim_for2d: 0.6411 - val_psnr_for2d: 20.9346
Epoch 45/500
 - 3s - loss: 405.0139 - ssim_for2d: 0.6875 - psnr_for2d: 22.0642 - val_loss: 519.1720 - val_ssim_for2d: 0.6451 - val_psnr_for2d: 20.9837
Epoch 46/500
 - 3s - loss: 399.2381 - ssim_for2d: 0.6902 - psnr_for2d: 22.1270 - val_loss: 510.4614 - val_ssim_for2d: 0.6476 - val_psnr_for2d: 21.0557
Epoch 47/500
 - 3s - loss: 395.4377 - ssim_for2d: 0.6930 - psnr_for2d: 22.1686 - val_loss: 507.1618 - val_ssim_for2d: 0.6488 - val_psnr_for2d: 21.0854
Epoch 48/500
 - 3s - loss: 382.6816 - ssim_for2d: 0.6955 - psnr_for2d: 22.3115 - val_loss: 510.6747 - val_ssim_for2d: 0.6498 - val_psnr_for2d: 21.0560
Epoch 49/500
 - 3s - loss: 379.0568 - ssim_for2d: 0.6978 - psnr_for2d: 22.3523 - val_loss: 510.5784 - val_ssim_for2d: 0.6543 - val_psnr_for2d: 21.0559
Epoch 50/500
 - 3s - loss: 384.9271 - ssim_for2d: 0.7007 - psnr_for2d: 22.2862 - val_loss: 516.9648 - val_ssim_for2d: 0.6534 - val_psnr_for2d: 21.0049
Epoch 51/500
 - 3s - loss: 371.3990 - ssim_for2d: 0.7027 - psnr_for2d: 22.4408 - val_loss: 491.8746 - val_ssim_for2d: 0.6547 - val_psnr_for2d: 21.2196
Epoch 52/500
 - 3s - loss: 376.1390 - ssim_for2d: 0.7039 - psnr_for2d: 22.3871 - val_loss: 506.9716 - val_ssim_for2d: 0.6577 - val_psnr_for2d: 21.0878
Epoch 53/500
 - 3s - loss: 364.0785 - ssim_for2d: 0.7067 - psnr_for2d: 22.5279 - val_loss: 492.9794 - val_ssim_for2d: 0.6569 - val_psnr_for2d: 21.2106
Epoch 54/500
 - 3s - loss: 352.1205 - ssim_for2d: 0.7089 - psnr_for2d: 22.6725 - val_loss: 481.4666 - val_ssim_for2d: 0.6611 - val_psnr_for2d: 21.3144
Epoch 55/500
 - 3s - loss: 345.5889 - ssim_for2d: 0.7110 - psnr_for2d: 22.7537 - val_loss: 479.2462 - val_ssim_for2d: 0.6623 - val_psnr_for2d: 21.3342
Epoch 56/500
 - 3s - loss: 349.3104 - ssim_for2d: 0.7128 - psnr_for2d: 22.7126 - val_loss: 541.6722 - val_ssim_for2d: 0.6640 - val_psnr_for2d: 20.8023
Epoch 57/500
 - 3s - loss: 362.5545 - ssim_for2d: 0.7149 - psnr_for2d: 22.5517 - val_loss: 506.8913 - val_ssim_for2d: 0.6642 - val_psnr_for2d: 21.0915
Epoch 58/500
 - 3s - loss: 343.0010 - ssim_for2d: 0.7165 - psnr_for2d: 22.7871 - val_loss: 473.0759 - val_ssim_for2d: 0.6671 - val_psnr_for2d: 21.3911
Epoch 59/500
 - 3s - loss: 330.7382 - ssim_for2d: 0.7180 - psnr_for2d: 22.9444 - val_loss: 473.8530 - val_ssim_for2d: 0.6672 - val_psnr_for2d: 21.3847
Epoch 60/500
 - 3s - loss: 328.4632 - ssim_for2d: 0.7199 - psnr_for2d: 22.9742 - val_loss: 467.3599 - val_ssim_for2d: 0.6701 - val_psnr_for2d: 21.4453
Epoch 61/500
 - 3s - loss: 323.5777 - ssim_for2d: 0.7216 - psnr_for2d: 23.0403 - val_loss: 474.3134 - val_ssim_for2d: 0.6715 - val_psnr_for2d: 21.3820
Epoch 62/500
 - 4s - loss: 319.8894 - ssim_for2d: 0.7235 - psnr_for2d: 23.0896 - val_loss: 466.6949 - val_ssim_for2d: 0.6714 - val_psnr_for2d: 21.4533
Epoch 63/500
 - 4s - loss: 316.8308 - ssim_for2d: 0.7247 - psnr_for2d: 23.1317 - val_loss: 468.2347 - val_ssim_for2d: 0.6717 - val_psnr_for2d: 21.4373
Epoch 64/500
 - 3s - loss: 310.8861 - ssim_for2d: 0.7266 - psnr_for2d: 23.2139 - val_loss: 459.8446 - val_ssim_for2d: 0.6744 - val_psnr_for2d: 21.5182
Epoch 65/500
 - 4s - loss: 315.7391 - ssim_for2d: 0.7278 - psnr_for2d: 23.1487 - val_loss: 495.6700 - val_ssim_for2d: 0.6763 - val_psnr_for2d: 21.1872
Epoch 66/500
 - 3s - loss: 324.9253 - ssim_for2d: 0.7282 - psnr_for2d: 23.0249 - val_loss: 465.9747 - val_ssim_for2d: 0.6748 - val_psnr_for2d: 21.4610
Epoch 67/500
 - 3s - loss: 316.2395 - ssim_for2d: 0.7293 - psnr_for2d: 23.1413 - val_loss: 482.5015 - val_ssim_for2d: 0.6773 - val_psnr_for2d: 21.3094
Epoch 68/500
 - 3s - loss: 308.3533 - ssim_for2d: 0.7314 - psnr_for2d: 23.2499 - val_loss: 459.9188 - val_ssim_for2d: 0.6765 - val_psnr_for2d: 21.5174
Epoch 69/500
 - 3s - loss: 296.5683 - ssim_for2d: 0.7323 - psnr_for2d: 23.4184 - val_loss: 451.4624 - val_ssim_for2d: 0.6800 - val_psnr_for2d: 21.5990
Epoch 70/500
 - 4s - loss: 291.4492 - ssim_for2d: 0.7340 - psnr_for2d: 23.4940 - val_loss: 448.9933 - val_ssim_for2d: 0.6803 - val_psnr_for2d: 21.6229
Epoch 71/500
 - 4s - loss: 296.3943 - ssim_for2d: 0.7351 - psnr_for2d: 23.4241 - val_loss: 479.6189 - val_ssim_for2d: 0.6816 - val_psnr_for2d: 21.3374
Epoch 72/500
 - 3s - loss: 299.0440 - ssim_for2d: 0.7369 - psnr_for2d: 23.3835 - val_loss: 444.5661 - val_ssim_for2d: 0.6837 - val_psnr_for2d: 21.6667
Epoch 73/500
 - 4s - loss: 290.8170 - ssim_for2d: 0.7376 - psnr_for2d: 23.5031 - val_loss: 453.0804 - val_ssim_for2d: 0.6806 - val_psnr_for2d: 21.5835
Epoch 74/500
 - 4s - loss: 289.6978 - ssim_for2d: 0.7384 - psnr_for2d: 23.5221 - val_loss: 452.5668 - val_ssim_for2d: 0.6818 - val_psnr_for2d: 21.5874
Epoch 75/500
 - 3s - loss: 287.1615 - ssim_for2d: 0.7393 - psnr_for2d: 23.5585 - val_loss: 452.1482 - val_ssim_for2d: 0.6845 - val_psnr_for2d: 21.5973
Epoch 76/500
 - 3s - loss: 279.9291 - ssim_for2d: 0.7408 - psnr_for2d: 23.6691 - val_loss: 447.3538 - val_ssim_for2d: 0.6844 - val_psnr_for2d: 21.6418
Epoch 77/500
 - 4s - loss: 272.6397 - ssim_for2d: 0.7419 - psnr_for2d: 23.7835 - val_loss: 440.2576 - val_ssim_for2d: 0.6861 - val_psnr_for2d: 21.7118
Epoch 78/500
 - 3s - loss: 274.4233 - ssim_for2d: 0.7432 - psnr_for2d: 23.7563 - val_loss: 482.8569 - val_ssim_for2d: 0.6877 - val_psnr_for2d: 21.3101
Epoch 79/500
 - 3s - loss: 290.0705 - ssim_for2d: 0.7442 - psnr_for2d: 23.5230 - val_loss: 445.4368 - val_ssim_for2d: 0.6858 - val_psnr_for2d: 21.6603
Epoch 80/500
 - 4s - loss: 267.5485 - ssim_for2d: 0.7454 - psnr_for2d: 23.8648 - val_loss: 443.2803 - val_ssim_for2d: 0.6880 - val_psnr_for2d: 21.6819
Epoch 81/500
 - 3s - loss: 267.2500 - ssim_for2d: 0.7467 - psnr_for2d: 23.8700 - val_loss: 435.1370 - val_ssim_for2d: 0.6901 - val_psnr_for2d: 21.7644
Epoch 82/500
 - 3s - loss: 259.1061 - ssim_for2d: 0.7474 - psnr_for2d: 24.0043 - val_loss: 432.8158 - val_ssim_for2d: 0.6906 - val_psnr_for2d: 21.7883
Epoch 83/500
 - 3s - loss: 262.4761 - ssim_for2d: 0.7490 - psnr_for2d: 23.9481 - val_loss: 448.1473 - val_ssim_for2d: 0.6910 - val_psnr_for2d: 21.6340
Epoch 84/500
 - 3s - loss: 270.8585 - ssim_for2d: 0.7490 - psnr_for2d: 23.8138 - val_loss: 453.5860 - val_ssim_for2d: 0.6931 - val_psnr_for2d: 21.5852
Epoch 85/500
 - 3s - loss: 270.5214 - ssim_for2d: 0.7505 - psnr_for2d: 23.8189 - val_loss: 440.1790 - val_ssim_for2d: 0.6898 - val_psnr_for2d: 21.7139
Epoch 86/500
 - 3s - loss: 255.7567 - ssim_for2d: 0.7513 - psnr_for2d: 24.0603 - val_loss: 428.5529 - val_ssim_for2d: 0.6956 - val_psnr_for2d: 21.8328
Epoch 87/500
 - 3s - loss: 258.4273 - ssim_for2d: 0.7527 - psnr_for2d: 24.0162 - val_loss: 426.2696 - val_ssim_for2d: 0.6935 - val_psnr_for2d: 21.8564
Epoch 88/500
 - 4s - loss: 247.3232 - ssim_for2d: 0.7529 - psnr_for2d: 24.2064 - val_loss: 427.1076 - val_ssim_for2d: 0.6936 - val_psnr_for2d: 21.8489
Epoch 89/500
 - 4s - loss: 244.5029 - ssim_for2d: 0.7548 - psnr_for2d: 24.2559 - val_loss: 432.1770 - val_ssim_for2d: 0.6953 - val_psnr_for2d: 21.7987
Epoch 90/500
 - 3s - loss: 246.0764 - ssim_for2d: 0.7559 - psnr_for2d: 24.2285 - val_loss: 458.2850 - val_ssim_for2d: 0.6961 - val_psnr_for2d: 21.5367
Epoch 91/500
 - 3s - loss: 276.5314 - ssim_for2d: 0.7561 - psnr_for2d: 23.7344 - val_loss: 428.4741 - val_ssim_for2d: 0.6955 - val_psnr_for2d: 21.8348
Epoch 92/500
 - 4s - loss: 257.1972 - ssim_for2d: 0.7562 - psnr_for2d: 24.0396 - val_loss: 423.0127 - val_ssim_for2d: 0.6984 - val_psnr_for2d: 21.8920
Epoch 93/500
 - 4s - loss: 243.2622 - ssim_for2d: 0.7580 - psnr_for2d: 24.2791 - val_loss: 419.8764 - val_ssim_for2d: 0.6995 - val_psnr_for2d: 21.9262
Epoch 94/500
 - 4s - loss: 234.4446 - ssim_for2d: 0.7596 - psnr_for2d: 24.4381 - val_loss: 421.3885 - val_ssim_for2d: 0.6976 - val_psnr_for2d: 21.9104
Epoch 95/500
 - 3s - loss: 232.0106 - ssim_for2d: 0.7610 - psnr_for2d: 24.4832 - val_loss: 418.3033 - val_ssim_for2d: 0.6970 - val_psnr_for2d: 21.9429
Epoch 96/500
 - 3s - loss: 229.2305 - ssim_for2d: 0.7610 - psnr_for2d: 24.5358 - val_loss: 413.9188 - val_ssim_for2d: 0.7020 - val_psnr_for2d: 21.9874
Epoch 97/500
 - 3s - loss: 246.8659 - ssim_for2d: 0.7633 - psnr_for2d: 24.2223 - val_loss: 414.4835 - val_ssim_for2d: 0.7006 - val_psnr_for2d: 21.9842
Epoch 98/500
 - 4s - loss: 232.8955 - ssim_for2d: 0.7640 - psnr_for2d: 24.4678 - val_loss: 422.3231 - val_ssim_for2d: 0.7020 - val_psnr_for2d: 21.9010
Epoch 99/500
 - 4s - loss: 225.5899 - ssim_for2d: 0.7655 - psnr_for2d: 24.6056 - val_loss: 409.3999 - val_ssim_for2d: 0.7055 - val_psnr_for2d: 22.0394
Epoch 100/500
 - 3s - loss: 219.5311 - ssim_for2d: 0.7673 - psnr_for2d: 24.7235 - val_loss: 411.6540 - val_ssim_for2d: 0.7036 - val_psnr_for2d: 22.0150
Epoch 101/500
 - 3s - loss: 225.0073 - ssim_for2d: 0.7686 - psnr_for2d: 24.6163 - val_loss: 415.3974 - val_ssim_for2d: 0.7026 - val_psnr_for2d: 21.9759
Epoch 102/500
 - 3s - loss: 223.4289 - ssim_for2d: 0.7692 - psnr_for2d: 24.6476 - val_loss: 407.6239 - val_ssim_for2d: 0.7066 - val_psnr_for2d: 22.0599
Epoch 103/500
 - 3s - loss: 221.8638 - ssim_for2d: 0.7710 - psnr_for2d: 24.6788 - val_loss: 425.1218 - val_ssim_for2d: 0.7077 - val_psnr_for2d: 21.8784
Epoch 104/500
 - 3s - loss: 218.1127 - ssim_for2d: 0.7718 - psnr_for2d: 24.7538 - val_loss: 418.4053 - val_ssim_for2d: 0.7060 - val_psnr_for2d: 21.9442
Epoch 105/500
 - 3s - loss: 233.5074 - ssim_for2d: 0.7725 - psnr_for2d: 24.4658 - val_loss: 428.1725 - val_ssim_for2d: 0.7041 - val_psnr_for2d: 21.8493
Epoch 106/500
 - 3s - loss: 223.8914 - ssim_for2d: 0.7734 - psnr_for2d: 24.6418 - val_loss: 407.7121 - val_ssim_for2d: 0.7095 - val_psnr_for2d: 22.0562
Epoch 107/500
 - 3s - loss: 219.8695 - ssim_for2d: 0.7741 - psnr_for2d: 24.7184 - val_loss: 404.1155 - val_ssim_for2d: 0.7109 - val_psnr_for2d: 22.1004
Epoch 108/500
 - 3s - loss: 209.9173 - ssim_for2d: 0.7762 - psnr_for2d: 24.9183 - val_loss: 406.5722 - val_ssim_for2d: 0.7154 - val_psnr_for2d: 22.0745
Epoch 109/500
 - 3s - loss: 205.0652 - ssim_for2d: 0.7779 - psnr_for2d: 25.0203 - val_loss: 403.3313 - val_ssim_for2d: 0.7155 - val_psnr_for2d: 22.1050
Epoch 110/500
 - 3s - loss: 206.4785 - ssim_for2d: 0.7786 - psnr_for2d: 24.9910 - val_loss: 399.2882 - val_ssim_for2d: 0.7153 - val_psnr_for2d: 22.1524
Epoch 111/500
 - 3s - loss: 199.2727 - ssim_for2d: 0.7805 - psnr_for2d: 25.1436 - val_loss: 395.2474 - val_ssim_for2d: 0.7156 - val_psnr_for2d: 22.1969
Epoch 112/500
 - 3s - loss: 201.7632 - ssim_for2d: 0.7809 - psnr_for2d: 25.0924 - val_loss: 421.2581 - val_ssim_for2d: 0.7174 - val_psnr_for2d: 21.9154
Epoch 113/500
 - 3s - loss: 240.5817 - ssim_for2d: 0.7808 - psnr_for2d: 24.3473 - val_loss: 451.3192 - val_ssim_for2d: 0.7055 - val_psnr_for2d: 21.6221
Epoch 114/500
 - 3s - loss: 213.8051 - ssim_for2d: 0.7809 - psnr_for2d: 24.8496 - val_loss: 394.6848 - val_ssim_for2d: 0.7190 - val_psnr_for2d: 22.2059
Epoch 115/500
 - 3s - loss: 202.9204 - ssim_for2d: 0.7842 - psnr_for2d: 25.0677 - val_loss: 397.1304 - val_ssim_for2d: 0.7168 - val_psnr_for2d: 22.1768
Epoch 116/500
 - 3s - loss: 190.5974 - ssim_for2d: 0.7862 - psnr_for2d: 25.3376 - val_loss: 392.2163 - val_ssim_for2d: 0.7176 - val_psnr_for2d: 22.2345
Epoch 117/500
 - 3s - loss: 188.0781 - ssim_for2d: 0.7873 - psnr_for2d: 25.3952 - val_loss: 391.8606 - val_ssim_for2d: 0.7224 - val_psnr_for2d: 22.2379
Epoch 118/500
 - 3s - loss: 194.0381 - ssim_for2d: 0.7883 - psnr_for2d: 25.2592 - val_loss: 393.1264 - val_ssim_for2d: 0.7250 - val_psnr_for2d: 22.2223
Epoch 119/500
 - 3s - loss: 188.4948 - ssim_for2d: 0.7900 - psnr_for2d: 25.3858 - val_loss: 389.6589 - val_ssim_for2d: 0.7195 - val_psnr_for2d: 22.2629
Epoch 120/500
 - 3s - loss: 187.3715 - ssim_for2d: 0.7911 - psnr_for2d: 25.4117 - val_loss: 394.6667 - val_ssim_for2d: 0.7207 - val_psnr_for2d: 22.2040
Epoch 121/500
 - 3s - loss: 201.9020 - ssim_for2d: 0.7923 - psnr_for2d: 25.0888 - val_loss: 381.6026 - val_ssim_for2d: 0.7257 - val_psnr_for2d: 22.3572
Epoch 122/500
 - 3s - loss: 188.1250 - ssim_for2d: 0.7938 - psnr_for2d: 25.3956 - val_loss: 396.0431 - val_ssim_for2d: 0.7259 - val_psnr_for2d: 22.1951
Epoch 123/500
 - 4s - loss: 180.2730 - ssim_for2d: 0.7954 - psnr_for2d: 25.5807 - val_loss: 388.5132 - val_ssim_for2d: 0.7269 - val_psnr_for2d: 22.2767
Epoch 124/500
 - 3s - loss: 181.1003 - ssim_for2d: 0.7963 - psnr_for2d: 25.5598 - val_loss: 379.3067 - val_ssim_for2d: 0.7272 - val_psnr_for2d: 22.3826
Epoch 125/500
 - 3s - loss: 196.0561 - ssim_for2d: 0.7969 - psnr_for2d: 25.2503 - val_loss: 498.1725 - val_ssim_for2d: 0.7278 - val_psnr_for2d: 21.1878
Epoch 126/500
 - 3s - loss: 212.5083 - ssim_for2d: 0.7958 - psnr_for2d: 24.9179 - val_loss: 397.5780 - val_ssim_for2d: 0.7319 - val_psnr_for2d: 22.1785
Epoch 127/500
 - 3s - loss: 179.3676 - ssim_for2d: 0.7988 - psnr_for2d: 25.6026 - val_loss: 383.0655 - val_ssim_for2d: 0.7298 - val_psnr_for2d: 22.3459
Epoch 128/500
 - 3s - loss: 171.6669 - ssim_for2d: 0.8008 - psnr_for2d: 25.7922 - val_loss: 378.5743 - val_ssim_for2d: 0.7321 - val_psnr_for2d: 22.3922
Epoch 129/500
 - 3s - loss: 168.6574 - ssim_for2d: 0.8025 - psnr_for2d: 25.8691 - val_loss: 375.2864 - val_ssim_for2d: 0.7314 - val_psnr_for2d: 22.4331
Epoch 130/500
 - 4s - loss: 165.3163 - ssim_for2d: 0.8035 - psnr_for2d: 25.9564 - val_loss: 379.2173 - val_ssim_for2d: 0.7322 - val_psnr_for2d: 22.3889
Epoch 131/500
 - 3s - loss: 174.5382 - ssim_for2d: 0.8048 - psnr_for2d: 25.7253 - val_loss: 396.2492 - val_ssim_for2d: 0.7335 - val_psnr_for2d: 22.1979
Epoch 132/500
 - 4s - loss: 175.0671 - ssim_for2d: 0.8058 - psnr_for2d: 25.7135 - val_loss: 392.3580 - val_ssim_for2d: 0.7315 - val_psnr_for2d: 22.2330
Epoch 133/500
 - 3s - loss: 173.8992 - ssim_for2d: 0.8058 - psnr_for2d: 25.7418 - val_loss: 386.9898 - val_ssim_for2d: 0.7355 - val_psnr_for2d: 22.3030
Epoch 134/500
 - 3s - loss: 167.0379 - ssim_for2d: 0.8073 - psnr_for2d: 25.9138 - val_loss: 373.3959 - val_ssim_for2d: 0.7366 - val_psnr_for2d: 22.4560
Epoch 135/500
 - 3s - loss: 165.4468 - ssim_for2d: 0.8090 - psnr_for2d: 25.9555 - val_loss: 368.9037 - val_ssim_for2d: 0.7390 - val_psnr_for2d: 22.5124
Epoch 136/500
 - 3s - loss: 162.3523 - ssim_for2d: 0.8089 - psnr_for2d: 26.0380 - val_loss: 367.0621 - val_ssim_for2d: 0.7419 - val_psnr_for2d: 22.5341
Epoch 137/500
 - 4s - loss: 158.8157 - ssim_for2d: 0.8096 - psnr_for2d: 26.1311 - val_loss: 375.0019 - val_ssim_for2d: 0.7378 - val_psnr_for2d: 22.4393
Epoch 138/500
 - 4s - loss: 157.7199 - ssim_for2d: 0.8113 - psnr_for2d: 26.1616 - val_loss: 391.0024 - val_ssim_for2d: 0.7412 - val_psnr_for2d: 22.2598
Epoch 139/500
 - 3s - loss: 222.9439 - ssim_for2d: 0.8074 - psnr_for2d: 24.7425 - val_loss: 410.9696 - val_ssim_for2d: 0.7371 - val_psnr_for2d: 22.0288
Epoch 140/500
 - 3s - loss: 177.5559 - ssim_for2d: 0.8092 - psnr_for2d: 25.6562 - val_loss: 375.2731 - val_ssim_for2d: 0.7403 - val_psnr_for2d: 22.4312
Epoch 141/500
 - 3s - loss: 159.0395 - ssim_for2d: 0.8126 - psnr_for2d: 26.1264 - val_loss: 367.6939 - val_ssim_for2d: 0.7446 - val_psnr_for2d: 22.5251
Epoch 142/500
 - 4s - loss: 153.1318 - ssim_for2d: 0.8142 - psnr_for2d: 26.2895 - val_loss: 364.8263 - val_ssim_for2d: 0.7421 - val_psnr_for2d: 22.5589
Epoch 143/500
 - 3s - loss: 150.8435 - ssim_for2d: 0.8152 - psnr_for2d: 26.3554 - val_loss: 374.2394 - val_ssim_for2d: 0.7452 - val_psnr_for2d: 22.4538
Epoch 144/500
 - 3s - loss: 156.7710 - ssim_for2d: 0.8162 - psnr_for2d: 26.1911 - val_loss: 360.8689 - val_ssim_for2d: 0.7461 - val_psnr_for2d: 22.6070
Epoch 145/500
 - 3s - loss: 154.3249 - ssim_for2d: 0.8167 - psnr_for2d: 26.2572 - val_loss: 363.7224 - val_ssim_for2d: 0.7467 - val_psnr_for2d: 22.5813
Epoch 146/500
 - 3s - loss: 155.9992 - ssim_for2d: 0.8179 - psnr_for2d: 26.2142 - val_loss: 376.5110 - val_ssim_for2d: 0.7433 - val_psnr_for2d: 22.4208
Epoch 147/500
 - 3s - loss: 151.8342 - ssim_for2d: 0.8183 - psnr_for2d: 26.3295 - val_loss: 364.4068 - val_ssim_for2d: 0.7481 - val_psnr_for2d: 22.5735
Epoch 148/500
 - 3s - loss: 148.1277 - ssim_for2d: 0.8194 - psnr_for2d: 26.4358 - val_loss: 365.2762 - val_ssim_for2d: 0.7478 - val_psnr_for2d: 22.5590
Epoch 149/500
 - 4s - loss: 145.5801 - ssim_for2d: 0.8203 - psnr_for2d: 26.5103 - val_loss: 365.0236 - val_ssim_for2d: 0.7423 - val_psnr_for2d: 22.5650
Epoch 150/500
 - 4s - loss: 142.9013 - ssim_for2d: 0.8206 - psnr_for2d: 26.5916 - val_loss: 362.6717 - val_ssim_for2d: 0.7496 - val_psnr_for2d: 22.5967
Epoch 151/500
 - 3s - loss: 153.0305 - ssim_for2d: 0.8207 - psnr_for2d: 26.3131 - val_loss: 448.0501 - val_ssim_for2d: 0.7441 - val_psnr_for2d: 21.6634
Epoch 152/500
 - 3s - loss: 210.4335 - ssim_for2d: 0.8148 - psnr_for2d: 24.9467 - val_loss: 375.1519 - val_ssim_for2d: 0.7439 - val_psnr_for2d: 22.4413
Epoch 153/500
 - 3s - loss: 162.6498 - ssim_for2d: 0.8165 - psnr_for2d: 26.0354 - val_loss: 356.0874 - val_ssim_for2d: 0.7508 - val_psnr_for2d: 22.6717
Epoch 154/500
 - 3s - loss: 147.7737 - ssim_for2d: 0.8214 - psnr_for2d: 26.4463 - val_loss: 357.1382 - val_ssim_for2d: 0.7525 - val_psnr_for2d: 22.6605
Epoch 155/500
 - 3s - loss: 140.6686 - ssim_for2d: 0.8231 - psnr_for2d: 26.6603 - val_loss: 356.0525 - val_ssim_for2d: 0.7478 - val_psnr_for2d: 22.6778
Epoch 156/500
 - 3s - loss: 137.6943 - ssim_for2d: 0.8238 - psnr_for2d: 26.7532 - val_loss: 356.7724 - val_ssim_for2d: 0.7516 - val_psnr_for2d: 22.6653
Epoch 157/500
 - 3s - loss: 135.7768 - ssim_for2d: 0.8252 - psnr_for2d: 26.8145 - val_loss: 357.4670 - val_ssim_for2d: 0.7517 - val_psnr_for2d: 22.6619
Epoch 158/500
 - 3s - loss: 134.5667 - ssim_for2d: 0.8257 - psnr_for2d: 26.8535 - val_loss: 358.4584 - val_ssim_for2d: 0.7528 - val_psnr_for2d: 22.6458
Epoch 159/500
 - 3s - loss: 133.7181 - ssim_for2d: 0.8265 - psnr_for2d: 26.8807 - val_loss: 356.2301 - val_ssim_for2d: 0.7535 - val_psnr_for2d: 22.6783
Epoch 160/500
 - 3s - loss: 134.0052 - ssim_for2d: 0.8269 - psnr_for2d: 26.8739 - val_loss: 384.2422 - val_ssim_for2d: 0.7556 - val_psnr_for2d: 22.3419
Epoch 161/500
 - 3s - loss: 173.7872 - ssim_for2d: 0.8254 - psnr_for2d: 25.7812 - val_loss: 373.2016 - val_ssim_for2d: 0.7526 - val_psnr_for2d: 22.4591
Epoch 162/500
 - 3s - loss: 146.0123 - ssim_for2d: 0.8260 - psnr_for2d: 26.5032 - val_loss: 356.8793 - val_ssim_for2d: 0.7541 - val_psnr_for2d: 22.6682
Epoch 163/500
 - 3s - loss: 134.1070 - ssim_for2d: 0.8277 - psnr_for2d: 26.8688 - val_loss: 364.1973 - val_ssim_for2d: 0.7553 - val_psnr_for2d: 22.5842
Epoch 164/500
 - 3s - loss: 141.3975 - ssim_for2d: 0.8284 - psnr_for2d: 26.6463 - val_loss: 375.8572 - val_ssim_for2d: 0.7574 - val_psnr_for2d: 22.4296
Epoch 165/500
 - 3s - loss: 139.8494 - ssim_for2d: 0.8287 - psnr_for2d: 26.6926 - val_loss: 352.6264 - val_ssim_for2d: 0.7561 - val_psnr_for2d: 22.7236
Epoch 166/500
 - 3s - loss: 130.3356 - ssim_for2d: 0.8295 - psnr_for2d: 26.9922 - val_loss: 361.9275 - val_ssim_for2d: 0.7569 - val_psnr_for2d: 22.6149
Epoch 167/500
 - 3s - loss: 136.1049 - ssim_for2d: 0.8303 - psnr_for2d: 26.8133 - val_loss: 378.4172 - val_ssim_for2d: 0.7573 - val_psnr_for2d: 22.3997
Epoch 168/500
 - 3s - loss: 143.8371 - ssim_for2d: 0.8301 - psnr_for2d: 26.5759 - val_loss: 353.0524 - val_ssim_for2d: 0.7567 - val_psnr_for2d: 22.7192
Epoch 169/500
 - 3s - loss: 132.8241 - ssim_for2d: 0.8308 - psnr_for2d: 26.9122 - val_loss: 359.2593 - val_ssim_for2d: 0.7602 - val_psnr_for2d: 22.6428
Epoch 170/500
 - 3s - loss: 129.4690 - ssim_for2d: 0.8316 - psnr_for2d: 27.0212 - val_loss: 353.8969 - val_ssim_for2d: 0.7581 - val_psnr_for2d: 22.7072
Epoch 171/500
 - 3s - loss: 127.5897 - ssim_for2d: 0.8320 - psnr_for2d: 27.0845 - val_loss: 349.9857 - val_ssim_for2d: 0.7581 - val_psnr_for2d: 22.7565
Epoch 172/500
 - 3s - loss: 124.8887 - ssim_for2d: 0.8325 - psnr_for2d: 27.1783 - val_loss: 360.4923 - val_ssim_for2d: 0.7587 - val_psnr_for2d: 22.6302
Epoch 173/500
 - 3s - loss: 135.6254 - ssim_for2d: 0.8326 - psnr_for2d: 26.8199 - val_loss: 352.2584 - val_ssim_for2d: 0.7596 - val_psnr_for2d: 22.7291
Epoch 174/500
 - 3s - loss: 147.3086 - ssim_for2d: 0.8324 - psnr_for2d: 26.4910 - val_loss: 395.1103 - val_ssim_for2d: 0.7582 - val_psnr_for2d: 22.2213
Epoch 175/500
 - 3s - loss: 151.3693 - ssim_for2d: 0.8315 - psnr_for2d: 26.3583 - val_loss: 352.5480 - val_ssim_for2d: 0.7576 - val_psnr_for2d: 22.7240
Epoch 176/500
 - 3s - loss: 126.9822 - ssim_for2d: 0.8333 - psnr_for2d: 27.1064 - val_loss: 363.9151 - val_ssim_for2d: 0.7603 - val_psnr_for2d: 22.5802
Epoch 177/500
 - 3s - loss: 129.3297 - ssim_for2d: 0.8341 - psnr_for2d: 27.0283 - val_loss: 348.7293 - val_ssim_for2d: 0.7595 - val_psnr_for2d: 22.7769
Epoch 178/500
 - 3s - loss: 123.7805 - ssim_for2d: 0.8347 - psnr_for2d: 27.2169 - val_loss: 357.4180 - val_ssim_for2d: 0.7629 - val_psnr_for2d: 22.6697
Epoch 179/500
 - 3s - loss: 126.2333 - ssim_for2d: 0.8356 - psnr_for2d: 27.1326 - val_loss: 366.7035 - val_ssim_for2d: 0.7627 - val_psnr_for2d: 22.5439
Epoch 180/500
 - 3s - loss: 126.3752 - ssim_for2d: 0.8358 - psnr_for2d: 27.1338 - val_loss: 348.8699 - val_ssim_for2d: 0.7623 - val_psnr_for2d: 22.7754
Epoch 181/500
 - 3s - loss: 117.8491 - ssim_for2d: 0.8365 - psnr_for2d: 27.4303 - val_loss: 350.5161 - val_ssim_for2d: 0.7620 - val_psnr_for2d: 22.7538
Epoch 182/500
 - 3s - loss: 120.4216 - ssim_for2d: 0.8369 - psnr_for2d: 27.3378 - val_loss: 365.4462 - val_ssim_for2d: 0.7587 - val_psnr_for2d: 22.5792
Epoch 183/500
 - 4s - loss: 127.6312 - ssim_for2d: 0.8367 - psnr_for2d: 27.0860 - val_loss: 351.1104 - val_ssim_for2d: 0.7631 - val_psnr_for2d: 22.7504
Epoch 184/500
 - 3s - loss: 119.9542 - ssim_for2d: 0.8374 - psnr_for2d: 27.3540 - val_loss: 347.9680 - val_ssim_for2d: 0.7638 - val_psnr_for2d: 22.7878
Epoch 185/500
 - 3s - loss: 115.8980 - ssim_for2d: 0.8378 - psnr_for2d: 27.5026 - val_loss: 348.7668 - val_ssim_for2d: 0.7622 - val_psnr_for2d: 22.7811
Epoch 186/500
 - 3s - loss: 117.7489 - ssim_for2d: 0.8380 - psnr_for2d: 27.4370 - val_loss: 373.2603 - val_ssim_for2d: 0.7616 - val_psnr_for2d: 22.4699
Epoch 187/500
 - 3s - loss: 155.8686 - ssim_for2d: 0.8363 - psnr_for2d: 26.2849 - val_loss: 372.6192 - val_ssim_for2d: 0.7630 - val_psnr_for2d: 22.4852
Epoch 188/500
 - 3s - loss: 130.2197 - ssim_for2d: 0.8375 - psnr_for2d: 27.0069 - val_loss: 354.9175 - val_ssim_for2d: 0.7628 - val_psnr_for2d: 22.7003
Epoch 189/500
 - 3s - loss: 122.9262 - ssim_for2d: 0.8387 - psnr_for2d: 27.2546 - val_loss: 356.2336 - val_ssim_for2d: 0.7619 - val_psnr_for2d: 22.6819
Epoch 190/500
 - 3s - loss: 117.7452 - ssim_for2d: 0.8392 - psnr_for2d: 27.4359 - val_loss: 347.3738 - val_ssim_for2d: 0.7637 - val_psnr_for2d: 22.8006
Epoch 191/500
 - 3s - loss: 130.8467 - ssim_for2d: 0.8390 - psnr_for2d: 27.0001 - val_loss: 351.7051 - val_ssim_for2d: 0.7615 - val_psnr_for2d: 22.7462
Epoch 192/500
 - 3s - loss: 122.8139 - ssim_for2d: 0.8393 - psnr_for2d: 27.2598 - val_loss: 352.6553 - val_ssim_for2d: 0.7661 - val_psnr_for2d: 22.7271
Epoch 193/500
 - 3s - loss: 115.4086 - ssim_for2d: 0.8402 - psnr_for2d: 27.5220 - val_loss: 350.7197 - val_ssim_for2d: 0.7649 - val_psnr_for2d: 22.7616
Epoch 194/500
 - 3s - loss: 112.7335 - ssim_for2d: 0.8410 - psnr_for2d: 27.6232 - val_loss: 353.2828 - val_ssim_for2d: 0.7628 - val_psnr_for2d: 22.7242
Epoch 195/500
 - 3s - loss: 112.4383 - ssim_for2d: 0.8411 - psnr_for2d: 27.6349 - val_loss: 346.0537 - val_ssim_for2d: 0.7661 - val_psnr_for2d: 22.8169
Epoch 196/500
 - 3s - loss: 110.7576 - ssim_for2d: 0.8417 - psnr_for2d: 27.7008 - val_loss: 355.9665 - val_ssim_for2d: 0.7663 - val_psnr_for2d: 22.6993
Epoch 197/500
 - 3s - loss: 122.9805 - ssim_for2d: 0.8420 - psnr_for2d: 27.2477 - val_loss: 353.7062 - val_ssim_for2d: 0.7653 - val_psnr_for2d: 22.7253
Epoch 198/500
 - 3s - loss: 117.0254 - ssim_for2d: 0.8421 - psnr_for2d: 27.4717 - val_loss: 351.5828 - val_ssim_for2d: 0.7667 - val_psnr_for2d: 22.7424
Epoch 199/500
 - 3s - loss: 121.5476 - ssim_for2d: 0.8419 - psnr_for2d: 27.3124 - val_loss: 359.7829 - val_ssim_for2d: 0.7673 - val_psnr_for2d: 22.6532
Epoch 200/500
 - 3s - loss: 110.8406 - ssim_for2d: 0.8428 - psnr_for2d: 27.6994 - val_loss: 357.5490 - val_ssim_for2d: 0.7633 - val_psnr_for2d: 22.6722
Epoch 201/500
 - 3s - loss: 122.4663 - ssim_for2d: 0.8423 - psnr_for2d: 27.2657 - val_loss: 345.7494 - val_ssim_for2d: 0.7674 - val_psnr_for2d: 22.8176
Epoch 202/500
 - 3s - loss: 125.1706 - ssim_for2d: 0.8425 - psnr_for2d: 27.1812 - val_loss: 346.5555 - val_ssim_for2d: 0.7643 - val_psnr_for2d: 22.8145
Epoch 203/500
 - 3s - loss: 114.5282 - ssim_for2d: 0.8424 - psnr_for2d: 27.5570 - val_loss: 346.6843 - val_ssim_for2d: 0.7665 - val_psnr_for2d: 22.8101
Epoch 204/500
 - 3s - loss: 110.1555 - ssim_for2d: 0.8435 - psnr_for2d: 27.7241 - val_loss: 346.0595 - val_ssim_for2d: 0.7697 - val_psnr_for2d: 22.8241
Epoch 205/500
 - 3s - loss: 107.7880 - ssim_for2d: 0.8443 - psnr_for2d: 27.8188 - val_loss: 348.9296 - val_ssim_for2d: 0.7679 - val_psnr_for2d: 22.7859
Epoch 206/500
 - 3s - loss: 105.9323 - ssim_for2d: 0.8447 - psnr_for2d: 27.8942 - val_loss: 348.0352 - val_ssim_for2d: 0.7693 - val_psnr_for2d: 22.7989
Epoch 207/500
 - 3s - loss: 110.3782 - ssim_for2d: 0.8453 - psnr_for2d: 27.7164 - val_loss: 352.6182 - val_ssim_for2d: 0.7664 - val_psnr_for2d: 22.7436
Epoch 208/500
 - 3s - loss: 104.8674 - ssim_for2d: 0.8452 - psnr_for2d: 27.9396 - val_loss: 347.6975 - val_ssim_for2d: 0.7676 - val_psnr_for2d: 22.8017
Epoch 209/500
 - 3s - loss: 102.5244 - ssim_for2d: 0.8458 - psnr_for2d: 28.0370 - val_loss: 345.2783 - val_ssim_for2d: 0.7678 - val_psnr_for2d: 22.8370
Epoch 210/500
 - 3s - loss: 119.0008 - ssim_for2d: 0.8454 - psnr_for2d: 27.4753 - val_loss: 501.1475 - val_ssim_for2d: 0.7584 - val_psnr_for2d: 21.1798
Epoch 211/500
 - 3s - loss: 212.0290 - ssim_for2d: 0.8287 - psnr_for2d: 24.9440 - val_loss: 413.4764 - val_ssim_for2d: 0.7317 - val_psnr_for2d: 22.0276
Epoch 212/500
 - 3s - loss: 148.9176 - ssim_for2d: 0.8275 - psnr_for2d: 26.4325 - val_loss: 363.5573 - val_ssim_for2d: 0.7613 - val_psnr_for2d: 22.5905
Epoch 213/500
 - 3s - loss: 119.5033 - ssim_for2d: 0.8396 - psnr_for2d: 27.3750 - val_loss: 345.8518 - val_ssim_for2d: 0.7680 - val_psnr_for2d: 22.8179
Epoch 214/500
 - 3s - loss: 109.2552 - ssim_for2d: 0.8431 - psnr_for2d: 27.7611 - val_loss: 345.2812 - val_ssim_for2d: 0.7672 - val_psnr_for2d: 22.8319
Epoch 215/500
 - 3s - loss: 104.2097 - ssim_for2d: 0.8453 - psnr_for2d: 27.9666 - val_loss: 351.1241 - val_ssim_for2d: 0.7672 - val_psnr_for2d: 22.7591
Epoch 216/500
 - 3s - loss: 103.3265 - ssim_for2d: 0.8459 - psnr_for2d: 28.0041 - val_loss: 351.1269 - val_ssim_for2d: 0.7682 - val_psnr_for2d: 22.7518
Epoch 217/500
 - 3s - loss: 109.0821 - ssim_for2d: 0.8464 - psnr_for2d: 27.7739 - val_loss: 360.5025 - val_ssim_for2d: 0.7693 - val_psnr_for2d: 22.6465
Epoch 218/500
 - 3s - loss: 105.7117 - ssim_for2d: 0.8471 - psnr_for2d: 27.9060 - val_loss: 348.9304 - val_ssim_for2d: 0.7682 - val_psnr_for2d: 22.7823
Epoch 219/500
 - 3s - loss: 102.3575 - ssim_for2d: 0.8470 - psnr_for2d: 28.0445 - val_loss: 353.5727 - val_ssim_for2d: 0.7697 - val_psnr_for2d: 22.7329
Epoch 220/500
 - 3s - loss: 104.2191 - ssim_for2d: 0.8478 - psnr_for2d: 27.9670 - val_loss: 342.6879 - val_ssim_for2d: 0.7688 - val_psnr_for2d: 22.8674
Epoch 221/500
 - 3s - loss: 98.0773 - ssim_for2d: 0.8481 - psnr_for2d: 28.2302 - val_loss: 346.2437 - val_ssim_for2d: 0.7705 - val_psnr_for2d: 22.8272
Epoch 222/500
 - 3s - loss: 116.5946 - ssim_for2d: 0.8481 - psnr_for2d: 27.5284 - val_loss: 402.6810 - val_ssim_for2d: 0.7660 - val_psnr_for2d: 22.1512
Epoch 223/500
 - 3s - loss: 122.5549 - ssim_for2d: 0.8468 - psnr_for2d: 27.2997 - val_loss: 342.0071 - val_ssim_for2d: 0.7716 - val_psnr_for2d: 22.8774
Epoch 224/500
 - 3s - loss: 101.5300 - ssim_for2d: 0.8488 - psnr_for2d: 28.0816 - val_loss: 348.2814 - val_ssim_for2d: 0.7678 - val_psnr_for2d: 22.7942
Epoch 225/500
 - 3s - loss: 100.2819 - ssim_for2d: 0.8487 - psnr_for2d: 28.1357 - val_loss: 350.6341 - val_ssim_for2d: 0.7719 - val_psnr_for2d: 22.7737
Epoch 226/500
 - 3s - loss: 97.4151 - ssim_for2d: 0.8498 - psnr_for2d: 28.2604 - val_loss: 344.2780 - val_ssim_for2d: 0.7708 - val_psnr_for2d: 22.8471
Epoch 227/500
 - 3s - loss: 104.7412 - ssim_for2d: 0.8498 - psnr_for2d: 27.9486 - val_loss: 356.5199 - val_ssim_for2d: 0.7712 - val_psnr_for2d: 22.6820
Epoch 228/500
 - 3s - loss: 105.4319 - ssim_for2d: 0.8496 - psnr_for2d: 27.9252 - val_loss: 354.6169 - val_ssim_for2d: 0.7711 - val_psnr_for2d: 22.7177
Epoch 229/500
 - 3s - loss: 104.0860 - ssim_for2d: 0.8498 - psnr_for2d: 27.9833 - val_loss: 345.1489 - val_ssim_for2d: 0.7715 - val_psnr_for2d: 22.8402
Epoch 230/500
 - 3s - loss: 100.0863 - ssim_for2d: 0.8503 - psnr_for2d: 28.1460 - val_loss: 344.7502 - val_ssim_for2d: 0.7727 - val_psnr_for2d: 22.8409
Epoch 231/500
 - 3s - loss: 103.8201 - ssim_for2d: 0.8506 - psnr_for2d: 28.0101 - val_loss: 360.1312 - val_ssim_for2d: 0.7720 - val_psnr_for2d: 22.6532
Epoch 232/500
 - 3s - loss: 100.6849 - ssim_for2d: 0.8502 - psnr_for2d: 28.1242 - val_loss: 348.9832 - val_ssim_for2d: 0.7730 - val_psnr_for2d: 22.7829
Epoch 233/500
 - 3s - loss: 98.2047 - ssim_for2d: 0.8514 - psnr_for2d: 28.2262 - val_loss: 342.1445 - val_ssim_for2d: 0.7715 - val_psnr_for2d: 22.8763
Epoch 234/500
 - 3s - loss: 101.1130 - ssim_for2d: 0.8515 - psnr_for2d: 28.1096 - val_loss: 353.1283 - val_ssim_for2d: 0.7738 - val_psnr_for2d: 22.7268
Epoch 235/500
 - 3s - loss: 98.7269 - ssim_for2d: 0.8515 - psnr_for2d: 28.2055 - val_loss: 366.3465 - val_ssim_for2d: 0.7706 - val_psnr_for2d: 22.5783
Epoch 236/500
 - 3s - loss: 113.8412 - ssim_for2d: 0.8513 - psnr_for2d: 27.6134 - val_loss: 346.4256 - val_ssim_for2d: 0.7720 - val_psnr_for2d: 22.8132
Epoch 237/500
 - 3s - loss: 100.9985 - ssim_for2d: 0.8517 - psnr_for2d: 28.1094 - val_loss: 345.9981 - val_ssim_for2d: 0.7729 - val_psnr_for2d: 22.8302
Epoch 238/500
 - 3s - loss: 104.3197 - ssim_for2d: 0.8513 - psnr_for2d: 27.9760 - val_loss: 358.1934 - val_ssim_for2d: 0.7744 - val_psnr_for2d: 22.6654
Epoch 239/500
 - 3s - loss: 108.3849 - ssim_for2d: 0.8520 - psnr_for2d: 27.8314 - val_loss: 347.0496 - val_ssim_for2d: 0.7735 - val_psnr_for2d: 22.8165
Epoch 240/500
 - 3s - loss: 95.5539 - ssim_for2d: 0.8524 - psnr_for2d: 28.3484 - val_loss: 343.2625 - val_ssim_for2d: 0.7720 - val_psnr_for2d: 22.8636
Epoch 241/500
 - 3s - loss: 90.4353 - ssim_for2d: 0.8529 - psnr_for2d: 28.5838 - val_loss: 342.1163 - val_ssim_for2d: 0.7737 - val_psnr_for2d: 22.8760
Epoch 242/500
 - 3s - loss: 110.9489 - ssim_for2d: 0.8525 - psnr_for2d: 27.7188 - val_loss: 351.8848 - val_ssim_for2d: 0.7738 - val_psnr_for2d: 22.7492
Epoch 243/500
 - 3s - loss: 96.4065 - ssim_for2d: 0.8530 - psnr_for2d: 28.3083 - val_loss: 338.6181 - val_ssim_for2d: 0.7731 - val_psnr_for2d: 22.9290
Epoch 244/500
 - 3s - loss: 92.1008 - ssim_for2d: 0.8536 - psnr_for2d: 28.5052 - val_loss: 342.1907 - val_ssim_for2d: 0.7737 - val_psnr_for2d: 22.8851
Epoch 245/500
 - 3s - loss: 106.6003 - ssim_for2d: 0.8532 - psnr_for2d: 27.9041 - val_loss: 354.8412 - val_ssim_for2d: 0.7717 - val_psnr_for2d: 22.7176
Epoch 246/500
 - 3s - loss: 102.1916 - ssim_for2d: 0.8528 - psnr_for2d: 28.0626 - val_loss: 346.2210 - val_ssim_for2d: 0.7751 - val_psnr_for2d: 22.8194
Epoch 247/500
 - 3s - loss: 101.3246 - ssim_for2d: 0.8536 - psnr_for2d: 28.1080 - val_loss: 342.1227 - val_ssim_for2d: 0.7744 - val_psnr_for2d: 22.8867
Epoch 248/500
 - 3s - loss: 93.8014 - ssim_for2d: 0.8540 - psnr_for2d: 28.4295 - val_loss: 337.6954 - val_ssim_for2d: 0.7750 - val_psnr_for2d: 22.9433
Epoch 249/500
 - 3s - loss: 103.7717 - ssim_for2d: 0.8541 - psnr_for2d: 28.0174 - val_loss: 345.6011 - val_ssim_for2d: 0.7740 - val_psnr_for2d: 22.8357
Epoch 250/500
 - 3s - loss: 100.7851 - ssim_for2d: 0.8540 - psnr_for2d: 28.1316 - val_loss: 361.4358 - val_ssim_for2d: 0.7731 - val_psnr_for2d: 22.6395
Epoch 251/500
 - 3s - loss: 95.7150 - ssim_for2d: 0.8540 - psnr_for2d: 28.3453 - val_loss: 343.4646 - val_ssim_for2d: 0.7778 - val_psnr_for2d: 22.8655
Epoch 252/500
 - 3s - loss: 89.9000 - ssim_for2d: 0.8549 - psnr_for2d: 28.6111 - val_loss: 343.5126 - val_ssim_for2d: 0.7730 - val_psnr_for2d: 22.8683
Epoch 253/500
 - 3s - loss: 90.6651 - ssim_for2d: 0.8547 - psnr_for2d: 28.5741 - val_loss: 347.2433 - val_ssim_for2d: 0.7734 - val_psnr_for2d: 22.8149
Epoch 254/500
 - 3s - loss: 90.0370 - ssim_for2d: 0.8553 - psnr_for2d: 28.6037 - val_loss: 351.9457 - val_ssim_for2d: 0.7749 - val_psnr_for2d: 22.7625
Epoch 255/500
 - 3s - loss: 95.4158 - ssim_for2d: 0.8554 - psnr_for2d: 28.3545 - val_loss: 341.8616 - val_ssim_for2d: 0.7751 - val_psnr_for2d: 22.8935
Epoch 256/500
 - 3s - loss: 87.8095 - ssim_for2d: 0.8559 - psnr_for2d: 28.7133 - val_loss: 338.3393 - val_ssim_for2d: 0.7743 - val_psnr_for2d: 22.9369
Epoch 257/500
 - 3s - loss: 90.5892 - ssim_for2d: 0.8560 - psnr_for2d: 28.5804 - val_loss: 349.1542 - val_ssim_for2d: 0.7741 - val_psnr_for2d: 22.7977
Epoch 258/500
 - 3s - loss: 90.3068 - ssim_for2d: 0.8562 - psnr_for2d: 28.5901 - val_loss: 343.8203 - val_ssim_for2d: 0.7753 - val_psnr_for2d: 22.8661
Epoch 259/500
 - 3s - loss: 92.8197 - ssim_for2d: 0.8561 - psnr_for2d: 28.4705 - val_loss: 349.5158 - val_ssim_for2d: 0.7732 - val_psnr_for2d: 22.7979
Epoch 260/500
 - 3s - loss: 88.7998 - ssim_for2d: 0.8563 - psnr_for2d: 28.6628 - val_loss: 343.9515 - val_ssim_for2d: 0.7748 - val_psnr_for2d: 22.8672
Epoch 261/500
 - 3s - loss: 85.8404 - ssim_for2d: 0.8571 - psnr_for2d: 28.8114 - val_loss: 354.1283 - val_ssim_for2d: 0.7747 - val_psnr_for2d: 22.7222
Epoch 262/500
 - 3s - loss: 121.7830 - ssim_for2d: 0.8551 - psnr_for2d: 27.3119 - val_loss: 343.8203 - val_ssim_for2d: 0.7742 - val_psnr_for2d: 22.8568
Epoch 263/500
 - 3s - loss: 91.6697 - ssim_for2d: 0.8558 - psnr_for2d: 28.5311 - val_loss: 343.0096 - val_ssim_for2d: 0.7753 - val_psnr_for2d: 22.8779
Epoch 264/500
 - 3s - loss: 88.7717 - ssim_for2d: 0.8569 - psnr_for2d: 28.6691 - val_loss: 340.0809 - val_ssim_for2d: 0.7772 - val_psnr_for2d: 22.9082
Epoch 265/500
 - 3s - loss: 85.2575 - ssim_for2d: 0.8571 - psnr_for2d: 28.8409 - val_loss: 339.4361 - val_ssim_for2d: 0.7763 - val_psnr_for2d: 22.9277
Epoch 266/500
 - 3s - loss: 93.4178 - ssim_for2d: 0.8573 - psnr_for2d: 28.4639 - val_loss: 380.7858 - val_ssim_for2d: 0.7733 - val_psnr_for2d: 22.4181
Epoch 267/500
 - 3s - loss: 104.0231 - ssim_for2d: 0.8564 - psnr_for2d: 28.0185 - val_loss: 354.0030 - val_ssim_for2d: 0.7739 - val_psnr_for2d: 22.7280
Epoch 268/500
 - 3s - loss: 101.9727 - ssim_for2d: 0.8565 - psnr_for2d: 28.1046 - val_loss: 350.3825 - val_ssim_for2d: 0.7770 - val_psnr_for2d: 22.7783
Epoch 269/500
 - 3s - loss: 88.1650 - ssim_for2d: 0.8573 - psnr_for2d: 28.7031 - val_loss: 341.6781 - val_ssim_for2d: 0.7774 - val_psnr_for2d: 22.8953
Epoch 270/500
 - 3s - loss: 83.0212 - ssim_for2d: 0.8585 - psnr_for2d: 28.9574 - val_loss: 342.2974 - val_ssim_for2d: 0.7778 - val_psnr_for2d: 22.8867
Epoch 271/500
 - 3s - loss: 82.4447 - ssim_for2d: 0.8588 - psnr_for2d: 28.9879 - val_loss: 340.7063 - val_ssim_for2d: 0.7766 - val_psnr_for2d: 22.9126
Epoch 272/500
 - 3s - loss: 101.8207 - ssim_for2d: 0.8579 - psnr_for2d: 28.0886 - val_loss: 356.8777 - val_ssim_for2d: 0.7758 - val_psnr_for2d: 22.7049
Epoch 273/500
 - 3s - loss: 84.8434 - ssim_for2d: 0.8584 - psnr_for2d: 28.8684 - val_loss: 343.9551 - val_ssim_for2d: 0.7786 - val_psnr_for2d: 22.8606
Epoch 274/500
 - 3s - loss: 85.6529 - ssim_for2d: 0.8587 - psnr_for2d: 28.8253 - val_loss: 340.7355 - val_ssim_for2d: 0.7767 - val_psnr_for2d: 22.9099
Epoch 275/500
 - 3s - loss: 80.2161 - ssim_for2d: 0.8595 - psnr_for2d: 29.1069 - val_loss: 352.4166 - val_ssim_for2d: 0.7765 - val_psnr_for2d: 22.7588
Epoch 276/500
 - 3s - loss: 115.0823 - ssim_for2d: 0.8580 - psnr_for2d: 27.5759 - val_loss: 340.7548 - val_ssim_for2d: 0.7775 - val_psnr_for2d: 22.9154
Epoch 277/500
 - 3s - loss: 86.1481 - ssim_for2d: 0.8590 - psnr_for2d: 28.8025 - val_loss: 340.3852 - val_ssim_for2d: 0.7756 - val_psnr_for2d: 22.9181
Epoch 278/500
 - 3s - loss: 82.1252 - ssim_for2d: 0.8595 - psnr_for2d: 29.0032 - val_loss: 341.2790 - val_ssim_for2d: 0.7781 - val_psnr_for2d: 22.9104
Epoch 279/500
 - 3s - loss: 84.0784 - ssim_for2d: 0.8597 - psnr_for2d: 28.9029 - val_loss: 340.8827 - val_ssim_for2d: 0.7781 - val_psnr_for2d: 22.9175
Epoch 280/500
 - 3s - loss: 78.5338 - ssim_for2d: 0.8601 - psnr_for2d: 29.1983 - val_loss: 351.5731 - val_ssim_for2d: 0.7777 - val_psnr_for2d: 22.7670
Epoch 281/500
 - 3s - loss: 141.1884 - ssim_for2d: 0.8545 - psnr_for2d: 26.8062 - val_loss: 348.8328 - val_ssim_for2d: 0.7770 - val_psnr_for2d: 22.7974
Epoch 282/500
 - 4s - loss: 113.0244 - ssim_for2d: 0.8499 - psnr_for2d: 27.6506 - val_loss: 362.3849 - val_ssim_for2d: 0.7665 - val_psnr_for2d: 22.6315
Epoch 283/500
 - 4s - loss: 95.7143 - ssim_for2d: 0.8542 - psnr_for2d: 28.3426 - val_loss: 366.2591 - val_ssim_for2d: 0.7748 - val_psnr_for2d: 22.5943
Epoch 284/500
 - 3s - loss: 94.5423 - ssim_for2d: 0.8577 - psnr_for2d: 28.3996 - val_loss: 344.0580 - val_ssim_for2d: 0.7782 - val_psnr_for2d: 22.8642
Epoch 285/500
 - 3s - loss: 82.9992 - ssim_for2d: 0.8597 - psnr_for2d: 28.9606 - val_loss: 341.9681 - val_ssim_for2d: 0.7770 - val_psnr_for2d: 22.8905
Epoch 286/500
 - 3s - loss: 81.9623 - ssim_for2d: 0.8602 - psnr_for2d: 29.0144 - val_loss: 343.9612 - val_ssim_for2d: 0.7780 - val_psnr_for2d: 22.8752
Epoch 287/500
 - 3s - loss: 82.0440 - ssim_for2d: 0.8606 - psnr_for2d: 29.0138 - val_loss: 341.7578 - val_ssim_for2d: 0.7792 - val_psnr_for2d: 22.8979
Epoch 288/500
 - 3s - loss: 82.3018 - ssim_for2d: 0.8612 - psnr_for2d: 28.9952 - val_loss: 337.4919 - val_ssim_for2d: 0.7774 - val_psnr_for2d: 22.9594
Epoch 289/500
 - 3s - loss: 96.2085 - ssim_for2d: 0.8603 - psnr_for2d: 28.3503 - val_loss: 337.4048 - val_ssim_for2d: 0.7794 - val_psnr_for2d: 22.9606
Epoch 290/500
 - 4s - loss: 82.6634 - ssim_for2d: 0.8612 - psnr_for2d: 28.9790 - val_loss: 336.7827 - val_ssim_for2d: 0.7798 - val_psnr_for2d: 22.9644
Epoch 291/500
 - 4s - loss: 81.6640 - ssim_for2d: 0.8614 - psnr_for2d: 29.0374 - val_loss: 345.4239 - val_ssim_for2d: 0.7784 - val_psnr_for2d: 22.8585
Epoch 292/500
 - 3s - loss: 75.8212 - ssim_for2d: 0.8621 - psnr_for2d: 29.3509 - val_loss: 337.5925 - val_ssim_for2d: 0.7783 - val_psnr_for2d: 22.9607
Epoch 293/500
 - 3s - loss: 77.0939 - ssim_for2d: 0.8623 - psnr_for2d: 29.2792 - val_loss: 346.1314 - val_ssim_for2d: 0.7797 - val_psnr_for2d: 22.8490
Epoch 294/500
 - 3s - loss: 90.3961 - ssim_for2d: 0.8617 - psnr_for2d: 28.5930 - val_loss: 343.5844 - val_ssim_for2d: 0.7788 - val_psnr_for2d: 22.8814
Epoch 295/500
 - 3s - loss: 84.1697 - ssim_for2d: 0.8623 - psnr_for2d: 28.9204 - val_loss: 363.8901 - val_ssim_for2d: 0.7769 - val_psnr_for2d: 22.6096
Epoch 296/500
 - 3s - loss: 88.1611 - ssim_for2d: 0.8612 - psnr_for2d: 28.7273 - val_loss: 346.6541 - val_ssim_for2d: 0.7793 - val_psnr_for2d: 22.8389
Epoch 297/500
 - 3s - loss: 77.9858 - ssim_for2d: 0.8621 - psnr_for2d: 29.2290 - val_loss: 343.4331 - val_ssim_for2d: 0.7805 - val_psnr_for2d: 22.8733
Epoch 298/500
 - 3s - loss: 88.5589 - ssim_for2d: 0.8620 - psnr_for2d: 28.6843 - val_loss: 342.0016 - val_ssim_for2d: 0.7784 - val_psnr_for2d: 22.9018
Epoch 299/500
 - 3s - loss: 85.8146 - ssim_for2d: 0.8622 - psnr_for2d: 28.8426 - val_loss: 369.2849 - val_ssim_for2d: 0.7767 - val_psnr_for2d: 22.5597
Epoch 300/500
 - 3s - loss: 87.4765 - ssim_for2d: 0.8614 - psnr_for2d: 28.7582 - val_loss: 359.2466 - val_ssim_for2d: 0.7806 - val_psnr_for2d: 22.6644
Epoch 301/500
 - 3s - loss: 87.6362 - ssim_for2d: 0.8621 - psnr_for2d: 28.7502 - val_loss: 363.7997 - val_ssim_for2d: 0.7782 - val_psnr_for2d: 22.6195
Epoch 302/500
 - 3s - loss: 85.9228 - ssim_for2d: 0.8614 - psnr_for2d: 28.8341 - val_loss: 342.0982 - val_ssim_for2d: 0.7810 - val_psnr_for2d: 22.8914
Epoch 303/500
 - 3s - loss: 76.7120 - ssim_for2d: 0.8631 - psnr_for2d: 29.3036 - val_loss: 349.8459 - val_ssim_for2d: 0.7786 - val_psnr_for2d: 22.8024
Epoch 304/500
 - 4s - loss: 76.9793 - ssim_for2d: 0.8632 - psnr_for2d: 29.2897 - val_loss: 340.2442 - val_ssim_for2d: 0.7795 - val_psnr_for2d: 22.9204
Epoch 305/500
 - 3s - loss: 80.2160 - ssim_for2d: 0.8634 - psnr_for2d: 29.1080 - val_loss: 338.1635 - val_ssim_for2d: 0.7796 - val_psnr_for2d: 22.9562
Epoch 306/500
 - 3s - loss: 82.5624 - ssim_for2d: 0.8633 - psnr_for2d: 29.0051 - val_loss: 351.8541 - val_ssim_for2d: 0.7784 - val_psnr_for2d: 22.7820
Epoch 307/500
 - 3s - loss: 76.0640 - ssim_for2d: 0.8633 - psnr_for2d: 29.3426 - val_loss: 341.5521 - val_ssim_for2d: 0.7807 - val_psnr_for2d: 22.9049
Epoch 308/500
 - 3s - loss: 76.8828 - ssim_for2d: 0.8635 - psnr_for2d: 29.2882 - val_loss: 343.3049 - val_ssim_for2d: 0.7813 - val_psnr_for2d: 22.8794
Epoch 309/500
 - 3s - loss: 89.3892 - ssim_for2d: 0.8634 - psnr_for2d: 28.6475 - val_loss: 338.3639 - val_ssim_for2d: 0.7796 - val_psnr_for2d: 22.9510
Epoch 310/500
 - 3s - loss: 74.4330 - ssim_for2d: 0.8638 - psnr_for2d: 29.4311 - val_loss: 351.8083 - val_ssim_for2d: 0.7784 - val_psnr_for2d: 22.7760
Epoch 311/500
 - 3s - loss: 102.5765 - ssim_for2d: 0.8626 - psnr_for2d: 28.0573 - val_loss: 345.2225 - val_ssim_for2d: 0.7807 - val_psnr_for2d: 22.8570
Epoch 312/500
 - 3s - loss: 77.6888 - ssim_for2d: 0.8636 - psnr_for2d: 29.2468 - val_loss: 341.2706 - val_ssim_for2d: 0.7786 - val_psnr_for2d: 22.9066
Epoch 313/500
 - 3s - loss: 73.8259 - ssim_for2d: 0.8638 - psnr_for2d: 29.4670 - val_loss: 342.4652 - val_ssim_for2d: 0.7808 - val_psnr_for2d: 22.9043
Epoch 314/500
 - 3s - loss: 73.0377 - ssim_for2d: 0.8647 - psnr_for2d: 29.5142 - val_loss: 340.4593 - val_ssim_for2d: 0.7794 - val_psnr_for2d: 22.9238
Epoch 315/500
 - 3s - loss: 82.9534 - ssim_for2d: 0.8644 - psnr_for2d: 28.9834 - val_loss: 363.5864 - val_ssim_for2d: 0.7806 - val_psnr_for2d: 22.6152
Epoch 316/500
 - 3s - loss: 83.0849 - ssim_for2d: 0.8641 - psnr_for2d: 28.9959 - val_loss: 336.8739 - val_ssim_for2d: 0.7816 - val_psnr_for2d: 22.9722
Epoch 317/500
 - 3s - loss: 72.7400 - ssim_for2d: 0.8648 - psnr_for2d: 29.5308 - val_loss: 340.8008 - val_ssim_for2d: 0.7793 - val_psnr_for2d: 22.9265
Epoch 318/500
 - 3s - loss: 81.0747 - ssim_for2d: 0.8649 - psnr_for2d: 29.0797 - val_loss: 366.9414 - val_ssim_for2d: 0.7784 - val_psnr_for2d: 22.5940
Epoch 319/500
 - 3s - loss: 86.4356 - ssim_for2d: 0.8643 - psnr_for2d: 28.8244 - val_loss: 357.6189 - val_ssim_for2d: 0.7808 - val_psnr_for2d: 22.6916
Epoch 320/500
 - 3s - loss: 96.2922 - ssim_for2d: 0.8627 - psnr_for2d: 28.3584 - val_loss: 336.7053 - val_ssim_for2d: 0.7811 - val_psnr_for2d: 22.9698
Epoch 321/500
 - 3s - loss: 76.7474 - ssim_for2d: 0.8643 - psnr_for2d: 29.3002 - val_loss: 342.3904 - val_ssim_for2d: 0.7818 - val_psnr_for2d: 22.9060
Epoch 322/500
 - 3s - loss: 71.5405 - ssim_for2d: 0.8656 - psnr_for2d: 29.6034 - val_loss: 338.3659 - val_ssim_for2d: 0.7820 - val_psnr_for2d: 22.9503
Epoch 323/500
 - 3s - loss: 71.6279 - ssim_for2d: 0.8658 - psnr_for2d: 29.5993 - val_loss: 347.8267 - val_ssim_for2d: 0.7815 - val_psnr_for2d: 22.8277
Epoch 324/500
 - 3s - loss: 74.9153 - ssim_for2d: 0.8659 - psnr_for2d: 29.4037 - val_loss: 340.6509 - val_ssim_for2d: 0.7804 - val_psnr_for2d: 22.9246
Epoch 325/500
 - 3s - loss: 76.9114 - ssim_for2d: 0.8658 - psnr_for2d: 29.2890 - val_loss: 349.9027 - val_ssim_for2d: 0.7832 - val_psnr_for2d: 22.7937
Epoch 326/500
 - 3s - loss: 87.4517 - ssim_for2d: 0.8651 - psnr_for2d: 28.7351 - val_loss: 342.4082 - val_ssim_for2d: 0.7800 - val_psnr_for2d: 22.9093
Epoch 327/500
 - 3s - loss: 68.4129 - ssim_for2d: 0.8661 - psnr_for2d: 29.7972 - val_loss: 335.9488 - val_ssim_for2d: 0.7813 - val_psnr_for2d: 22.9921
Epoch 328/500
 - 3s - loss: 68.6918 - ssim_for2d: 0.8662 - psnr_for2d: 29.7785 - val_loss: 345.1694 - val_ssim_for2d: 0.7815 - val_psnr_for2d: 22.8590
Epoch 329/500
 - 3s - loss: 125.6002 - ssim_for2d: 0.8631 - psnr_for2d: 27.3064 - val_loss: 345.9269 - val_ssim_for2d: 0.7791 - val_psnr_for2d: 22.8550
Epoch 330/500
 - 3s - loss: 98.6233 - ssim_for2d: 0.8610 - psnr_for2d: 28.2468 - val_loss: 350.1139 - val_ssim_for2d: 0.7751 - val_psnr_for2d: 22.8069
Epoch 331/500
 - 3s - loss: 77.9343 - ssim_for2d: 0.8634 - psnr_for2d: 29.2376 - val_loss: 337.4405 - val_ssim_for2d: 0.7828 - val_psnr_for2d: 22.9750
Epoch 332/500
 - 3s - loss: 70.9087 - ssim_for2d: 0.8659 - psnr_for2d: 29.6422 - val_loss: 337.5228 - val_ssim_for2d: 0.7801 - val_psnr_for2d: 22.9611
Epoch 333/500
 - 3s - loss: 75.5268 - ssim_for2d: 0.8655 - psnr_for2d: 29.3678 - val_loss: 338.7919 - val_ssim_for2d: 0.7826 - val_psnr_for2d: 22.9531
Epoch 334/500
 - 3s - loss: 68.5360 - ssim_for2d: 0.8668 - psnr_for2d: 29.7905 - val_loss: 349.8187 - val_ssim_for2d: 0.7812 - val_psnr_for2d: 22.8133
Epoch 335/500
 - 3s - loss: 87.6374 - ssim_for2d: 0.8661 - psnr_for2d: 28.7575 - val_loss: 341.7579 - val_ssim_for2d: 0.7830 - val_psnr_for2d: 22.9034
Epoch 336/500
 - 3s - loss: 77.8121 - ssim_for2d: 0.8666 - psnr_for2d: 29.2593 - val_loss: 345.8966 - val_ssim_for2d: 0.7808 - val_psnr_for2d: 22.8621
Epoch 337/500
 - 3s - loss: 72.0870 - ssim_for2d: 0.8671 - psnr_for2d: 29.5738 - val_loss: 363.1883 - val_ssim_for2d: 0.7820 - val_psnr_for2d: 22.6269
Epoch 338/500
 - 3s - loss: 88.5058 - ssim_for2d: 0.8664 - psnr_for2d: 28.7577 - val_loss: 356.3380 - val_ssim_for2d: 0.7829 - val_psnr_for2d: 22.7264
Epoch 339/500
 - 3s - loss: 79.2912 - ssim_for2d: 0.8666 - psnr_for2d: 29.1834 - val_loss: 344.2334 - val_ssim_for2d: 0.7829 - val_psnr_for2d: 22.8748
Epoch 340/500
 - 3s - loss: 70.2667 - ssim_for2d: 0.8674 - psnr_for2d: 29.6892 - val_loss: 352.0953 - val_ssim_for2d: 0.7811 - val_psnr_for2d: 22.7809
Epoch 341/500
 - 3s - loss: 72.6974 - ssim_for2d: 0.8671 - psnr_for2d: 29.5427 - val_loss: 343.5718 - val_ssim_for2d: 0.7839 - val_psnr_for2d: 22.8891
Epoch 342/500
 - 3s - loss: 68.4337 - ssim_for2d: 0.8676 - psnr_for2d: 29.8010 - val_loss: 337.9080 - val_ssim_for2d: 0.7827 - val_psnr_for2d: 22.9752
Epoch 343/500
 - 3s - loss: 64.8325 - ssim_for2d: 0.8683 - psnr_for2d: 30.0319 - val_loss: 335.8536 - val_ssim_for2d: 0.7816 - val_psnr_for2d: 22.9997
Epoch 344/500
 - 3s - loss: 82.0948 - ssim_for2d: 0.8673 - psnr_for2d: 29.0679 - val_loss: 369.4879 - val_ssim_for2d: 0.7805 - val_psnr_for2d: 22.5579
Epoch 345/500
 - 3s - loss: 80.6357 - ssim_for2d: 0.8657 - psnr_for2d: 29.1354 - val_loss: 346.8542 - val_ssim_for2d: 0.7849 - val_psnr_for2d: 22.8452
Epoch 346/500
 - 3s - loss: 69.5909 - ssim_for2d: 0.8672 - psnr_for2d: 29.7307 - val_loss: 336.5372 - val_ssim_for2d: 0.7819 - val_psnr_for2d: 22.9955
Epoch 347/500
 - 3s - loss: 73.3240 - ssim_for2d: 0.8681 - psnr_for2d: 29.5208 - val_loss: 362.6621 - val_ssim_for2d: 0.7822 - val_psnr_for2d: 22.6356
Epoch 348/500
 - 3s - loss: 80.9003 - ssim_for2d: 0.8672 - psnr_for2d: 29.1121 - val_loss: 344.8706 - val_ssim_for2d: 0.7813 - val_psnr_for2d: 22.8850
Epoch 349/500
 - 3s - loss: 75.8302 - ssim_for2d: 0.8683 - psnr_for2d: 29.3535 - val_loss: 344.6243 - val_ssim_for2d: 0.7827 - val_psnr_for2d: 22.8813
Epoch 350/500
 - 3s - loss: 72.3502 - ssim_for2d: 0.8685 - psnr_for2d: 29.5779 - val_loss: 362.2725 - val_ssim_for2d: 0.7824 - val_psnr_for2d: 22.6414
Epoch 351/500
 - 3s - loss: 75.1419 - ssim_for2d: 0.8682 - psnr_for2d: 29.4341 - val_loss: 352.6380 - val_ssim_for2d: 0.7828 - val_psnr_for2d: 22.7750
Epoch 352/500
 - 3s - loss: 79.1503 - ssim_for2d: 0.8679 - psnr_for2d: 29.2063 - val_loss: 338.1046 - val_ssim_for2d: 0.7831 - val_psnr_for2d: 22.9706
Epoch 353/500
 - 3s - loss: 63.9659 - ssim_for2d: 0.8690 - psnr_for2d: 30.0901 - val_loss: 340.1624 - val_ssim_for2d: 0.7829 - val_psnr_for2d: 22.9423
Epoch 354/500
 - 3s - loss: 73.7442 - ssim_for2d: 0.8688 - psnr_for2d: 29.4789 - val_loss: 342.6842 - val_ssim_for2d: 0.7835 - val_psnr_for2d: 22.9005
Epoch 355/500
 - 3s - loss: 64.5164 - ssim_for2d: 0.8693 - psnr_for2d: 30.0566 - val_loss: 339.4265 - val_ssim_for2d: 0.7839 - val_psnr_for2d: 22.9566
Epoch 356/500
 - 3s - loss: 64.3009 - ssim_for2d: 0.8694 - psnr_for2d: 30.0701 - val_loss: 350.7220 - val_ssim_for2d: 0.7840 - val_psnr_for2d: 22.7946
Epoch 357/500
 - 3s - loss: 111.3431 - ssim_for2d: 0.8666 - psnr_for2d: 27.7882 - val_loss: 352.0796 - val_ssim_for2d: 0.7788 - val_psnr_for2d: 22.7873
Epoch 358/500
 - 3s - loss: 77.3311 - ssim_for2d: 0.8668 - psnr_for2d: 29.2853 - val_loss: 344.5518 - val_ssim_for2d: 0.7835 - val_psnr_for2d: 22.8812
Epoch 359/500
 - 3s - loss: 76.9410 - ssim_for2d: 0.8677 - psnr_for2d: 29.3090 - val_loss: 352.1389 - val_ssim_for2d: 0.7822 - val_psnr_for2d: 22.7920
Epoch 360/500
 - 3s - loss: 68.7501 - ssim_for2d: 0.8691 - psnr_for2d: 29.7832 - val_loss: 340.1541 - val_ssim_for2d: 0.7832 - val_psnr_for2d: 22.9327
Epoch 361/500
 - 3s - loss: 63.6810 - ssim_for2d: 0.8695 - psnr_for2d: 30.1122 - val_loss: 343.0007 - val_ssim_for2d: 0.7822 - val_psnr_for2d: 22.9157
Epoch 362/500
 - 3s - loss: 67.3019 - ssim_for2d: 0.8696 - psnr_for2d: 29.8687 - val_loss: 349.4570 - val_ssim_for2d: 0.7835 - val_psnr_for2d: 22.8252
Epoch 363/500
 - 3s - loss: 68.6710 - ssim_for2d: 0.8696 - psnr_for2d: 29.7918 - val_loss: 341.6829 - val_ssim_for2d: 0.7843 - val_psnr_for2d: 22.9208
Epoch 364/500
 - 3s - loss: 83.8990 - ssim_for2d: 0.8689 - psnr_for2d: 28.9346 - val_loss: 345.6041 - val_ssim_for2d: 0.7826 - val_psnr_for2d: 22.8712
Epoch 365/500
 - 3s - loss: 70.5955 - ssim_for2d: 0.8698 - psnr_for2d: 29.6932 - val_loss: 366.1814 - val_ssim_for2d: 0.7830 - val_psnr_for2d: 22.6077
Epoch 366/500
 - 3s - loss: 74.3161 - ssim_for2d: 0.8693 - psnr_for2d: 29.4711 - val_loss: 349.6556 - val_ssim_for2d: 0.7841 - val_psnr_for2d: 22.8003
Epoch 367/500
 - 3s - loss: 69.0938 - ssim_for2d: 0.8694 - psnr_for2d: 29.7685 - val_loss: 347.1365 - val_ssim_for2d: 0.7846 - val_psnr_for2d: 22.8510
Epoch 368/500
 - 3s - loss: 70.2268 - ssim_for2d: 0.8698 - psnr_for2d: 29.6881 - val_loss: 337.5722 - val_ssim_for2d: 0.7831 - val_psnr_for2d: 22.9816
Epoch 369/500
 - 3s - loss: 62.9705 - ssim_for2d: 0.8706 - psnr_for2d: 30.1605 - val_loss: 348.2306 - val_ssim_for2d: 0.7830 - val_psnr_for2d: 22.8320
Epoch 370/500
 - 3s - loss: 72.9831 - ssim_for2d: 0.8700 - psnr_for2d: 29.5197 - val_loss: 340.4593 - val_ssim_for2d: 0.7840 - val_psnr_for2d: 22.9383
Epoch 371/500
 - 3s - loss: 68.2003 - ssim_for2d: 0.8705 - psnr_for2d: 29.8491 - val_loss: 375.4332 - val_ssim_for2d: 0.7817 - val_psnr_for2d: 22.5003
Epoch 372/500
 - 3s - loss: 76.9023 - ssim_for2d: 0.8700 - psnr_for2d: 29.3694 - val_loss: 346.0486 - val_ssim_for2d: 0.7849 - val_psnr_for2d: 22.8608
Epoch 373/500
 - 3s - loss: 66.5788 - ssim_for2d: 0.8706 - psnr_for2d: 29.9270 - val_loss: 341.8363 - val_ssim_for2d: 0.7834 - val_psnr_for2d: 22.9308
Epoch 374/500
 - 3s - loss: 67.1148 - ssim_for2d: 0.8706 - psnr_for2d: 29.8788 - val_loss: 349.4921 - val_ssim_for2d: 0.7842 - val_psnr_for2d: 22.8265
Epoch 375/500
 - 3s - loss: 72.5729 - ssim_for2d: 0.8704 - psnr_for2d: 29.5502 - val_loss: 337.2824 - val_ssim_for2d: 0.7852 - val_psnr_for2d: 22.9908
Epoch 376/500
 - 3s - loss: 76.5058 - ssim_for2d: 0.8703 - psnr_for2d: 29.3533 - val_loss: 373.1771 - val_ssim_for2d: 0.7810 - val_psnr_for2d: 22.5142
Epoch 377/500
 - 3s - loss: 76.2426 - ssim_for2d: 0.8691 - psnr_for2d: 29.3801 - val_loss: 333.7155 - val_ssim_for2d: 0.7849 - val_psnr_for2d: 23.0348
Epoch 378/500
 - 3s - loss: 66.6308 - ssim_for2d: 0.8701 - psnr_for2d: 29.9152 - val_loss: 347.1019 - val_ssim_for2d: 0.7826 - val_psnr_for2d: 22.8563
Epoch 379/500
 - 3s - loss: 63.4619 - ssim_for2d: 0.8705 - psnr_for2d: 30.1262 - val_loss: 338.4447 - val_ssim_for2d: 0.7849 - val_psnr_for2d: 22.9711
Epoch 380/500
 - 3s - loss: 70.7303 - ssim_for2d: 0.8703 - psnr_for2d: 29.7061 - val_loss: 388.3496 - val_ssim_for2d: 0.7807 - val_psnr_for2d: 22.3322
Epoch 381/500
 - 3s - loss: 100.0343 - ssim_for2d: 0.8676 - psnr_for2d: 28.2653 - val_loss: 352.4264 - val_ssim_for2d: 0.7838 - val_psnr_for2d: 22.7830
Epoch 382/500
 - 3s - loss: 80.8699 - ssim_for2d: 0.8688 - psnr_for2d: 29.1237 - val_loss: 345.3692 - val_ssim_for2d: 0.7857 - val_psnr_for2d: 22.8678
Epoch 383/500
 - 3s - loss: 69.8575 - ssim_for2d: 0.8702 - psnr_for2d: 29.7185 - val_loss: 352.1303 - val_ssim_for2d: 0.7835 - val_psnr_for2d: 22.7878
Epoch 384/500
 - 3s - loss: 67.7204 - ssim_for2d: 0.8709 - psnr_for2d: 29.8579 - val_loss: 351.0407 - val_ssim_for2d: 0.7845 - val_psnr_for2d: 22.7927
Epoch 385/500
 - 3s - loss: 64.6830 - ssim_for2d: 0.8713 - psnr_for2d: 30.0492 - val_loss: 342.8016 - val_ssim_for2d: 0.7846 - val_psnr_for2d: 22.9207
Epoch 386/500
 - 3s - loss: 59.4502 - ssim_for2d: 0.8716 - psnr_for2d: 30.4075 - val_loss: 336.7266 - val_ssim_for2d: 0.7856 - val_psnr_for2d: 22.9946
Epoch 387/500
 - 3s - loss: 61.1867 - ssim_for2d: 0.8721 - psnr_for2d: 30.2831 - val_loss: 346.1477 - val_ssim_for2d: 0.7838 - val_psnr_for2d: 22.8737
Epoch 388/500
 - 3s - loss: 87.3991 - ssim_for2d: 0.8708 - psnr_for2d: 28.7843 - val_loss: 333.5573 - val_ssim_for2d: 0.7849 - val_psnr_for2d: 23.0375
Epoch 389/500
 - 3s - loss: 68.9073 - ssim_for2d: 0.8716 - psnr_for2d: 29.7855 - val_loss: 339.6493 - val_ssim_for2d: 0.7837 - val_psnr_for2d: 22.9604
Epoch 390/500
 - 3s - loss: 60.2631 - ssim_for2d: 0.8723 - psnr_for2d: 30.3522 - val_loss: 341.3571 - val_ssim_for2d: 0.7850 - val_psnr_for2d: 22.9311
Epoch 391/500
 - 3s - loss: 78.4492 - ssim_for2d: 0.8715 - psnr_for2d: 29.2521 - val_loss: 341.6362 - val_ssim_for2d: 0.7832 - val_psnr_for2d: 22.9380
Epoch 392/500
 - 3s - loss: 70.6651 - ssim_for2d: 0.8715 - psnr_for2d: 29.6904 - val_loss: 340.3990 - val_ssim_for2d: 0.7839 - val_psnr_for2d: 22.9451
Epoch 393/500
 - 3s - loss: 71.1275 - ssim_for2d: 0.8714 - psnr_for2d: 29.6438 - val_loss: 339.6550 - val_ssim_for2d: 0.7841 - val_psnr_for2d: 22.9552
Epoch 394/500
 - 3s - loss: 72.3150 - ssim_for2d: 0.8717 - psnr_for2d: 29.6059 - val_loss: 358.2972 - val_ssim_for2d: 0.7832 - val_psnr_for2d: 22.7182
Epoch 395/500
 - 3s - loss: 61.8546 - ssim_for2d: 0.8723 - psnr_for2d: 30.2471 - val_loss: 341.1226 - val_ssim_for2d: 0.7841 - val_psnr_for2d: 22.9350
Epoch 396/500
 - 3s - loss: 62.7224 - ssim_for2d: 0.8722 - psnr_for2d: 30.1738 - val_loss: 344.5209 - val_ssim_for2d: 0.7863 - val_psnr_for2d: 22.8911
Epoch 397/500
 - 3s - loss: 68.4564 - ssim_for2d: 0.8720 - psnr_for2d: 29.7934 - val_loss: 338.5922 - val_ssim_for2d: 0.7864 - val_psnr_for2d: 22.9714
Epoch 398/500
 - 3s - loss: 58.5212 - ssim_for2d: 0.8727 - psnr_for2d: 30.4775 - val_loss: 344.2720 - val_ssim_for2d: 0.7846 - val_psnr_for2d: 22.9053
Epoch 399/500
 - 3s - loss: 71.6983 - ssim_for2d: 0.8722 - psnr_for2d: 29.5997 - val_loss: 358.7523 - val_ssim_for2d: 0.7833 - val_psnr_for2d: 22.7191
Epoch 400/500
 - 3s - loss: 71.1189 - ssim_for2d: 0.8723 - psnr_for2d: 29.6668 - val_loss: 344.9579 - val_ssim_for2d: 0.7846 - val_psnr_for2d: 22.8812
Epoch 401/500
 - 3s - loss: 62.8510 - ssim_for2d: 0.8728 - psnr_for2d: 30.1634 - val_loss: 343.6159 - val_ssim_for2d: 0.7850 - val_psnr_for2d: 22.9019
Epoch 402/500
 - 3s - loss: 58.8968 - ssim_for2d: 0.8730 - psnr_for2d: 30.4497 - val_loss: 350.0246 - val_ssim_for2d: 0.7842 - val_psnr_for2d: 22.8294
Epoch 403/500
 - 3s - loss: 82.4940 - ssim_for2d: 0.8713 - psnr_for2d: 29.0006 - val_loss: 335.5083 - val_ssim_for2d: 0.7853 - val_psnr_for2d: 23.0144
Epoch 404/500
 - 3s - loss: 61.2124 - ssim_for2d: 0.8725 - psnr_for2d: 30.2817 - val_loss: 347.8124 - val_ssim_for2d: 0.7845 - val_psnr_for2d: 22.8525
Epoch 405/500
 - 3s - loss: 67.1987 - ssim_for2d: 0.8731 - psnr_for2d: 29.8751 - val_loss: 344.9305 - val_ssim_for2d: 0.7848 - val_psnr_for2d: 22.8855
Epoch 406/500
 - 3s - loss: 61.1127 - ssim_for2d: 0.8735 - psnr_for2d: 30.2973 - val_loss: 362.6482 - val_ssim_for2d: 0.7837 - val_psnr_for2d: 22.6658
Epoch 407/500
 - 3s - loss: 79.3699 - ssim_for2d: 0.8722 - psnr_for2d: 29.2161 - val_loss: 340.4603 - val_ssim_for2d: 0.7850 - val_psnr_for2d: 22.9520
Epoch 408/500
 - 3s - loss: 61.9617 - ssim_for2d: 0.8729 - psnr_for2d: 30.2266 - val_loss: 339.8689 - val_ssim_for2d: 0.7858 - val_psnr_for2d: 22.9625
Epoch 409/500
 - 3s - loss: 55.9808 - ssim_for2d: 0.8734 - psnr_for2d: 30.6682 - val_loss: 340.8764 - val_ssim_for2d: 0.7850 - val_psnr_for2d: 22.9523
Epoch 410/500
 - 3s - loss: 69.1236 - ssim_for2d: 0.8730 - psnr_for2d: 29.8205 - val_loss: 372.0832 - val_ssim_for2d: 0.7845 - val_psnr_for2d: 22.5363
Epoch 411/500
 - 3s - loss: 71.4509 - ssim_for2d: 0.8723 - psnr_for2d: 29.6879 - val_loss: 357.1965 - val_ssim_for2d: 0.7835 - val_psnr_for2d: 22.7347
Epoch 412/500
 - 3s - loss: 78.2869 - ssim_for2d: 0.8721 - psnr_for2d: 29.2623 - val_loss: 339.0322 - val_ssim_for2d: 0.7852 - val_psnr_for2d: 22.9793
Epoch 413/500
 - 3s - loss: 64.6085 - ssim_for2d: 0.8730 - psnr_for2d: 30.0530 - val_loss: 338.7037 - val_ssim_for2d: 0.7866 - val_psnr_for2d: 22.9750
Epoch 414/500
 - 3s - loss: 57.8513 - ssim_for2d: 0.8736 - psnr_for2d: 30.5246 - val_loss: 348.3547 - val_ssim_for2d: 0.7845 - val_psnr_for2d: 22.8578
Epoch 415/500
 - 3s - loss: 65.7315 - ssim_for2d: 0.8737 - psnr_for2d: 29.9686 - val_loss: 341.1148 - val_ssim_for2d: 0.7853 - val_psnr_for2d: 22.9500
Epoch 416/500
 - 3s - loss: 56.2162 - ssim_for2d: 0.8742 - psnr_for2d: 30.6524 - val_loss: 351.1594 - val_ssim_for2d: 0.7859 - val_psnr_for2d: 22.8102
Epoch 417/500
 - 3s - loss: 74.4644 - ssim_for2d: 0.8732 - psnr_for2d: 29.4300 - val_loss: 352.7658 - val_ssim_for2d: 0.7828 - val_psnr_for2d: 22.7943
Epoch 418/500
 - 3s - loss: 57.4577 - ssim_for2d: 0.8736 - psnr_for2d: 30.5578 - val_loss: 345.6040 - val_ssim_for2d: 0.7855 - val_psnr_for2d: 22.8870
Epoch 419/500
 - 3s - loss: 60.9506 - ssim_for2d: 0.8738 - psnr_for2d: 30.3006 - val_loss: 362.4421 - val_ssim_for2d: 0.7841 - val_psnr_for2d: 22.6743
Epoch 420/500
 - 3s - loss: 86.0702 - ssim_for2d: 0.8722 - psnr_for2d: 28.8103 - val_loss: 344.4058 - val_ssim_for2d: 0.7832 - val_psnr_for2d: 22.9089
Epoch 421/500
 - 3s - loss: 62.4942 - ssim_for2d: 0.8733 - psnr_for2d: 30.1926 - val_loss: 341.7275 - val_ssim_for2d: 0.7836 - val_psnr_for2d: 22.9379
Epoch 422/500
 - 3s - loss: 57.0523 - ssim_for2d: 0.8741 - psnr_for2d: 30.5861 - val_loss: 340.9525 - val_ssim_for2d: 0.7853 - val_psnr_for2d: 22.9547
Epoch 423/500
 - 3s - loss: 58.1301 - ssim_for2d: 0.8742 - psnr_for2d: 30.5119 - val_loss: 347.5326 - val_ssim_for2d: 0.7860 - val_psnr_for2d: 22.8641
Epoch 424/500
 - 3s - loss: 73.6967 - ssim_for2d: 0.8738 - psnr_for2d: 29.4869 - val_loss: 350.7718 - val_ssim_for2d: 0.7854 - val_psnr_for2d: 22.8156
Epoch 425/500
 - 3s - loss: 58.7361 - ssim_for2d: 0.8741 - psnr_for2d: 30.4605 - val_loss: 344.5081 - val_ssim_for2d: 0.7855 - val_psnr_for2d: 22.9116
Epoch 426/500
 - 3s - loss: 56.2808 - ssim_for2d: 0.8748 - psnr_for2d: 30.6506 - val_loss: 354.7690 - val_ssim_for2d: 0.7870 - val_psnr_for2d: 22.7575
Epoch 427/500
 - 3s - loss: 69.4176 - ssim_for2d: 0.8740 - psnr_for2d: 29.7532 - val_loss: 337.2769 - val_ssim_for2d: 0.7864 - val_psnr_for2d: 23.0029
Epoch 428/500
 - 3s - loss: 60.3503 - ssim_for2d: 0.8743 - psnr_for2d: 30.3620 - val_loss: 371.0437 - val_ssim_for2d: 0.7835 - val_psnr_for2d: 22.5724
Epoch 429/500
 - 3s - loss: 79.8550 - ssim_for2d: 0.8730 - psnr_for2d: 29.1670 - val_loss: 348.9233 - val_ssim_for2d: 0.7832 - val_psnr_for2d: 22.8504
Epoch 430/500
 - 3s - loss: 67.8387 - ssim_for2d: 0.8735 - psnr_for2d: 29.8561 - val_loss: 344.3159 - val_ssim_for2d: 0.7858 - val_psnr_for2d: 22.9011
Epoch 431/500
 - 4s - loss: 56.7731 - ssim_for2d: 0.8742 - psnr_for2d: 30.6110 - val_loss: 346.3467 - val_ssim_for2d: 0.7839 - val_psnr_for2d: 22.8855
Epoch 432/500
 - 3s - loss: 60.2364 - ssim_for2d: 0.8747 - psnr_for2d: 30.3737 - val_loss: 370.3623 - val_ssim_for2d: 0.7828 - val_psnr_for2d: 22.5793
Epoch 433/500
 - 3s - loss: 81.4483 - ssim_for2d: 0.8738 - psnr_for2d: 29.1233 - val_loss: 345.9345 - val_ssim_for2d: 0.7854 - val_psnr_for2d: 22.8840
Epoch 434/500
 - 3s - loss: 71.6700 - ssim_for2d: 0.8741 - psnr_for2d: 29.6530 - val_loss: 341.3664 - val_ssim_for2d: 0.7855 - val_psnr_for2d: 22.9473
Epoch 435/500
 - 3s - loss: 59.6979 - ssim_for2d: 0.8749 - psnr_for2d: 30.3987 - val_loss: 347.1496 - val_ssim_for2d: 0.7843 - val_psnr_for2d: 22.8793
Epoch 436/500
 - 3s - loss: 61.1406 - ssim_for2d: 0.8747 - psnr_for2d: 30.2895 - val_loss: 341.1390 - val_ssim_for2d: 0.7856 - val_psnr_for2d: 22.9557
Epoch 437/500
 - 3s - loss: 54.0119 - ssim_for2d: 0.8752 - psnr_for2d: 30.8223 - val_loss: 343.2641 - val_ssim_for2d: 0.7855 - val_psnr_for2d: 22.9344
Epoch 438/500
 - 3s - loss: 61.8979 - ssim_for2d: 0.8753 - psnr_for2d: 30.2471 - val_loss: 348.9729 - val_ssim_for2d: 0.7867 - val_psnr_for2d: 22.8392
Epoch 439/500
 - 3s - loss: 57.4591 - ssim_for2d: 0.8754 - psnr_for2d: 30.5587 - val_loss: 346.7651 - val_ssim_for2d: 0.7854 - val_psnr_for2d: 22.8834
Epoch 440/500
 - 3s - loss: 56.0662 - ssim_for2d: 0.8756 - psnr_for2d: 30.6635 - val_loss: 350.0467 - val_ssim_for2d: 0.7871 - val_psnr_for2d: 22.8190
Epoch 441/500
 - 3s - loss: 72.9329 - ssim_for2d: 0.8747 - psnr_for2d: 29.5217 - val_loss: 353.6735 - val_ssim_for2d: 0.7856 - val_psnr_for2d: 22.7809
Epoch 442/500
 - 3s - loss: 66.8795 - ssim_for2d: 0.8747 - psnr_for2d: 29.8914 - val_loss: 347.6083 - val_ssim_for2d: 0.7866 - val_psnr_for2d: 22.8604
Epoch 443/500
 - 3s - loss: 57.9466 - ssim_for2d: 0.8752 - psnr_for2d: 30.5290 - val_loss: 343.7657 - val_ssim_for2d: 0.7863 - val_psnr_for2d: 22.9177
Epoch 444/500
 - 3s - loss: 53.4046 - ssim_for2d: 0.8760 - psnr_for2d: 30.8722 - val_loss: 346.6707 - val_ssim_for2d: 0.7848 - val_psnr_for2d: 22.8953
Epoch 445/500
 - 3s - loss: 53.6772 - ssim_for2d: 0.8761 - psnr_for2d: 30.8572 - val_loss: 350.6661 - val_ssim_for2d: 0.7860 - val_psnr_for2d: 22.8295
Epoch 446/500
 - 3s - loss: 73.1863 - ssim_for2d: 0.8749 - psnr_for2d: 29.5553 - val_loss: 383.6312 - val_ssim_for2d: 0.7852 - val_psnr_for2d: 22.3896
Epoch 447/500
 - 3s - loss: 110.3174 - ssim_for2d: 0.8666 - psnr_for2d: 27.7739 - val_loss: 357.5966 - val_ssim_for2d: 0.7779 - val_psnr_for2d: 22.7424
Epoch 448/500
 - 3s - loss: 74.8365 - ssim_for2d: 0.8693 - psnr_for2d: 29.4192 - val_loss: 340.0714 - val_ssim_for2d: 0.7866 - val_psnr_for2d: 22.9598
Epoch 449/500
 - 3s - loss: 63.3327 - ssim_for2d: 0.8732 - psnr_for2d: 30.1321 - val_loss: 339.3327 - val_ssim_for2d: 0.7860 - val_psnr_for2d: 22.9743
Epoch 450/500
 - 3s - loss: 63.3211 - ssim_for2d: 0.8748 - psnr_for2d: 30.1431 - val_loss: 347.7871 - val_ssim_for2d: 0.7820 - val_psnr_for2d: 22.8642
Epoch 451/500
 - 3s - loss: 53.7685 - ssim_for2d: 0.8753 - psnr_for2d: 30.8442 - val_loss: 344.5134 - val_ssim_for2d: 0.7866 - val_psnr_for2d: 22.9161
Epoch 452/500
 - 3s - loss: 52.0741 - ssim_for2d: 0.8761 - psnr_for2d: 30.9831 - val_loss: 337.7707 - val_ssim_for2d: 0.7877 - val_psnr_for2d: 23.0007
Epoch 453/500
 - 3s - loss: 58.8051 - ssim_for2d: 0.8764 - psnr_for2d: 30.4830 - val_loss: 357.4582 - val_ssim_for2d: 0.7855 - val_psnr_for2d: 22.7323
Epoch 454/500
 - 3s - loss: 66.5104 - ssim_for2d: 0.8758 - psnr_for2d: 29.9301 - val_loss: 340.7854 - val_ssim_for2d: 0.7867 - val_psnr_for2d: 22.9610
Epoch 455/500
 - 3s - loss: 52.7443 - ssim_for2d: 0.8766 - psnr_for2d: 30.9268 - val_loss: 345.1467 - val_ssim_for2d: 0.7859 - val_psnr_for2d: 22.9080
Epoch 456/500
 - 3s - loss: 67.6877 - ssim_for2d: 0.8760 - psnr_for2d: 29.9103 - val_loss: 378.5652 - val_ssim_for2d: 0.7831 - val_psnr_for2d: 22.4809
Epoch 457/500
 - 3s - loss: 67.0510 - ssim_for2d: 0.8753 - psnr_for2d: 29.9528 - val_loss: 372.5247 - val_ssim_for2d: 0.7857 - val_psnr_for2d: 22.5420
Epoch 458/500
 - 3s - loss: 66.5848 - ssim_for2d: 0.8753 - psnr_for2d: 30.0015 - val_loss: 342.2781 - val_ssim_for2d: 0.7864 - val_psnr_for2d: 22.9431
Epoch 459/500
 - 3s - loss: 53.7156 - ssim_for2d: 0.8763 - psnr_for2d: 30.8488 - val_loss: 351.4069 - val_ssim_for2d: 0.7865 - val_psnr_for2d: 22.8103
Epoch 460/500
 - 3s - loss: 69.2916 - ssim_for2d: 0.8757 - psnr_for2d: 29.7847 - val_loss: 344.8328 - val_ssim_for2d: 0.7846 - val_psnr_for2d: 22.9135
Epoch 461/500
 - 3s - loss: 54.2380 - ssim_for2d: 0.8766 - psnr_for2d: 30.8100 - val_loss: 341.4050 - val_ssim_for2d: 0.7861 - val_psnr_for2d: 22.9618
Epoch 462/500
 - 3s - loss: 49.9481 - ssim_for2d: 0.8769 - psnr_for2d: 31.1629 - val_loss: 342.6202 - val_ssim_for2d: 0.7862 - val_psnr_for2d: 22.9412
Epoch 463/500
 - 4s - loss: 50.5812 - ssim_for2d: 0.8771 - psnr_for2d: 31.1061 - val_loss: 343.6041 - val_ssim_for2d: 0.7867 - val_psnr_for2d: 22.9301
Epoch 464/500
 - 4s - loss: 49.4228 - ssim_for2d: 0.8773 - psnr_for2d: 31.2079 - val_loss: 339.4671 - val_ssim_for2d: 0.7866 - val_psnr_for2d: 22.9851
Epoch 465/500
 - 3s - loss: 49.8519 - ssim_for2d: 0.8771 - psnr_for2d: 31.1718 - val_loss: 351.4219 - val_ssim_for2d: 0.7852 - val_psnr_for2d: 22.8293
Epoch 466/500
 - 3s - loss: 134.9271 - ssim_for2d: 0.8733 - psnr_for2d: 27.3576 - val_loss: 343.5054 - val_ssim_for2d: 0.7792 - val_psnr_for2d: 22.9159
Epoch 467/500
 - 3s - loss: 99.6345 - ssim_for2d: 0.8670 - psnr_for2d: 28.3468 - val_loss: 376.9939 - val_ssim_for2d: 0.7754 - val_psnr_for2d: 22.4974
Epoch 468/500
 - 3s - loss: 79.5778 - ssim_for2d: 0.8692 - psnr_for2d: 29.1564 - val_loss: 365.5787 - val_ssim_for2d: 0.7869 - val_psnr_for2d: 22.6220
Epoch 469/500
 - 3s - loss: 73.8723 - ssim_for2d: 0.8725 - psnr_for2d: 29.5000 - val_loss: 347.9440 - val_ssim_for2d: 0.7829 - val_psnr_for2d: 22.8693
Epoch 470/500
 - 3s - loss: 57.7940 - ssim_for2d: 0.8751 - psnr_for2d: 30.5343 - val_loss: 345.3085 - val_ssim_for2d: 0.7857 - val_psnr_for2d: 22.9115
Epoch 471/500
 - 3s - loss: 53.3374 - ssim_for2d: 0.8767 - psnr_for2d: 30.8788 - val_loss: 343.4957 - val_ssim_for2d: 0.7862 - val_psnr_for2d: 22.9291
Epoch 472/500
 - 3s - loss: 51.5563 - ssim_for2d: 0.8772 - psnr_for2d: 31.0266 - val_loss: 340.9597 - val_ssim_for2d: 0.7860 - val_psnr_for2d: 22.9637
Epoch 473/500
 - 3s - loss: 52.6727 - ssim_for2d: 0.8772 - psnr_for2d: 30.9401 - val_loss: 343.9041 - val_ssim_for2d: 0.7876 - val_psnr_for2d: 22.9215
Epoch 474/500
 - 3s - loss: 50.0429 - ssim_for2d: 0.8775 - psnr_for2d: 31.1570 - val_loss: 339.5345 - val_ssim_for2d: 0.7872 - val_psnr_for2d: 22.9835
Epoch 475/500
 - 3s - loss: 53.1641 - ssim_for2d: 0.8776 - psnr_for2d: 30.8957 - val_loss: 344.6623 - val_ssim_for2d: 0.7854 - val_psnr_for2d: 22.9209
Epoch 476/500
 - 3s - loss: 51.4916 - ssim_for2d: 0.8775 - psnr_for2d: 31.0364 - val_loss: 354.2178 - val_ssim_for2d: 0.7875 - val_psnr_for2d: 22.7848
Epoch 477/500
 - 3s - loss: 63.2586 - ssim_for2d: 0.8769 - psnr_for2d: 30.1813 - val_loss: 342.2225 - val_ssim_for2d: 0.7870 - val_psnr_for2d: 22.9520
Epoch 478/500
 - 3s - loss: 51.4869 - ssim_for2d: 0.8777 - psnr_for2d: 31.0361 - val_loss: 356.2096 - val_ssim_for2d: 0.7874 - val_psnr_for2d: 22.7571
Epoch 479/500
 - 3s - loss: 62.6873 - ssim_for2d: 0.8772 - psnr_for2d: 30.1740 - val_loss: 347.0062 - val_ssim_for2d: 0.7872 - val_psnr_for2d: 22.8828
Epoch 480/500
 - 3s - loss: 51.2066 - ssim_for2d: 0.8780 - psnr_for2d: 31.0594 - val_loss: 354.2726 - val_ssim_for2d: 0.7845 - val_psnr_for2d: 22.7938
Epoch 481/500
 - 3s - loss: 73.7610 - ssim_for2d: 0.8763 - psnr_for2d: 29.5298 - val_loss: 339.4590 - val_ssim_for2d: 0.7866 - val_psnr_for2d: 22.9830
Epoch 482/500
 - 4s - loss: 55.4920 - ssim_for2d: 0.8773 - psnr_for2d: 30.7093 - val_loss: 354.3037 - val_ssim_for2d: 0.7861 - val_psnr_for2d: 22.7900
Epoch 483/500
 - 3s - loss: 56.9706 - ssim_for2d: 0.8773 - psnr_for2d: 30.6058 - val_loss: 345.8585 - val_ssim_for2d: 0.7865 - val_psnr_for2d: 22.9063
Epoch 484/500
 - 3s - loss: 59.5180 - ssim_for2d: 0.8775 - psnr_for2d: 30.4121 - val_loss: 341.0113 - val_ssim_for2d: 0.7866 - val_psnr_for2d: 22.9710
Epoch 485/500
 - 3s - loss: 79.2168 - ssim_for2d: 0.8766 - psnr_for2d: 29.3322 - val_loss: 343.1713 - val_ssim_for2d: 0.7854 - val_psnr_for2d: 22.9375
Epoch 486/500
 - 3s - loss: 58.9916 - ssim_for2d: 0.8771 - psnr_for2d: 30.4764 - val_loss: 345.7128 - val_ssim_for2d: 0.7847 - val_psnr_for2d: 22.9033
Epoch 487/500
 - 3s - loss: 57.4339 - ssim_for2d: 0.8774 - psnr_for2d: 30.5576 - val_loss: 336.8437 - val_ssim_for2d: 0.7883 - val_psnr_for2d: 23.0211
Epoch 488/500
 - 3s - loss: 54.0216 - ssim_for2d: 0.8776 - psnr_for2d: 30.8346 - val_loss: 354.6779 - val_ssim_for2d: 0.7845 - val_psnr_for2d: 22.7946
Epoch 489/500
 - 3s - loss: 49.5286 - ssim_for2d: 0.8780 - psnr_for2d: 31.2014 - val_loss: 344.9319 - val_ssim_for2d: 0.7880 - val_psnr_for2d: 22.9171
Epoch 490/500
 - 3s - loss: 48.3305 - ssim_for2d: 0.8783 - psnr_for2d: 31.3045 - val_loss: 343.2378 - val_ssim_for2d: 0.7862 - val_psnr_for2d: 22.9407
Epoch 491/500
 - 3s - loss: 60.3666 - ssim_for2d: 0.8781 - psnr_for2d: 30.3938 - val_loss: 361.9222 - val_ssim_for2d: 0.7863 - val_psnr_for2d: 22.6803
Epoch 492/500
 - 3s - loss: 54.9991 - ssim_for2d: 0.8780 - psnr_for2d: 30.7661 - val_loss: 366.4406 - val_ssim_for2d: 0.7843 - val_psnr_for2d: 22.6388
Epoch 493/500
 - 3s - loss: 60.2469 - ssim_for2d: 0.8777 - psnr_for2d: 30.3913 - val_loss: 369.5692 - val_ssim_for2d: 0.7872 - val_psnr_for2d: 22.5852
Epoch 494/500
 - 4s - loss: 75.9990 - ssim_for2d: 0.8768 - psnr_for2d: 29.4834 - val_loss: 360.2567 - val_ssim_for2d: 0.7844 - val_psnr_for2d: 22.7104
Epoch 495/500
 - 3s - loss: 59.4206 - ssim_for2d: 0.8773 - psnr_for2d: 30.4510 - val_loss: 364.9067 - val_ssim_for2d: 0.7865 - val_psnr_for2d: 22.6454
Epoch 496/500
 - 3s - loss: 63.6433 - ssim_for2d: 0.8777 - psnr_for2d: 30.1720 - val_loss: 352.3726 - val_ssim_for2d: 0.7863 - val_psnr_for2d: 22.8211
Epoch 497/500
 - 3s - loss: 57.4581 - ssim_for2d: 0.8782 - psnr_for2d: 30.5847 - val_loss: 340.8042 - val_ssim_for2d: 0.7881 - val_psnr_for2d: 22.9679
Epoch 498/500
 - 3s - loss: 49.1476 - ssim_for2d: 0.8788 - psnr_for2d: 31.2344 - val_loss: 345.2113 - val_ssim_for2d: 0.7856 - val_psnr_for2d: 22.9149
Epoch 499/500
 - 3s - loss: 50.4774 - ssim_for2d: 0.8784 - psnr_for2d: 31.1163 - val_loss: 344.0415 - val_ssim_for2d: 0.7881 - val_psnr_for2d: 22.9237
Epoch 500/500
 - 3s - loss: 48.6643 - ssim_for2d: 0.8789 - psnr_for2d: 31.2775 - val_loss: 353.2606 - val_ssim_for2d: 0.7846 - val_psnr_for2d: 22.8096
236/236 [==============================] - 2s 9ms/step
 
after model.fit, train_x and train_y shape: (236, 5, 64, 64, 1) (236, 60, 60, 1)
shape pf test_x (60, 5, 64, 64, 1) shape of test_y (60, 60, 60, 1)
60/60 [==============================] - 0s 6ms/step
mean_squared_error_test, ssim_test, psnr_test 564.7785603841146 0.6882345080375671 20.628823852539064
AMOUNT, BATCH, TARGET_HEIGHT: 296 20 64
without processed by neural network:
psnr =  17.78196587358369
ssim =  0.554682409877536
performance after processed by nerual network:
psnr:  28.963111230882546
ssim:  0.8587839957010948
performance of predicted images:
psnr, ssim for raw data: 18.04035808168013 0.5466567410051433
psnr, ssim for predicted result: 20.62882527672774 0.7155120014227803
mae, mse for raw data: 16.61642129629629 1021.8336620370367
mae, mse for predicted result 12.08435289065043 564.7785685221354

