/var/slurmd/job6026838/slurm_script: line 3: SBATCH: command not found
/var/slurmd/job6026838/slurm_script: line 4: SBATCH: command not found
+ cd /pylon5/ac5610p/janegao/image-reconstruction-2019/code/two_d+three_d/
+ python main.py
OMP: Info #212: KMP_AFFINITY: decoding x2APIC ids.
OMP: Info #210: KMP_AFFINITY: Affinity capable, using global cpuid leaf 11 info
OMP: Info #154: KMP_AFFINITY: Initial OS proc set respected: 0-27
OMP: Info #156: KMP_AFFINITY: 28 available OS procs
OMP: Info #157: KMP_AFFINITY: Uniform topology
OMP: Info #179: KMP_AFFINITY: 2 packages x 14 cores/pkg x 1 threads/core (28 total cores)
OMP: Info #214: KMP_AFFINITY: OS proc to physical thread map:
OMP: Info #171: KMP_AFFINITY: OS proc 0 maps to package 0 core 0 
OMP: Info #171: KMP_AFFINITY: OS proc 14 maps to package 0 core 1 
OMP: Info #171: KMP_AFFINITY: OS proc 1 maps to package 0 core 2 
OMP: Info #171: KMP_AFFINITY: OS proc 15 maps to package 0 core 3 
OMP: Info #171: KMP_AFFINITY: OS proc 2 maps to package 0 core 4 
OMP: Info #171: KMP_AFFINITY: OS proc 16 maps to package 0 core 5 
OMP: Info #171: KMP_AFFINITY: OS proc 3 maps to package 0 core 6 
OMP: Info #171: KMP_AFFINITY: OS proc 17 maps to package 0 core 8 
OMP: Info #171: KMP_AFFINITY: OS proc 4 maps to package 0 core 9 
OMP: Info #171: KMP_AFFINITY: OS proc 18 maps to package 0 core 10 
OMP: Info #171: KMP_AFFINITY: OS proc 5 maps to package 0 core 11 
OMP: Info #171: KMP_AFFINITY: OS proc 19 maps to package 0 core 12 
OMP: Info #171: KMP_AFFINITY: OS proc 6 maps to package 0 core 13 
OMP: Info #171: KMP_AFFINITY: OS proc 20 maps to package 0 core 14 
OMP: Info #171: KMP_AFFINITY: OS proc 7 maps to package 1 core 0 
OMP: Info #171: KMP_AFFINITY: OS proc 21 maps to package 1 core 1 
OMP: Info #171: KMP_AFFINITY: OS proc 8 maps to package 1 core 2 
OMP: Info #171: KMP_AFFINITY: OS proc 22 maps to package 1 core 3 
OMP: Info #171: KMP_AFFINITY: OS proc 9 maps to package 1 core 4 
OMP: Info #171: KMP_AFFINITY: OS proc 23 maps to package 1 core 5 
OMP: Info #171: KMP_AFFINITY: OS proc 10 maps to package 1 core 6 
OMP: Info #171: KMP_AFFINITY: OS proc 24 maps to package 1 core 8 
OMP: Info #171: KMP_AFFINITY: OS proc 11 maps to package 1 core 9 
OMP: Info #171: KMP_AFFINITY: OS proc 25 maps to package 1 core 10 
OMP: Info #171: KMP_AFFINITY: OS proc 12 maps to package 1 core 11 
OMP: Info #171: KMP_AFFINITY: OS proc 26 maps to package 1 core 12 
OMP: Info #171: KMP_AFFINITY: OS proc 13 maps to package 1 core 13 
OMP: Info #171: KMP_AFFINITY: OS proc 27 maps to package 1 core 14 
OMP: Info #250: KMP_AFFINITY: pid 1650 tid 1650 thread 0 bound to OS proc set 0
OMP: Info #250: KMP_AFFINITY: pid 1650 tid 1798 thread 2 bound to OS proc set 14
OMP: Info #250: KMP_AFFINITY: pid 1650 tid 1799 thread 3 bound to OS proc set 21
OMP: Info #250: KMP_AFFINITY: pid 1650 tid 1800 thread 4 bound to OS proc set 1
OMP: Info #250: KMP_AFFINITY: pid 1650 tid 1801 thread 5 bound to OS proc set 8
OMP: Info #250: KMP_AFFINITY: pid 1650 tid 1797 thread 1 bound to OS proc set 7
OMP: Info #250: KMP_AFFINITY: pid 1650 tid 1803 thread 7 bound to OS proc set 22
OMP: Info #250: KMP_AFFINITY: pid 1650 tid 1802 thread 6 bound to OS proc set 15
OMP: Info #250: KMP_AFFINITY: pid 1650 tid 1804 thread 8 bound to OS proc set 2
OMP: Info #250: KMP_AFFINITY: pid 1650 tid 1805 thread 9 bound to OS proc set 9
OMP: Info #250: KMP_AFFINITY: pid 1650 tid 1806 thread 10 bound to OS proc set 16
OMP: Info #250: KMP_AFFINITY: pid 1650 tid 1807 thread 11 bound to OS proc set 23
OMP: Info #250: KMP_AFFINITY: pid 1650 tid 1808 thread 12 bound to OS proc set 3
OMP: Info #250: KMP_AFFINITY: pid 1650 tid 1811 thread 14 bound to OS proc set 17
OMP: Info #250: KMP_AFFINITY: pid 1650 tid 1809 thread 13 bound to OS proc set 10
OMP: Info #250: KMP_AFFINITY: pid 1650 tid 1812 thread 15 bound to OS proc set 24
OMP: Info #250: KMP_AFFINITY: pid 1650 tid 1813 thread 16 bound to OS proc set 4
OMP: Info #250: KMP_AFFINITY: pid 1650 tid 1814 thread 17 bound to OS proc set 11
OMP: Info #250: KMP_AFFINITY: pid 1650 tid 1815 thread 18 bound to OS proc set 18
OMP: Info #250: KMP_AFFINITY: pid 1650 tid 1816 thread 19 bound to OS proc set 25
OMP: Info #250: KMP_AFFINITY: pid 1650 tid 1817 thread 20 bound to OS proc set 5
OMP: Info #250: KMP_AFFINITY: pid 1650 tid 1818 thread 21 bound to OS proc set 12
OMP: Info #250: KMP_AFFINITY: pid 1650 tid 1819 thread 22 bound to OS proc set 19
OMP: Info #250: KMP_AFFINITY: pid 1650 tid 1820 thread 23 bound to OS proc set 26
OMP: Info #250: KMP_AFFINITY: pid 1650 tid 1822 thread 25 bound to OS proc set 13
OMP: Info #250: KMP_AFFINITY: pid 1650 tid 1821 thread 24 bound to OS proc set 6
OMP: Info #250: KMP_AFFINITY: pid 1650 tid 1823 thread 26 bound to OS proc set 20
OMP: Info #250: KMP_AFFINITY: pid 1650 tid 1824 thread 27 bound to OS proc set 27
Using TensorFlow backend.
WARNING:tensorflow:From /home/janegao/.conda/envs/env/lib/python3.7/site-packages/tensorflow/python/framework/op_def_library.py:263: colocate_with (from tensorflow.python.framework.ops) is deprecated and will be removed in a future version.
Instructions for updating:
Colocations handled automatically by placer.
2019-07-12 04:12:17.503662: I tensorflow/core/platform/cpu_feature_guard.cc:141] Your CPU supports instructions that this TensorFlow binary was not compiled to use: SSE4.1 SSE4.2 AVX AVX2 FMA
2019-07-12 04:12:17.507533: I tensorflow/core/platform/profile_utils/cpu_utils.cc:94] CPU Frequency: 2294755000 Hz
2019-07-12 04:12:17.507715: I tensorflow/compiler/xla/service/service.cc:150] XLA service 0x55ad4c368430 executing computations on platform Host. Devices:
2019-07-12 04:12:17.507751: I tensorflow/compiler/xla/service/service.cc:158]   StreamExecutor device (0): <undefined>, <undefined>
2019-07-12 04:12:17.507860: I tensorflow/core/common_runtime/process_util.cc:71] Creating new thread pool with default inter op setting: 2. Tune using inter_op_parallelism_threads for best performance.
WARNING:tensorflow:From /home/janegao/.conda/envs/env/lib/python3.7/site-packages/tensorflow/python/ops/math_ops.py:3066: to_int32 (from tensorflow.python.ops.math_ops) is deprecated and will be removed in a future version.
Instructions for updating:
Use tf.cast instead.
OMP: Info #250: KMP_AFFINITY: pid 1650 tid 1837 thread 28 bound to OS proc set 0
OMP: Info #250: KMP_AFFINITY: pid 1650 tid 1836 thread 29 bound to OS proc set 7
OMP: Info #250: KMP_AFFINITY: pid 1650 tid 1890 thread 30 bound to OS proc set 14
OMP: Info #250: KMP_AFFINITY: pid 1650 tid 1891 thread 31 bound to OS proc set 21
OMP: Info #250: KMP_AFFINITY: pid 1650 tid 1892 thread 32 bound to OS proc set 1
OMP: Info #250: KMP_AFFINITY: pid 1650 tid 1894 thread 34 bound to OS proc set 15
OMP: Info #250: KMP_AFFINITY: pid 1650 tid 1893 thread 33 bound to OS proc set 8
OMP: Info #250: KMP_AFFINITY: pid 1650 tid 1895 thread 35 bound to OS proc set 22
OMP: Info #250: KMP_AFFINITY: pid 1650 tid 1896 thread 36 bound to OS proc set 2
OMP: Info #250: KMP_AFFINITY: pid 1650 tid 1897 thread 37 bound to OS proc set 9
OMP: Info #250: KMP_AFFINITY: pid 1650 tid 1898 thread 38 bound to OS proc set 16
OMP: Info #250: KMP_AFFINITY: pid 1650 tid 1899 thread 39 bound to OS proc set 23
OMP: Info #250: KMP_AFFINITY: pid 1650 tid 1901 thread 41 bound to OS proc set 10
OMP: Info #250: KMP_AFFINITY: pid 1650 tid 1900 thread 40 bound to OS proc set 3
OMP: Info #250: KMP_AFFINITY: pid 1650 tid 1902 thread 42 bound to OS proc set 17
OMP: Info #250: KMP_AFFINITY: pid 1650 tid 1903 thread 43 bound to OS proc set 24
OMP: Info #250: KMP_AFFINITY: pid 1650 tid 1904 thread 44 bound to OS proc set 4
OMP: Info #250: KMP_AFFINITY: pid 1650 tid 1905 thread 45 bound to OS proc set 11
OMP: Info #250: KMP_AFFINITY: pid 1650 tid 1906 thread 46 bound to OS proc set 18
OMP: Info #250: KMP_AFFINITY: pid 1650 tid 1907 thread 47 bound to OS proc set 25
OMP: Info #250: KMP_AFFINITY: pid 1650 tid 1909 thread 49 bound to OS proc set 12
OMP: Info #250: KMP_AFFINITY: pid 1650 tid 1908 thread 48 bound to OS proc set 5
OMP: Info #250: KMP_AFFINITY: pid 1650 tid 1910 thread 50 bound to OS proc set 19
OMP: Info #250: KMP_AFFINITY: pid 1650 tid 1911 thread 51 bound to OS proc set 26
OMP: Info #250: KMP_AFFINITY: pid 1650 tid 1912 thread 52 bound to OS proc set 6
OMP: Info #250: KMP_AFFINITY: pid 1650 tid 1913 thread 53 bound to OS proc set 13
OMP: Info #250: KMP_AFFINITY: pid 1650 tid 1914 thread 54 bound to OS proc set 20
OMP: Info #250: KMP_AFFINITY: pid 1650 tid 1915 thread 55 bound to OS proc set 27
OMP: Info #250: KMP_AFFINITY: pid 1650 tid 1916 thread 56 bound to OS proc set 0
x_set.shape, y_set.shape, TARGET_HEIGHT, TARGET_WIDTH, HEIGHT, WIDTH (300, 352, 288, 1) (300, 352, 288, 1) 352 288 176 144
x.shape: (285, 348, 284) y.shape (285, 348, 284)
Train on 270 samples, validate on 15 samples
Epoch 1/120
 - 70s - loss: 5060.8718 - ssim_for2d: 0.2889 - psnr_for2d: 11.9369 - val_loss: 2886.3481 - val_ssim_for2d: 0.4012 - val_psnr_for2d: 13.5274
Epoch 2/120
 - 69s - loss: 2144.8285 - ssim_for2d: 0.4703 - psnr_for2d: 15.1059 - val_loss: 1656.3837 - val_ssim_for2d: 0.5593 - val_psnr_for2d: 15.9393
Epoch 3/120
 - 70s - loss: 1205.4137 - ssim_for2d: 0.6134 - psnr_for2d: 17.4291 - val_loss: 989.9280 - val_ssim_for2d: 0.6675 - val_psnr_for2d: 18.1749
Epoch 4/120
 - 69s - loss: 836.4498 - ssim_for2d: 0.6991 - psnr_for2d: 18.9299 - val_loss: 660.8652 - val_ssim_for2d: 0.7310 - val_psnr_for2d: 19.9298
Epoch 5/120
 - 69s - loss: 667.7263 - ssim_for2d: 0.7468 - psnr_for2d: 19.8916 - val_loss: 598.0048 - val_ssim_for2d: 0.7633 - val_psnr_for2d: 20.3639
Epoch 6/120
 - 69s - loss: 585.1230 - ssim_for2d: 0.7716 - psnr_for2d: 20.4616 - val_loss: 528.1437 - val_ssim_for2d: 0.7793 - val_psnr_for2d: 20.9034
Epoch 7/120
 - 70s - loss: 537.2371 - ssim_for2d: 0.7839 - psnr_for2d: 20.8304 - val_loss: 500.9161 - val_ssim_for2d: 0.7883 - val_psnr_for2d: 21.1332
Epoch 8/120
 - 69s - loss: 506.4474 - ssim_for2d: 0.7919 - psnr_for2d: 21.0865 - val_loss: 476.9220 - val_ssim_for2d: 0.7952 - val_psnr_for2d: 21.3464
Epoch 9/120
 - 69s - loss: 483.3435 - ssim_for2d: 0.7981 - psnr_for2d: 21.2891 - val_loss: 457.8681 - val_ssim_for2d: 0.8008 - val_psnr_for2d: 21.5235
Epoch 10/120
 - 70s - loss: 464.4832 - ssim_for2d: 0.8035 - psnr_for2d: 21.4619 - val_loss: 440.9467 - val_ssim_for2d: 0.8060 - val_psnr_for2d: 21.6870
Epoch 11/120
 - 69s - loss: 448.1285 - ssim_for2d: 0.8083 - psnr_for2d: 21.6176 - val_loss: 426.1808 - val_ssim_for2d: 0.8107 - val_psnr_for2d: 21.8350
Epoch 12/120
 - 69s - loss: 433.6162 - ssim_for2d: 0.8130 - psnr_for2d: 21.7605 - val_loss: 412.9519 - val_ssim_for2d: 0.8152 - val_psnr_for2d: 21.9719
Epoch 13/120
 - 69s - loss: 420.6955 - ssim_for2d: 0.8173 - psnr_for2d: 21.8919 - val_loss: 401.0475 - val_ssim_for2d: 0.8193 - val_psnr_for2d: 22.0989
Epoch 14/120
 - 69s - loss: 409.1581 - ssim_for2d: 0.8212 - psnr_for2d: 22.0127 - val_loss: 390.3874 - val_ssim_for2d: 0.8229 - val_psnr_for2d: 22.2159
Epoch 15/120
 - 70s - loss: 398.6652 - ssim_for2d: 0.8248 - psnr_for2d: 22.1255 - val_loss: 380.5191 - val_ssim_for2d: 0.8263 - val_psnr_for2d: 22.3271
Epoch 16/120
 - 69s - loss: 389.0556 - ssim_for2d: 0.8280 - psnr_for2d: 22.2315 - val_loss: 371.4049 - val_ssim_for2d: 0.8293 - val_psnr_for2d: 22.4324
Epoch 17/120
 - 69s - loss: 380.1582 - ssim_for2d: 0.8309 - psnr_for2d: 22.3320 - val_loss: 362.9409 - val_ssim_for2d: 0.8319 - val_psnr_for2d: 22.5325
Epoch 18/120
 - 69s - loss: 371.8571 - ssim_for2d: 0.8335 - psnr_for2d: 22.4278 - val_loss: 354.9766 - val_ssim_for2d: 0.8343 - val_psnr_for2d: 22.6289
Epoch 19/120
 - 69s - loss: 364.1068 - ssim_for2d: 0.8359 - psnr_for2d: 22.5193 - val_loss: 347.5175 - val_ssim_for2d: 0.8365 - val_psnr_for2d: 22.7211
Epoch 20/120
 - 69s - loss: 356.8598 - ssim_for2d: 0.8381 - psnr_for2d: 22.6067 - val_loss: 340.5515 - val_ssim_for2d: 0.8385 - val_psnr_for2d: 22.8091
Epoch 21/120
 - 69s - loss: 350.1357 - ssim_for2d: 0.8401 - psnr_for2d: 22.6893 - val_loss: 334.0970 - val_ssim_for2d: 0.8404 - val_psnr_for2d: 22.8922
Epoch 22/120
 - 69s - loss: 343.9067 - ssim_for2d: 0.8420 - psnr_for2d: 22.7673 - val_loss: 328.1994 - val_ssim_for2d: 0.8421 - val_psnr_for2d: 22.9695
Epoch 23/120
 - 69s - loss: 338.1018 - ssim_for2d: 0.8437 - psnr_for2d: 22.8412 - val_loss: 322.6463 - val_ssim_for2d: 0.8437 - val_psnr_for2d: 23.0436
Epoch 24/120
 - 69s - loss: 332.6658 - ssim_for2d: 0.8455 - psnr_for2d: 22.9116 - val_loss: 317.4969 - val_ssim_for2d: 0.8453 - val_psnr_for2d: 23.1135
Epoch 25/120
 - 69s - loss: 327.6437 - ssim_for2d: 0.8470 - psnr_for2d: 22.9777 - val_loss: 312.8188 - val_ssim_for2d: 0.8467 - val_psnr_for2d: 23.1780
Epoch 26/120
 - 69s - loss: 323.0431 - ssim_for2d: 0.8485 - psnr_for2d: 23.0391 - val_loss: 308.6537 - val_ssim_for2d: 0.8481 - val_psnr_for2d: 23.2362
Epoch 27/120
 - 69s - loss: 318.8297 - ssim_for2d: 0.8498 - psnr_for2d: 23.0961 - val_loss: 304.7032 - val_ssim_for2d: 0.8494 - val_psnr_for2d: 23.2921
Epoch 28/120
 - 69s - loss: 314.9303 - ssim_for2d: 0.8511 - psnr_for2d: 23.1496 - val_loss: 301.1365 - val_ssim_for2d: 0.8507 - val_psnr_for2d: 23.3433
Epoch 29/120
 - 70s - loss: 311.3139 - ssim_for2d: 0.8524 - psnr_for2d: 23.1998 - val_loss: 297.6985 - val_ssim_for2d: 0.8519 - val_psnr_for2d: 23.3931
Epoch 30/120
 - 71s - loss: 307.9874 - ssim_for2d: 0.8536 - psnr_for2d: 23.2464 - val_loss: 294.7325 - val_ssim_for2d: 0.8532 - val_psnr_for2d: 23.4366
Epoch 31/120
 - 69s - loss: 304.8621 - ssim_for2d: 0.8549 - psnr_for2d: 23.2908 - val_loss: 291.6553 - val_ssim_for2d: 0.8545 - val_psnr_for2d: 23.4822
Epoch 32/120
 - 70s - loss: 301.9441 - ssim_for2d: 0.8561 - psnr_for2d: 23.3325 - val_loss: 288.8671 - val_ssim_for2d: 0.8559 - val_psnr_for2d: 23.5239
Epoch 33/120
 - 69s - loss: 299.2146 - ssim_for2d: 0.8574 - psnr_for2d: 23.3720 - val_loss: 286.3545 - val_ssim_for2d: 0.8572 - val_psnr_for2d: 23.5619
Epoch 34/120
 - 69s - loss: 296.6657 - ssim_for2d: 0.8587 - psnr_for2d: 23.4091 - val_loss: 283.8439 - val_ssim_for2d: 0.8588 - val_psnr_for2d: 23.6001
Epoch 35/120
 - 69s - loss: 294.1884 - ssim_for2d: 0.8603 - psnr_for2d: 23.4456 - val_loss: 281.3527 - val_ssim_for2d: 0.8605 - val_psnr_for2d: 23.6384
Epoch 36/120
 - 69s - loss: 291.8298 - ssim_for2d: 0.8616 - psnr_for2d: 23.4805 - val_loss: 279.1293 - val_ssim_for2d: 0.8617 - val_psnr_for2d: 23.6729
Epoch 37/120
 - 69s - loss: 289.6297 - ssim_for2d: 0.8626 - psnr_for2d: 23.5134 - val_loss: 277.0938 - val_ssim_for2d: 0.8626 - val_psnr_for2d: 23.7046
Epoch 38/120
 - 69s - loss: 287.5819 - ssim_for2d: 0.8635 - psnr_for2d: 23.5442 - val_loss: 275.1623 - val_ssim_for2d: 0.8635 - val_psnr_for2d: 23.7350
Epoch 39/120
 - 69s - loss: 285.6667 - ssim_for2d: 0.8643 - psnr_for2d: 23.5733 - val_loss: 273.3571 - val_ssim_for2d: 0.8643 - val_psnr_for2d: 23.7636
Epoch 40/120
 - 69s - loss: 283.8427 - ssim_for2d: 0.8650 - psnr_for2d: 23.6011 - val_loss: 271.7528 - val_ssim_for2d: 0.8650 - val_psnr_for2d: 23.7892
Epoch 41/120
 - 69s - loss: 282.1167 - ssim_for2d: 0.8656 - psnr_for2d: 23.6276 - val_loss: 270.1066 - val_ssim_for2d: 0.8657 - val_psnr_for2d: 23.8156
Epoch 42/120
 - 69s - loss: 280.4472 - ssim_for2d: 0.8662 - psnr_for2d: 23.6533 - val_loss: 268.3357 - val_ssim_for2d: 0.8663 - val_psnr_for2d: 23.8441
Epoch 43/120
 - 70s - loss: 278.8321 - ssim_for2d: 0.8668 - psnr_for2d: 23.6784 - val_loss: 266.8049 - val_ssim_for2d: 0.8670 - val_psnr_for2d: 23.8690
Epoch 44/120
 - 69s - loss: 277.3470 - ssim_for2d: 0.8674 - psnr_for2d: 23.7016 - val_loss: 265.4646 - val_ssim_for2d: 0.8675 - val_psnr_for2d: 23.8908
Epoch 45/120
 - 69s - loss: 275.9029 - ssim_for2d: 0.8679 - psnr_for2d: 23.7243 - val_loss: 263.9738 - val_ssim_for2d: 0.8681 - val_psnr_for2d: 23.9153
Epoch 46/120
 - 69s - loss: 274.5351 - ssim_for2d: 0.8685 - psnr_for2d: 23.7459 - val_loss: 262.7288 - val_ssim_for2d: 0.8687 - val_psnr_for2d: 23.9358
Epoch 47/120
 - 69s - loss: 273.2129 - ssim_for2d: 0.8690 - psnr_for2d: 23.7669 - val_loss: 261.3880 - val_ssim_for2d: 0.8692 - val_psnr_for2d: 23.9580
Epoch 48/120
 - 69s - loss: 271.9483 - ssim_for2d: 0.8694 - psnr_for2d: 23.7870 - val_loss: 260.1976 - val_ssim_for2d: 0.8697 - val_psnr_for2d: 23.9779
Epoch 49/120
 - 69s - loss: 270.7324 - ssim_for2d: 0.8699 - psnr_for2d: 23.8065 - val_loss: 258.9655 - val_ssim_for2d: 0.8702 - val_psnr_for2d: 23.9985
Epoch 50/120
 - 69s - loss: 269.5686 - ssim_for2d: 0.8703 - psnr_for2d: 23.8252 - val_loss: 257.8731 - val_ssim_for2d: 0.8707 - val_psnr_for2d: 24.0168
Epoch 51/120
 - 69s - loss: 268.4349 - ssim_for2d: 0.8707 - psnr_for2d: 23.8435 - val_loss: 256.7189 - val_ssim_for2d: 0.8711 - val_psnr_for2d: 24.0363
Epoch 52/120
 - 69s - loss: 267.3472 - ssim_for2d: 0.8711 - psnr_for2d: 23.8612 - val_loss: 255.7809 - val_ssim_for2d: 0.8716 - val_psnr_for2d: 24.0522
Epoch 53/120
 - 69s - loss: 266.3043 - ssim_for2d: 0.8715 - psnr_for2d: 23.8781 - val_loss: 254.7064 - val_ssim_for2d: 0.8720 - val_psnr_for2d: 24.0705
Epoch 54/120
 - 69s - loss: 265.2917 - ssim_for2d: 0.8719 - psnr_for2d: 23.8947 - val_loss: 253.6839 - val_ssim_for2d: 0.8724 - val_psnr_for2d: 24.0880
Epoch 55/120
 - 70s - loss: 264.3253 - ssim_for2d: 0.8723 - psnr_for2d: 23.9105 - val_loss: 252.6887 - val_ssim_for2d: 0.8728 - val_psnr_for2d: 24.1050
Epoch 56/120
 - 70s - loss: 263.3671 - ssim_for2d: 0.8727 - psnr_for2d: 23.9263 - val_loss: 251.8478 - val_ssim_for2d: 0.8732 - val_psnr_for2d: 24.1195
Epoch 57/120
 - 69s - loss: 262.4297 - ssim_for2d: 0.8730 - psnr_for2d: 23.9418 - val_loss: 250.8700 - val_ssim_for2d: 0.8735 - val_psnr_for2d: 24.1364
Epoch 58/120
 - 70s - loss: 261.5421 - ssim_for2d: 0.8734 - psnr_for2d: 23.9565 - val_loss: 250.0088 - val_ssim_for2d: 0.8739 - val_psnr_for2d: 24.1514
Epoch 59/120
 - 69s - loss: 260.6940 - ssim_for2d: 0.8737 - psnr_for2d: 23.9706 - val_loss: 249.2376 - val_ssim_for2d: 0.8742 - val_psnr_for2d: 24.1648
Epoch 60/120
 - 70s - loss: 259.8846 - ssim_for2d: 0.8740 - psnr_for2d: 23.9841 - val_loss: 248.3656 - val_ssim_for2d: 0.8746 - val_psnr_for2d: 24.1800
Epoch 61/120
 - 70s - loss: 259.1489 - ssim_for2d: 0.8743 - psnr_for2d: 23.9965 - val_loss: 247.6888 - val_ssim_for2d: 0.8749 - val_psnr_for2d: 24.1918
Epoch 62/120
 - 69s - loss: 258.4583 - ssim_for2d: 0.8746 - psnr_for2d: 24.0081 - val_loss: 247.0213 - val_ssim_for2d: 0.8752 - val_psnr_for2d: 24.2036
Epoch 63/120
 - 69s - loss: 257.6004 - ssim_for2d: 0.8749 - psnr_for2d: 24.0225 - val_loss: 246.3398 - val_ssim_for2d: 0.8755 - val_psnr_for2d: 24.2156
Epoch 64/120
 - 69s - loss: 256.8755 - ssim_for2d: 0.8752 - psnr_for2d: 24.0347 - val_loss: 245.4878 - val_ssim_for2d: 0.8758 - val_psnr_for2d: 24.2306
Epoch 65/120
 - 69s - loss: 256.1333 - ssim_for2d: 0.8755 - psnr_for2d: 24.0473 - val_loss: 244.9092 - val_ssim_for2d: 0.8761 - val_psnr_for2d: 24.2409
Epoch 66/120
 - 70s - loss: 255.6928 - ssim_for2d: 0.8758 - psnr_for2d: 24.0548 - val_loss: 244.4493 - val_ssim_for2d: 0.8764 - val_psnr_for2d: 24.2490
Epoch 67/120
 - 69s - loss: 255.4330 - ssim_for2d: 0.8761 - psnr_for2d: 24.0592 - val_loss: 244.6408 - val_ssim_for2d: 0.8767 - val_psnr_for2d: 24.2456
Epoch 68/120
 - 69s - loss: 254.9637 - ssim_for2d: 0.8764 - psnr_for2d: 24.0672 - val_loss: 243.0143 - val_ssim_for2d: 0.8769 - val_psnr_for2d: 24.2746
Epoch 69/120
 - 69s - loss: 254.2084 - ssim_for2d: 0.8766 - psnr_for2d: 24.0801 - val_loss: 242.3241 - val_ssim_for2d: 0.8771 - val_psnr_for2d: 24.2869
Epoch 70/120
 - 69s - loss: 253.0484 - ssim_for2d: 0.8768 - psnr_for2d: 24.0999 - val_loss: 241.7532 - val_ssim_for2d: 0.8773 - val_psnr_for2d: 24.2972
Epoch 71/120
 - 70s - loss: 252.4836 - ssim_for2d: 0.8770 - psnr_for2d: 24.1096 - val_loss: 241.6240 - val_ssim_for2d: 0.8775 - val_psnr_for2d: 24.2995
Epoch 72/120
 - 69s - loss: 251.9604 - ssim_for2d: 0.8772 - psnr_for2d: 24.1187 - val_loss: 241.3367 - val_ssim_for2d: 0.8777 - val_psnr_for2d: 24.3047
Epoch 73/120
 - 69s - loss: 252.0759 - ssim_for2d: 0.8774 - psnr_for2d: 24.1167 - val_loss: 241.2158 - val_ssim_for2d: 0.8779 - val_psnr_for2d: 24.3068
Epoch 74/120
 - 69s - loss: 252.1825 - ssim_for2d: 0.8776 - psnr_for2d: 24.1149 - val_loss: 239.8616 - val_ssim_for2d: 0.8781 - val_psnr_for2d: 24.3313
Epoch 75/120
 - 69s - loss: 251.0101 - ssim_for2d: 0.8778 - psnr_for2d: 24.1351 - val_loss: 241.6048 - val_ssim_for2d: 0.8782 - val_psnr_for2d: 24.2998
Epoch 76/120
 - 69s - loss: 250.3998 - ssim_for2d: 0.8780 - psnr_for2d: 24.1457 - val_loss: 238.8674 - val_ssim_for2d: 0.8785 - val_psnr_for2d: 24.3493
Epoch 77/120
 - 69s - loss: 249.9546 - ssim_for2d: 0.8782 - psnr_for2d: 24.1534 - val_loss: 239.6499 - val_ssim_for2d: 0.8786 - val_psnr_for2d: 24.3351
Epoch 78/120
 - 69s - loss: 250.8016 - ssim_for2d: 0.8784 - psnr_for2d: 24.1387 - val_loss: 238.1176 - val_ssim_for2d: 0.8788 - val_psnr_for2d: 24.3630
Epoch 79/120
 - 69s - loss: 248.7430 - ssim_for2d: 0.8786 - psnr_for2d: 24.1745 - val_loss: 237.9278 - val_ssim_for2d: 0.8790 - val_psnr_for2d: 24.3664
Epoch 80/120
 - 69s - loss: 248.0013 - ssim_for2d: 0.8788 - psnr_for2d: 24.1875 - val_loss: 237.0570 - val_ssim_for2d: 0.8792 - val_psnr_for2d: 24.3824
Epoch 81/120
 - 69s - loss: 248.5974 - ssim_for2d: 0.8790 - psnr_for2d: 24.1770 - val_loss: 244.5542 - val_ssim_for2d: 0.8792 - val_psnr_for2d: 24.2471
Epoch 82/120
 - 71s - loss: 253.8060 - ssim_for2d: 0.8789 - psnr_for2d: 24.0876 - val_loss: 238.6703 - val_ssim_for2d: 0.8793 - val_psnr_for2d: 24.3529
Epoch 83/120
 - 69s - loss: 249.3768 - ssim_for2d: 0.8791 - psnr_for2d: 24.1636 - val_loss: 238.5594 - val_ssim_for2d: 0.8794 - val_psnr_for2d: 24.3549
Epoch 84/120
 - 71s - loss: 246.8863 - ssim_for2d: 0.8793 - psnr_for2d: 24.2071 - val_loss: 235.6827 - val_ssim_for2d: 0.8797 - val_psnr_for2d: 24.4076
Epoch 85/120
 - 69s - loss: 245.8945 - ssim_for2d: 0.8795 - psnr_for2d: 24.2245 - val_loss: 235.2333 - val_ssim_for2d: 0.8800 - val_psnr_for2d: 24.4159
Epoch 86/120
 - 69s - loss: 245.8470 - ssim_for2d: 0.8798 - psnr_for2d: 24.2254 - val_loss: 235.1684 - val_ssim_for2d: 0.8801 - val_psnr_for2d: 24.4171
Epoch 87/120
 - 69s - loss: 245.4528 - ssim_for2d: 0.8799 - psnr_for2d: 24.2323 - val_loss: 236.4469 - val_ssim_for2d: 0.8802 - val_psnr_for2d: 24.3936
Epoch 88/120
 - 69s - loss: 245.9444 - ssim_for2d: 0.8800 - psnr_for2d: 24.2236 - val_loss: 234.4235 - val_ssim_for2d: 0.8804 - val_psnr_for2d: 24.4309
Epoch 89/120
 - 69s - loss: 244.5544 - ssim_for2d: 0.8802 - psnr_for2d: 24.2482 - val_loss: 235.0667 - val_ssim_for2d: 0.8805 - val_psnr_for2d: 24.4190
Epoch 90/120
 - 70s - loss: 259.1145 - ssim_for2d: 0.8800 - psnr_for2d: 24.0003 - val_loss: 239.3656 - val_ssim_for2d: 0.8803 - val_psnr_for2d: 24.3403
Epoch 91/120
 - 69s - loss: 250.4570 - ssim_for2d: 0.8800 - psnr_for2d: 24.1459 - val_loss: 242.0567 - val_ssim_for2d: 0.8801 - val_psnr_for2d: 24.2917
Epoch 92/120
 - 69s - loss: 247.2685 - ssim_for2d: 0.8801 - psnr_for2d: 24.2009 - val_loss: 234.7935 - val_ssim_for2d: 0.8804 - val_psnr_for2d: 24.4240
Epoch 00092: early stopping
save the first model
save predicted frame0.tif
save predicted frame1.tif
save predicted frame2.tif
save predicted frame3.tif
save predicted frame4.tif
save predicted frame5.tif
save predicted frame6.tif
save predicted frame7.tif
save predicted frame8.tif
save predicted frame9.tif
save predicted frame10.tif
save predicted frame11.tif
save predicted frame12.tif
save predicted frame13.tif
save predicted frame14.tif
save predicted frame15.tif
save predicted frame16.tif
save predicted frame17.tif
save predicted frame18.tif
save predicted frame19.tif
save predicted frame20.tif
save predicted frame21.tif
save predicted frame22.tif
save predicted frame23.tif
save predicted frame24.tif
save predicted frame25.tif
save predicted frame26.tif
save predicted frame27.tif
save predicted frame28.tif
save predicted frame29.tif
save predicted frame30.tif
save predicted frame31.tif
save predicted frame32.tif
save predicted frame33.tif
save predicted frame34.tif
save predicted frame35.tif
save predicted frame36.tif
save predicted frame37.tif
save predicted frame38.tif
save predicted frame39.tif
save predicted frame40.tif
save predicted frame41.tif
save predicted frame42.tif
save predicted frame43.tif
save predicted frame44.tif
save predicted frame45.tif
save predicted frame46.tif
save predicted frame47.tif
save predicted frame48.tif
save predicted frame49.tif
save predicted frame50.tif
save predicted frame51.tif
save predicted frame52.tif
save predicted frame53.tif
save predicted frame54.tif
save predicted frame55.tif
save predicted frame56.tif
save predicted frame57.tif
save predicted frame58.tif
save predicted frame59.tif
save predicted frame60.tif
save predicted frame61.tif
save predicted frame62.tif
save predicted frame63.tif
save predicted frame64.tif
save predicted frame65.tif
save predicted frame66.tif
save predicted frame67.tif
save predicted frame68.tif
save predicted frame69.tif
save predicted frame70.tif
save predicted frame71.tif
save predicted frame72.tif
save predicted frame73.tif
save predicted frame74.tif
save predicted frame75.tif
save predicted frame76.tif
save predicted frame77.tif
save predicted frame78.tif
save predicted frame79.tif
save predicted frame80.tif
save predicted frame81.tif
save predicted frame82.tif
save predicted frame83.tif
save predicted frame84.tif
save predicted frame85.tif
save predicted frame86.tif
save predicted frame87.tif
save predicted frame88.tif
save predicted frame89.tif
save predicted frame90.tif
save predicted frame91.tif
save predicted frame92.tif
save predicted frame93.tif
save predicted frame94.tif
save predicted frame95.tif
save predicted frame96.tif
save predicted frame97.tif
save predicted frame98.tif
save predicted frame99.tif
save predicted frame100.tif
save predicted frame101.tif
save predicted frame102.tif
save predicted frame103.tif
save predicted frame104.tif
save predicted frame105.tif
save predicted frame106.tif
save predicted frame107.tif
save predicted frame108.tif
save predicted frame109.tif
save predicted frame110.tif
save predicted frame111.tif
save predicted frame112.tif
save predicted frame113.tif
save predicted frame114.tif
save predicted frame115.tif
save predicted frame116.tif
save predicted frame117.tif
save predicted frame118.tif
save predicted frame119.tif
save predicted frame120.tif
save predicted frame121.tif
save predicted frame122.tif
save predicted frame123.tif
save predicted frame124.tif
save predicted frame125.tif
save predicted frame126.tif
save predicted frame127.tif
save predicted frame128.tif
save predicted frame129.tif
save predicted frame130.tif
save predicted frame131.tif
save predicted frame132.tif
save predicted frame133.tif
save predicted frame134.tif
save predicted frame135.tif
save predicted frame136.tif
save predicted frame137.tif
save predicted frame138.tif
save predicted frame139.tif
save predicted frame140.tif
save predicted frame141.tif
save predicted frame142.tif
save predicted frame143.tif
save predicted frame144.tif
save predicted frame145.tif
save predicted frame146.tif
save predicted frame147.tif
save predicted frame148.tif
save predicted frame149.tif
save predicted frame150.tif
save predicted frame151.tif
save predicted frame152.tif
save predicted frame153.tif
save predicted frame154.tif
save predicted frame155.tif
save predicted frame156.tif
save predicted frame157.tif
save predicted frame158.tif
save predicted frame159.tif
save predicted frame160.tif
save predicted frame161.tif
save predicted frame162.tif
save predicted frame163.tif
save predicted frame164.tif
save predicted frame165.tif
save predicted frame166.tif
save predicted frame167.tif
save predicted frame168.tif
save predicted frame169.tif
save predicted frame170.tif
save predicted frame171.tif
save predicted frame172.tif
save predicted frame173.tif
save predicted frame174.tif
save predicted frame175.tif
save predicted frame176.tif
save predicted frame177.tif
save predicted frame178.tif
save predicted frame179.tif
save predicted frame180.tif
save predicted frame181.tif
save predicted frame182.tif
save predicted frame183.tif
save predicted frame184.tif
save predicted frame185.tif
save predicted frame186.tif
save predicted frame187.tif
save predicted frame188.tif
save predicted frame189.tif
save predicted frame190.tif
save predicted frame191.tif
save predicted frame192.tif
save predicted frame193.tif
save predicted frame194.tif
save predicted frame195.tif
save predicted frame196.tif
save predicted frame197.tif
save predicted frame198.tif
save predicted frame199.tif
save predicted frame200.tif
save predicted frame201.tif
save predicted frame202.tif
save predicted frame203.tif
save predicted frame204.tif
save predicted frame205.tif
save predicted frame206.tif
save predicted frame207.tif
save predicted frame208.tif
save predicted frame209.tif
save predicted frame210.tif
save predicted frame211.tif
save predicted frame212.tif
save predicted frame213.tif
save predicted frame214.tif
save predicted frame215.tif
save predicted frame216.tif
save predicted frame217.tif
save predicted frame218.tif
save predicted frame219.tif
save predicted frame220.tif
save predicted frame221.tif
save predicted frame222.tif
save predicted frame223.tif
save predicted frame224.tif
save predicted frame225.tif
save predicted frame226.tif
save predicted frame227.tif
save predicted frame228.tif
save predicted frame229.tif
save predicted frame230.tif
save predicted frame231.tif
save predicted frame232.tif
save predicted frame233.tif
save predicted frame234.tif
save predicted frame235.tif
save predicted frame236.tif
save predicted frame237.tif
save predicted frame238.tif
save predicted frame239.tif
save predicted frame240.tif
save predicted frame241.tif
save predicted frame242.tif
save predicted frame243.tif
save predicted frame244.tif
save predicted frame245.tif
save predicted frame246.tif
save predicted frame247.tif
save predicted frame248.tif
save predicted frame249.tif
save predicted frame250.tif
save predicted frame251.tif
save predicted frame252.tif
save predicted frame253.tif
save predicted frame254.tif
save predicted frame255.tif
save predicted frame256.tif
save predicted frame257.tif
save predicted frame258.tif
save predicted frame259.tif
save predicted frame260.tif
save predicted frame261.tif
save predicted frame262.tif
save predicted frame263.tif
save predicted frame264.tif
save predicted frame265.tif
save predicted frame266.tif
save predicted frame267.tif
save predicted frame268.tif
save predicted frame269.tif
save predicted frame270.tif
save predicted frame271.tif
save predicted frame272.tif
save predicted frame273.tif
save predicted frame274.tif
save predicted frame275.tif
save predicted frame276.tif
save predicted frame277.tif
save predicted frame278.tif
save predicted frame279.tif
save predicted frame280.tif
save predicted frame281.tif
save predicted frame282.tif
save predicted frame283.tif
save predicted frame284.tif
save predicted frame285.tif
save predicted frame286.tif
save predicted frame287.tif
save predicted frame288.tif
save predicted frame289.tif
save predicted frame290.tif
save predicted frame291.tif
save predicted frame292.tif
save predicted frame293.tif
save predicted frame294.tif
save predicted frame295.tif
save predicted frame296.tif
save predicted frame297.tif
save predicted frame298.tif
save predicted frame299.tif
packed 2 packages already
packed 3 packages already
packed 4 packages already
packed 5 packages already
packed 6 packages already
packed 7 packages already
packed 8 packages already
packed 9 packages already
packed 10 packages already
packed 11 packages already
packed 12 packages already
packed 13 packages already
packed 14 packages already
packed 15 packages already
packed 16 packages already
packed 17 packages already
packed 18 packages already
packed 19 packages already
packed 20 packages already
packed 21 packages already
packed 22 packages already
packed 23 packages already
packed 24 packages already
packed 25 packages already
packed 26 packages already
packed 27 packages already
packed 28 packages already
packed 29 packages already
packed 30 packages already
packed 31 packages already
packed 32 packages already
packed 33 packages already
packed 34 packages already
packed 35 packages already
packed 36 packages already
packed 37 packages already
packed 38 packages already
packed 39 packages already
packed 40 packages already
packed 41 packages already
packed 42 packages already
packed 43 packages already
packed 44 packages already
packed 45 packages already
packed 46 packages already
packed 47 packages already
packed 48 packages already
packed 49 packages already
packed 50 packages already
packed 51 packages already
packed 52 packages already
packed 53 packages already
packed 54 packages already
packed 55 packages already
packed 56 packages already
packed 57 packages already
packed 58 packages already
packed 59 packages already
packed 60 packages already
packed 61 packages already
packed 62 packages already
packed 63 packages already
packed 64 packages already
packed 65 packages already
packed 66 packages already
packed 67 packages already
packed 68 packages already
packed 69 packages already
packed 70 packages already
packed 71 packages already
packed 72 packages already
packed 73 packages already
packed 74 packages already
packed 75 packages already
packed 76 packages already
packed 77 packages already
packed 78 packages already
packed 79 packages already
packed 80 packages already
packed 81 packages already
packed 82 packages already
packed 83 packages already
packed 84 packages already
packed 85 packages already
packed 86 packages already
packed 87 packages already
packed 88 packages already
packed 89 packages already
packed 90 packages already
packed 91 packages already
packed 92 packages already
packed 93 packages already
packed 94 packages already
packed 95 packages already
packed 96 packages already
packed 97 packages already
packed 98 packages already
packed 99 packages already
packed 100 packages already
packed 101 packages already
packed 102 packages already
packed 103 packages already
packed 104 packages already
packed 105 packages already
packed 106 packages already
packed 107 packages already
packed 108 packages already
packed 109 packages already
packed 110 packages already
packed 111 packages already
packed 112 packages already
packed 113 packages already
packed 114 packages already
packed 115 packages already
packed 116 packages already
packed 117 packages already
packed 118 packages already
packed 119 packages already
packed 120 packages already
packed 121 packages already
packed 122 packages already
packed 123 packages already
packed 124 packages already
packed 125 packages already
packed 126 packages already
packed 127 packages already
packed 128 packages already
packed 129 packages already
packed 130 packages already
packed 131 packages already
packed 132 packages already
packed 133 packages already
packed 134 packages already
packed 135 packages already
packed 136 packages already
packed 137 packages already
packed 138 packages already
packed 139 packages already
packed 140 packages already
packed 141 packages already
packed 142 packages already
packed 143 packages already
packed 144 packages already
packed 145 packages already
packed 146 packages already
packed 147 packages already
packed 148 packages already
packed 149 packages already
packed 150 packages already
packed 151 packages already
packed 152 packages already
packed 153 packages already
packed 154 packages already
packed 155 packages already
packed 156 packages already
packed 157 packages already
packed 158 packages already
packed 159 packages already
packed 160 packages already
packed 161 packages already
packed 162 packages already
packed 163 packages already
packed 164 packages already
packed 165 packages already
packed 166 packages already
packed 167 packages already
packed 168 packages already
packed 169 packages already
packed 170 packages already
packed 171 packages already
packed 172 packages already
packed 173 packages already
packed 174 packages already
packed 175 packages already
packed 176 packages already
packed 177 packages already
packed 178 packages already
packed 179 packages already
packed 180 packages already
packed 181 packages already
packed 182 packages already
packed 183 packages already
packed 184 packages already
packed 185 packages already
packed 186 packages already
packed 187 packages already
packed 188 packages already
packed 189 packages already
packed 190 packages already
packed 191 packages already
packed 192 packages already
packed 193 packages already
packed 194 packages already
packed 195 packages already
packed 196 packages already
packed 197 packages already
packed 198 packages already
packed 199 packages already
packed 200 packages already
packed 201 packages already
packed 202 packages already
packed 203 packages already
packed 204 packages already
packed 205 packages already
packed 206 packages already
packed 207 packages already
packed 208 packages already
packed 209 packages already
packed 210 packages already
packed 211 packages already
packed 212 packages already
packed 213 packages already
packed 214 packages already
packed 215 packages already
packed 216 packages already
packed 217 packages already
packed 218 packages already
packed 219 packages already
packed 220 packages already
packed 221 packages already
packed 222 packages already
packed 223 packages already
packed 224 packages already
packed 225 packages already
packed 226 packages already
packed 227 packages already
packed 228 packages already
packed 229 packages already
packed 230 packages already
packed 231 packages already
packed 232 packages already
packed 233 packages already
packed 234 packages already
packed 235 packages already
packed 236 packages already
packed 237 packages already
packed 238 packages already
packed 239 packages already
packed 240 packages already
packed 241 packages already
packed 242 packages already
packed 243 packages already
packed 244 packages already
packed 245 packages already
packed 246 packages already
packed 247 packages already
packed 248 packages already
packed 249 packages already
packed 250 packages already
packed 251 packages already
packed 252 packages already
packed 253 packages already
packed 254 packages already
packed 255 packages already
packed 256 packages already
packed 257 packages already
packed 258 packages already
packed 259 packages already
packed 260 packages already
packed 261 packages already
packed 262 packages already
packed 263 packages already
packed 264 packages already
packed 265 packages already
packed 266 packages already
packed 267 packages already
packed 268 packages already
packed 269 packages already
packed 270 packages already
packed 271 packages already
packed 272 packages already
packed 273 packages already
packed 274 packages already
packed 275 packages already
packed 276 packages already
packed 277 packages already
packed 278 packages already
packed 279 packages already
packed 280 packages already
packed 281 packages already
packed 282 packages already
packed 283 packages already
packed 284 packages already
packed 285 packages already
packed 286 packages already
packed 287 packages already
packed 288 packages already
packed 289 packages already
packed 290 packages already
packed 291 packages already
packed 292 packages already
packed 293 packages already
packed 294 packages already
packed 295 packages already
packed 296 packages already
packed 297 packages already
finish picking up prediction set!
prediction_set shape:  (296, 5, 352, 288, 1)
_________________________________________________________________
Layer (type)                 Output Shape              Param #   
=================================================================
conv3d_1 (Conv3D)            (None, 5, 352, 288, 32)   896       
_________________________________________________________________
conv3d_2 (Conv3D)            (None, 5, 352, 288, 32)   27680     
_________________________________________________________________
conv3d_3 (Conv3D)            (None, 5, 352, 288, 32)   27680     
_________________________________________________________________
conv3d_4 (Conv3D)            (None, 5, 352, 288, 32)   27680     
_________________________________________________________________
conv3d_5 (Conv3D)            (None, 5, 352, 288, 32)   27680     
_________________________________________________________________
conv3d_6 (Conv3D)            (None, 3, 350, 286, 32)   27680     
_________________________________________________________________
conv3d_7 (Conv3D)            (None, 1, 348, 284, 32)   27680     
_________________________________________________________________
reshape_1 (Reshape)          (None, 348, 284, 32)      0         
_________________________________________________________________
conv2d_4 (Conv2D)            (None, 348, 284, 1)       289       
=================================================================
Total params: 167,265
Trainable params: 167,265
Non-trainable params: 0
_________________________________________________________________
None
Train on 239 samples, validate on 27 samples
Epoch 1/200
 - 345s - loss: 36429.1769 - ssim_for2d: 0.0752 - psnr_for2d: 5.4658 - val_loss: 21452.7012 - val_ssim_for2d: 0.0087 - val_psnr_for2d: 4.8160
Epoch 2/200
 - 338s - loss: 18643.3855 - ssim_for2d: 0.0665 - psnr_for2d: 6.0358 - val_loss: 6612.5903 - val_ssim_for2d: 0.2065 - val_psnr_for2d: 9.9271
Epoch 3/200
 - 343s - loss: 4133.4281 - ssim_for2d: 0.2212 - psnr_for2d: 12.4817 - val_loss: 3090.1292 - val_ssim_for2d: 0.2187 - val_psnr_for2d: 13.2311
Epoch 4/200
 - 347s - loss: 2426.0193 - ssim_for2d: 0.2292 - psnr_for2d: 14.3799 - val_loss: 2164.3321 - val_ssim_for2d: 0.2266 - val_psnr_for2d: 14.7776
Epoch 5/200
 - 341s - loss: 1966.6444 - ssim_for2d: 0.2333 - psnr_for2d: 15.2076 - val_loss: 1869.3062 - val_ssim_for2d: 0.2326 - val_psnr_for2d: 15.4140
Epoch 6/200
 - 334s - loss: 1801.0520 - ssim_for2d: 0.2366 - psnr_for2d: 15.5771 - val_loss: 1698.8392 - val_ssim_for2d: 0.2361 - val_psnr_for2d: 15.8293
Epoch 7/200
 - 342s - loss: 1725.9382 - ssim_for2d: 0.2400 - psnr_for2d: 15.7608 - val_loss: 1659.2171 - val_ssim_for2d: 0.2380 - val_psnr_for2d: 15.9318
Epoch 8/200
 - 345s - loss: 1688.2610 - ssim_for2d: 0.2404 - psnr_for2d: 15.8566 - val_loss: 1636.0897 - val_ssim_for2d: 0.2375 - val_psnr_for2d: 15.9928
Epoch 9/200
 - 344s - loss: 1669.4039 - ssim_for2d: 0.2411 - psnr_for2d: 15.9054 - val_loss: 1618.5222 - val_ssim_for2d: 0.2399 - val_psnr_for2d: 16.0397
Epoch 10/200
 - 340s - loss: 1644.0841 - ssim_for2d: 0.2442 - psnr_for2d: 15.9718 - val_loss: 1587.4165 - val_ssim_for2d: 0.2431 - val_psnr_for2d: 16.1239
Epoch 11/200
 - 345s - loss: 1616.5108 - ssim_for2d: 0.2473 - psnr_for2d: 16.0452 - val_loss: 1570.8010 - val_ssim_for2d: 0.2458 - val_psnr_for2d: 16.1696
Epoch 12/200
 - 348s - loss: 1602.4124 - ssim_for2d: 0.2490 - psnr_for2d: 16.0833 - val_loss: 1559.5927 - val_ssim_for2d: 0.2470 - val_psnr_for2d: 16.2007
Epoch 13/200
 - 342s - loss: 1589.1112 - ssim_for2d: 0.2507 - psnr_for2d: 16.1195 - val_loss: 1550.1565 - val_ssim_for2d: 0.2501 - val_psnr_for2d: 16.2271
Epoch 14/200
 - 348s - loss: 1578.1207 - ssim_for2d: 0.2542 - psnr_for2d: 16.1496 - val_loss: 1542.9980 - val_ssim_for2d: 0.2551 - val_psnr_for2d: 16.2472
Epoch 15/200
 - 338s - loss: 1568.0262 - ssim_for2d: 0.2598 - psnr_for2d: 16.1775 - val_loss: 1524.9128 - val_ssim_for2d: 0.2630 - val_psnr_for2d: 16.2984
Epoch 16/200
 - 340s - loss: 1551.3306 - ssim_for2d: 0.2676 - psnr_for2d: 16.2240 - val_loss: 1506.0019 - val_ssim_for2d: 0.2737 - val_psnr_for2d: 16.3526
Epoch 17/200
 - 343s - loss: 1532.2250 - ssim_for2d: 0.2777 - psnr_for2d: 16.2778 - val_loss: 1487.5618 - val_ssim_for2d: 0.2846 - val_psnr_for2d: 16.4061
Epoch 18/200
 - 340s - loss: 1518.8591 - ssim_for2d: 0.2872 - psnr_for2d: 16.3160 - val_loss: 1500.5201 - val_ssim_for2d: 0.2948 - val_psnr_for2d: 16.3685
Epoch 19/200
 - 344s - loss: 1512.9756 - ssim_for2d: 0.2938 - psnr_for2d: 16.3330 - val_loss: 1453.3048 - val_ssim_for2d: 0.2988 - val_psnr_for2d: 16.5073
Epoch 20/200
 - 341s - loss: 1485.1102 - ssim_for2d: 0.2996 - psnr_for2d: 16.4135 - val_loss: 1447.0997 - val_ssim_for2d: 0.3029 - val_psnr_for2d: 16.5259
Epoch 21/200
 - 344s - loss: 1467.6511 - ssim_for2d: 0.3038 - psnr_for2d: 16.4649 - val_loss: 1431.9193 - val_ssim_for2d: 0.3066 - val_psnr_for2d: 16.5717
Epoch 22/200
 - 343s - loss: 1453.0411 - ssim_for2d: 0.3084 - psnr_for2d: 16.5083 - val_loss: 1421.2762 - val_ssim_for2d: 0.3093 - val_psnr_for2d: 16.6041
Epoch 23/200
 - 343s - loss: 1439.1826 - ssim_for2d: 0.3122 - psnr_for2d: 16.5499 - val_loss: 1412.7377 - val_ssim_for2d: 0.3129 - val_psnr_for2d: 16.6303
Epoch 24/200
 - 349s - loss: 1426.3990 - ssim_for2d: 0.3155 - psnr_for2d: 16.5886 - val_loss: 1404.6910 - val_ssim_for2d: 0.3144 - val_psnr_for2d: 16.6552
Epoch 25/200
 - 341s - loss: 1415.5429 - ssim_for2d: 0.3189 - psnr_for2d: 16.6218 - val_loss: 1405.9215 - val_ssim_for2d: 0.3152 - val_psnr_for2d: 16.6514
Epoch 26/200
 - 338s - loss: 1403.5936 - ssim_for2d: 0.3215 - psnr_for2d: 16.6587 - val_loss: 1387.6245 - val_ssim_for2d: 0.3198 - val_psnr_for2d: 16.7083
Epoch 27/200
 - 343s - loss: 1400.9721 - ssim_for2d: 0.3250 - psnr_for2d: 16.6669 - val_loss: 1382.4421 - val_ssim_for2d: 0.3199 - val_psnr_for2d: 16.7245
Epoch 28/200
 - 337s - loss: 1379.3008 - ssim_for2d: 0.3284 - psnr_for2d: 16.7345 - val_loss: 1373.1573 - val_ssim_for2d: 0.3240 - val_psnr_for2d: 16.7538
Epoch 29/200
 - 346s - loss: 1372.3380 - ssim_for2d: 0.3319 - psnr_for2d: 16.7565 - val_loss: 1371.4577 - val_ssim_for2d: 0.3243 - val_psnr_for2d: 16.7592
Epoch 30/200
 - 342s - loss: 1362.0738 - ssim_for2d: 0.3353 - psnr_for2d: 16.7892 - val_loss: 1354.6202 - val_ssim_for2d: 0.3278 - val_psnr_for2d: 16.8129
Epoch 31/200
 - 344s - loss: 1354.1576 - ssim_for2d: 0.3395 - psnr_for2d: 16.8145 - val_loss: 1339.4609 - val_ssim_for2d: 0.3315 - val_psnr_for2d: 16.8618
Epoch 32/200
 - 345s - loss: 1325.9388 - ssim_for2d: 0.3452 - psnr_for2d: 16.9059 - val_loss: 1335.7903 - val_ssim_for2d: 0.3323 - val_psnr_for2d: 16.8738
Epoch 33/200
 - 342s - loss: 1403.7664 - ssim_for2d: 0.3450 - psnr_for2d: 16.6653 - val_loss: 1418.3600 - val_ssim_for2d: 0.3329 - val_psnr_for2d: 16.6132
Epoch 34/200
 - 340s - loss: 1392.9254 - ssim_for2d: 0.3449 - psnr_for2d: 16.6943 - val_loss: 1377.6551 - val_ssim_for2d: 0.3333 - val_psnr_for2d: 16.7398
Epoch 35/200
 - 337s - loss: 1334.1468 - ssim_for2d: 0.3482 - psnr_for2d: 16.8795 - val_loss: 1434.5816 - val_ssim_for2d: 0.3364 - val_psnr_for2d: 16.5639
Epoch 36/200
 - 346s - loss: 8159.2076 - ssim_for2d: 0.2492 - psnr_for2d: 11.2007 - val_loss: 5010.9321 - val_ssim_for2d: 0.0955 - val_psnr_for2d: 11.1316
Epoch 37/200
 - 339s - loss: 20605.8348 - ssim_for2d: 0.0199 - psnr_for2d: 5.3834 - val_loss: 22160.6920 - val_ssim_for2d: 1.8668e-04 - val_psnr_for2d: 4.6750
Epoch 38/200
 - 339s - loss: 24752.6211 - ssim_for2d: 2.1813e-04 - psnr_for2d: 4.1987 - val_loss: 22152.4801 - val_ssim_for2d: 2.9001e-04 - val_psnr_for2d: 4.6766
Epoch 39/200
 - 341s - loss: 24743.3888 - ssim_for2d: 3.2334e-04 - psnr_for2d: 4.2003 - val_loss: 22143.5728 - val_ssim_for2d: 4.0179e-04 - val_psnr_for2d: 4.6783
Epoch 40/200
 - 343s - loss: 24734.1417 - ssim_for2d: 4.2879e-04 - psnr_for2d: 4.2019 - val_loss: 22135.1134 - val_ssim_for2d: 5.0823e-04 - val_psnr_for2d: 4.6800
Epoch 41/200
 - 341s - loss: 24725.4413 - ssim_for2d: 5.2791e-04 - psnr_for2d: 4.2035 - val_loss: 22127.1915 - val_ssim_for2d: 6.0774e-04 - val_psnr_for2d: 4.6815
Epoch 42/200
 - 342s - loss: 24717.2949 - ssim_for2d: 6.2076e-04 - psnr_for2d: 4.2049 - val_loss: 22119.7579 - val_ssim_for2d: 7.0124e-04 - val_psnr_for2d: 4.6830
Epoch 43/200
 - 339s - loss: 24709.6218 - ssim_for2d: 7.0834e-04 - psnr_for2d: 4.2063 - val_loss: 22112.7139 - val_ssim_for2d: 7.8977e-04 - val_psnr_for2d: 4.6844
Epoch 44/200
 - 341s - loss: 24702.3205 - ssim_for2d: 7.9137e-04 - psnr_for2d: 4.2075 - val_loss: 22106.0118 - val_ssim_for2d: 8.7410e-04 - val_psnr_for2d: 4.6857
Epoch 45/200
 - 340s - loss: 24695.3540 - ssim_for2d: 8.7089e-04 - psnr_for2d: 4.2088 - val_loss: 22099.5757 - val_ssim_for2d: 9.5503e-04 - val_psnr_for2d: 4.6870
Epoch 46/200
 - 334s - loss: 24688.6642 - ssim_for2d: 9.4730e-04 - psnr_for2d: 4.2099 - val_loss: 22093.3882 - val_ssim_for2d: 0.0010 - val_psnr_for2d: 4.6882
Epoch 47/200
 - 340s - loss: 24682.1897 - ssim_for2d: 0.0010 - psnr_for2d: 4.2111 - val_loss: 22087.3824 - val_ssim_for2d: 0.0011 - val_psnr_for2d: 4.6894
Epoch 48/200
 - 340s - loss: 24675.9232 - ssim_for2d: 0.0011 - psnr_for2d: 4.2122 - val_loss: 22081.5782 - val_ssim_for2d: 0.0012 - val_psnr_for2d: 4.6905
Epoch 49/200
 - 332s - loss: 24669.8379 - ssim_for2d: 0.0012 - psnr_for2d: 4.2133 - val_loss: 22075.9287 - val_ssim_for2d: 0.0013 - val_psnr_for2d: 4.6916
Epoch 50/200
 - 340s - loss: 24663.9073 - ssim_for2d: 0.0012 - psnr_for2d: 4.2143 - val_loss: 22070.3814 - val_ssim_for2d: 0.0013 - val_psnr_for2d: 4.6927
Epoch 51/200
 - 339s - loss: 24658.1117 - ssim_for2d: 0.0013 - psnr_for2d: 4.2153 - val_loss: 22064.9907 - val_ssim_for2d: 0.0014 - val_psnr_for2d: 4.6938
Epoch 52/200
 - 335s - loss: 24652.4388 - ssim_for2d: 0.0014 - psnr_for2d: 4.2163 - val_loss: 22059.7022 - val_ssim_for2d: 0.0015 - val_psnr_for2d: 4.6948
Epoch 53/200
 - 345s - loss: 24646.8859 - ssim_for2d: 0.0014 - psnr_for2d: 4.2173 - val_loss: 22054.5030 - val_ssim_for2d: 0.0015 - val_psnr_for2d: 4.6958
Epoch 54/200
 - 344s - loss: 24641.4290 - ssim_for2d: 0.0015 - psnr_for2d: 4.2183 - val_loss: 22049.4023 - val_ssim_for2d: 0.0016 - val_psnr_for2d: 4.6968
Epoch 55/200
 - 339s - loss: 24636.0656 - ssim_for2d: 0.0015 - psnr_for2d: 4.2192 - val_loss: 22044.3843 - val_ssim_for2d: 0.0016 - val_psnr_for2d: 4.6978
Epoch 56/200
 - 342s - loss: 24630.7933 - ssim_for2d: 0.0016 - psnr_for2d: 4.2201 - val_loss: 22039.4331 - val_ssim_for2d: 0.0017 - val_psnr_for2d: 4.6988
Epoch 57/200
 - 332s - loss: 24625.5929 - ssim_for2d: 0.0017 - psnr_for2d: 4.2211 - val_loss: 22034.5679 - val_ssim_for2d: 0.0018 - val_psnr_for2d: 4.6998
Epoch 58/200
 - 335s - loss: 24620.4618 - ssim_for2d: 0.0017 - psnr_for2d: 4.2220 - val_loss: 22029.8042 - val_ssim_for2d: 0.0018 - val_psnr_for2d: 4.7007
Epoch 59/200
 - 335s - loss: 24615.4108 - ssim_for2d: 0.0018 - psnr_for2d: 4.2229 - val_loss: 22025.0605 - val_ssim_for2d: 0.0019 - val_psnr_for2d: 4.7016
Epoch 60/200
 - 333s - loss: 24610.4138 - ssim_for2d: 0.0018 - psnr_for2d: 4.2237 - val_loss: 22020.3809 - val_ssim_for2d: 0.0020 - val_psnr_for2d: 4.7026
Epoch 61/200
 - 340s - loss: 24605.4729 - ssim_for2d: 0.0019 - psnr_for2d: 4.2246 - val_loss: 22015.7241 - val_ssim_for2d: 0.0020 - val_psnr_for2d: 4.7035
Epoch 62/200
 - 341s - loss: 24600.5909 - ssim_for2d: 0.0020 - psnr_for2d: 4.2255 - val_loss: 22011.1469 - val_ssim_for2d: 0.0021 - val_psnr_for2d: 4.7044
Epoch 63/200
 - 335s - loss: 24595.7624 - ssim_for2d: 0.0020 - psnr_for2d: 4.2263 - val_loss: 22006.6201 - val_ssim_for2d: 0.0021 - val_psnr_for2d: 4.7053
Epoch 64/200
 - 328s - loss: 24590.9722 - ssim_for2d: 0.0021 - psnr_for2d: 4.2272 - val_loss: 22002.1167 - val_ssim_for2d: 0.0022 - val_psnr_for2d: 4.7062
Epoch 65/200
 - 337s - loss: 24586.2336 - ssim_for2d: 0.0021 - psnr_for2d: 4.2280 - val_loss: 21997.6655 - val_ssim_for2d: 0.0022 - val_psnr_for2d: 4.7070
Epoch 66/200
 - 340s - loss: 24581.5371 - ssim_for2d: 0.0022 - psnr_for2d: 4.2288 - val_loss: 21993.2778 - val_ssim_for2d: 0.0023 - val_psnr_for2d: 4.7079
Epoch 67/200
 - 338s - loss: 24576.8804 - ssim_for2d: 0.0022 - psnr_for2d: 4.2297 - val_loss: 21988.8818 - val_ssim_for2d: 0.0023 - val_psnr_for2d: 4.7088
Epoch 68/200
 - 334s - loss: 24572.2621 - ssim_for2d: 0.0023 - psnr_for2d: 4.2305 - val_loss: 21984.5459 - val_ssim_for2d: 0.0024 - val_psnr_for2d: 4.7096
Epoch 69/200
 - 337s - loss: 24567.6671 - ssim_for2d: 0.0023 - psnr_for2d: 4.2313 - val_loss: 21980.2309 - val_ssim_for2d: 0.0025 - val_psnr_for2d: 4.7105
Epoch 70/200
 - 334s - loss: 24563.1300 - ssim_for2d: 0.0024 - psnr_for2d: 4.2321 - val_loss: 21975.9687 - val_ssim_for2d: 0.0025 - val_psnr_for2d: 4.7113
Epoch 71/200
 - 336s - loss: 24558.6058 - ssim_for2d: 0.0024 - psnr_for2d: 4.2329 - val_loss: 21971.7031 - val_ssim_for2d: 0.0026 - val_psnr_for2d: 4.7122
Epoch 72/200
 - 338s - loss: 24554.1223 - ssim_for2d: 0.0025 - psnr_for2d: 4.2337 - val_loss: 21967.4960 - val_ssim_for2d: 0.0026 - val_psnr_for2d: 4.7130
Epoch 73/200
 - 329s - loss: 24549.6636 - ssim_for2d: 0.0025 - psnr_for2d: 4.2345 - val_loss: 21963.3002 - val_ssim_for2d: 0.0027 - val_psnr_for2d: 4.7138
Epoch 74/200
 - 337s - loss: 24545.2353 - ssim_for2d: 0.0026 - psnr_for2d: 4.2353 - val_loss: 21959.1484 - val_ssim_for2d: 0.0027 - val_psnr_for2d: 4.7147
Epoch 75/200
 - 336s - loss: 24540.8319 - ssim_for2d: 0.0026 - psnr_for2d: 4.2360 - val_loss: 21954.9980 - val_ssim_for2d: 0.0028 - val_psnr_for2d: 4.7155
Epoch 76/200
 - 330s - loss: 24536.4571 - ssim_for2d: 0.0027 - psnr_for2d: 4.2368 - val_loss: 21950.8817 - val_ssim_for2d: 0.0028 - val_psnr_for2d: 4.7163
Epoch 77/200
 - 340s - loss: 24532.1010 - ssim_for2d: 0.0027 - psnr_for2d: 4.2376 - val_loss: 21946.7807 - val_ssim_for2d: 0.0029 - val_psnr_for2d: 4.7171
Epoch 78/200
 - 337s - loss: 24527.7712 - ssim_for2d: 0.0028 - psnr_for2d: 4.2384 - val_loss: 21942.6908 - val_ssim_for2d: 0.0029 - val_psnr_for2d: 4.7179
Epoch 79/200
 - 339s - loss: 24523.4638 - ssim_for2d: 0.0028 - psnr_for2d: 4.2391 - val_loss: 21938.6459 - val_ssim_for2d: 0.0030 - val_psnr_for2d: 4.7187
Epoch 80/200
 - 336s - loss: 24519.1680 - ssim_for2d: 0.0029 - psnr_for2d: 4.2399 - val_loss: 21934.6376 - val_ssim_for2d: 0.0030 - val_psnr_for2d: 4.7195
Epoch 81/200
 - 336s - loss: 24514.9096 - ssim_for2d: 0.0029 - psnr_for2d: 4.2406 - val_loss: 21930.6122 - val_ssim_for2d: 0.0031 - val_psnr_for2d: 4.7203
Epoch 82/200
 - 339s - loss: 24510.6668 - ssim_for2d: 0.0030 - psnr_for2d: 4.2414 - val_loss: 21926.6200 - val_ssim_for2d: 0.0031 - val_psnr_for2d: 4.7211
Epoch 83/200
 - 344s - loss: 24506.4327 - ssim_for2d: 0.0030 - psnr_for2d: 4.2421 - val_loss: 21922.6303 - val_ssim_for2d: 0.0032 - val_psnr_for2d: 4.7219
Epoch 84/200
 - 343s - loss: 24502.2327 - ssim_for2d: 0.0031 - psnr_for2d: 4.2429 - val_loss: 21918.6605 - val_ssim_for2d: 0.0032 - val_psnr_for2d: 4.7227
Epoch 85/200
 - 339s - loss: 24498.0355 - ssim_for2d: 0.0031 - psnr_for2d: 4.2436 - val_loss: 21914.7333 - val_ssim_for2d: 0.0033 - val_psnr_for2d: 4.7234
Epoch 86/200
 - 340s - loss: 24493.8629 - ssim_for2d: 0.0032 - psnr_for2d: 4.2444 - val_loss: 21910.7816 - val_ssim_for2d: 0.0033 - val_psnr_for2d: 4.7242
Epoch 87/200
 - 340s - loss: 24489.7081 - ssim_for2d: 0.0032 - psnr_for2d: 4.2451 - val_loss: 21906.8929 - val_ssim_for2d: 0.0034 - val_psnr_for2d: 4.7250
Epoch 88/200
 - 343s - loss: 24485.5668 - ssim_for2d: 0.0033 - psnr_for2d: 4.2458 - val_loss: 21902.9730 - val_ssim_for2d: 0.0034 - val_psnr_for2d: 4.7258
Epoch 89/200
 - 339s - loss: 24481.4361 - ssim_for2d: 0.0033 - psnr_for2d: 4.2466 - val_loss: 21899.0922 - val_ssim_for2d: 0.0035 - val_psnr_for2d: 4.7265
Epoch 90/200
 - 340s - loss: 24477.3271 - ssim_for2d: 0.0034 - psnr_for2d: 4.2473 - val_loss: 21895.2211 - val_ssim_for2d: 0.0035 - val_psnr_for2d: 4.7273
Epoch 91/200
 - 345s - loss: 24473.2276 - ssim_for2d: 0.0034 - psnr_for2d: 4.2480 - val_loss: 21891.4242 - val_ssim_for2d: 0.0036 - val_psnr_for2d: 4.7281
Epoch 92/200
 - 342s - loss: 24469.1394 - ssim_for2d: 0.0035 - psnr_for2d: 4.2488 - val_loss: 21887.5140 - val_ssim_for2d: 0.0036 - val_psnr_for2d: 4.7288
Epoch 93/200
 - 350s - loss: 24465.0769 - ssim_for2d: 0.0035 - psnr_for2d: 4.2495 - val_loss: 21883.6698 - val_ssim_for2d: 0.0037 - val_psnr_for2d: 4.7296
Epoch 94/200
 - 339s - loss: 24461.0197 - ssim_for2d: 0.0036 - psnr_for2d: 4.2502 - val_loss: 21879.8729 - val_ssim_for2d: 0.0037 - val_psnr_for2d: 4.7304
Epoch 95/200
 - 337s - loss: 24456.9696 - ssim_for2d: 0.0036 - psnr_for2d: 4.2509 - val_loss: 21876.0492 - val_ssim_for2d: 0.0038 - val_psnr_for2d: 4.7311
Epoch 96/200
 - 344s - loss: 24452.9385 - ssim_for2d: 0.0036 - psnr_for2d: 4.2516 - val_loss: 21872.2640 - val_ssim_for2d: 0.0038 - val_psnr_for2d: 4.7319
Epoch 97/200
 - 338s - loss: 24448.9205 - ssim_for2d: 0.0037 - psnr_for2d: 4.2524 - val_loss: 21868.4622 - val_ssim_for2d: 0.0039 - val_psnr_for2d: 4.7326
Epoch 98/200
 - 337s - loss: 24444.9075 - ssim_for2d: 0.0037 - psnr_for2d: 4.2531 - val_loss: 21864.6913 - val_ssim_for2d: 0.0039 - val_psnr_for2d: 4.7334
Epoch 99/200
 - 341s - loss: 24440.9135 - ssim_for2d: 0.0038 - psnr_for2d: 4.2538 - val_loss: 21860.9217 - val_ssim_for2d: 0.0040 - val_psnr_for2d: 4.7341
Epoch 100/200
 - 343s - loss: 24436.9200 - ssim_for2d: 0.0038 - psnr_for2d: 4.2545 - val_loss: 21857.1805 - val_ssim_for2d: 0.0040 - val_psnr_for2d: 4.7349
Epoch 101/200
 - 341s - loss: 24432.9438 - ssim_for2d: 0.0039 - psnr_for2d: 4.2552 - val_loss: 21853.4285 - val_ssim_for2d: 0.0041 - val_psnr_for2d: 4.7356
Epoch 102/200
 - 343s - loss: 24428.9782 - ssim_for2d: 0.0039 - psnr_for2d: 4.2559 - val_loss: 21849.6902 - val_ssim_for2d: 0.0041 - val_psnr_for2d: 4.7364
Epoch 103/200
 - 346s - loss: 24425.0179 - ssim_for2d: 0.0040 - psnr_for2d: 4.2566 - val_loss: 21845.9612 - val_ssim_for2d: 0.0042 - val_psnr_for2d: 4.7371
Epoch 104/200
 - 344s - loss: 24421.0755 - ssim_for2d: 0.0040 - psnr_for2d: 4.2573 - val_loss: 21842.2425 - val_ssim_for2d: 0.0042 - val_psnr_for2d: 4.7378
Epoch 105/200
 - 335s - loss: 24417.1316 - ssim_for2d: 0.0041 - psnr_for2d: 4.2580 - val_loss: 21838.5271 - val_ssim_for2d: 0.0043 - val_psnr_for2d: 4.7386
Epoch 106/200
 - 343s - loss: 24413.2035 - ssim_for2d: 0.0041 - psnr_for2d: 4.2587 - val_loss: 21834.8279 - val_ssim_for2d: 0.0043 - val_psnr_for2d: 4.7393
Epoch 107/200
 - 341s - loss: 24409.2830 - ssim_for2d: 0.0041 - psnr_for2d: 4.2594 - val_loss: 21831.1258 - val_ssim_for2d: 0.0043 - val_psnr_for2d: 4.7400
Epoch 108/200
 - 341s - loss: 24405.3734 - ssim_for2d: 0.0042 - psnr_for2d: 4.2601 - val_loss: 21827.4417 - val_ssim_for2d: 0.0044 - val_psnr_for2d: 4.7408
slurmstepd: error: *** JOB 6026838 ON r348 CANCELLED AT 2019-07-12T16:14:47 ***
